25/05/2008 03:04:46 p.m. Iluvatar de asd es expulsado en validar permanencia
25/05/2008 03:04:46 p.m. Iluvatar de asd SI provoca cambio de alinaecion. MAXANT:Falso, GUILDFOU:Verdadero
27/06/2008 10:43:43 p.m. Iluvatar de clanlegal es expulsado en validar permanencia
27/06/2008 10:43:43 p.m. Iluvatar de clanlegal SI provoca cambio de alinaecion. MAXANT:Falso, GUILDFOU:Verdadero
11/09/2009 20:54:45 Iluvatar de Legion es expulsado en validar permanencia
11/09/2009 20:54:45 Iluvatar de Legion NO provoca cambio de alinaecion. MAXANT:Falso, GUILDFOU:Verdadero
11/09/2009 22:01:33 Iluvatar de Legion es expulsado en validar permanencia
11/09/2009 22:01:33 Iluvatar de Legion NO provoca cambio de alinaecion. MAXANT:Falso, GUILDFOU:Verdadero
11/09/2009 22:02:05 Iluvatar de Legion es expulsado en validar permanencia
11/09/2009 22:02:05 Iluvatar de Legion NO provoca cambio de alinaecion. MAXANT:Falso, GUILDFOU:Verdadero
11/09/2009 22:02:37 Iluvatar de Legion es expulsado en validar permanencia
11/09/2009 22:02:37 Iluvatar de Legion NO provoca cambio de alinaecion. MAXANT:Falso, GUILDFOU:Verdadero
11/09/2009 22:03:48 Iluvatar de Legion es expulsado en validar permanencia
11/09/2009 22:03:48 Iluvatar de Legion NO provoca cambio de alinaecion. MAXANT:Falso, GUILDFOU:Verdadero
11/09/2009 22:08:23 Iluvatar de Legion es expulsado en validar permanencia
11/09/2009 22:08:23 Iluvatar de Legion NO provoca cambio de alinaecion. MAXANT:Falso, GUILDFOU:Verdadero
11/09/2009 22:08:36 Iluvatar de Legion es expulsado en validar permanencia
11/09/2009 22:08:36 Iluvatar de Legion NO provoca cambio de alinaecion. MAXANT:Falso, GUILDFOU:Verdadero
11/09/2009 22:08:36 ILUVATAR ha sido expulsado de Legion Expulsador = -1
11/09/2009 22:14:24 Iluvatar de Prueba es expulsado en validar permanencia
11/09/2009 22:14:24 Iluvatar de Prueba NO provoca cambio de alinaecion. MAXANT:Falso, GUILDFOU:Verdadero
11/09/2009 22:16:05 Iluvatar de Prueba es expulsado en validar permanencia
11/09/2009 22:16:05 Iluvatar de Prueba NO provoca cambio de alinaecion. MAXANT:Falso, GUILDFOU:Verdadero
11/09/2009 22:29:32 Iluvatar de Prueba es expulsado en validar permanencia
11/09/2009 22:29:32 Iluvatar de Prueba NO provoca cambio de alinaecion. MAXANT:Falso, GUILDFOU:Verdadero
11/09/2009 22:29:32 ILUVATAR ha sido expulsado de Prueba Expulsador = -1
12/09/2009 17:30:54 Iluvatar de Prueba es expulsado en validar permanencia
12/09/2009 17:30:54 Iluvatar de Prueba NO provoca cambio de alinaecion. MAXANT:Falso, GUILDFOU:Verdadero
12/09/2009 17:31:19 Iluvatar de Prueba es expulsado en validar permanencia
12/09/2009 17:31:19 Iluvatar de Prueba NO provoca cambio de alinaecion. MAXANT:Falso, GUILDFOU:Verdadero
12/09/2009 17:31:19 ILUVATAR ha sido expulsado de Prueba Expulsador = -1
12/09/2009 17:33:18 Iluvatar de prueba es expulsado en validar permanencia
12/09/2009 17:33:18 Iluvatar de prueba NO provoca cambio de alinaecion. MAXANT:Falso, GUILDFOU:Verdadero
12/09/2009 17:33:56 Iluvatar de prueba es expulsado en validar permanencia
12/09/2009 17:33:56 Iluvatar de prueba NO provoca cambio de alinaecion. MAXANT:Falso, GUILDFOU:Verdadero
12/09/2009 17:35:04 ILUVATAR ha sido expulsado de prueba Expulsador = -1
12/09/2009 17:44:36 Iluvatar de asd es expulsado en validar permanencia
12/09/2009 17:44:36 Iluvatar de asd NO provoca cambio de alinaecion. MAXANT:Falso, GUILDFOU:Falso
12/09/2009 17:44:36 ILUVATAR ha sido expulsado de asd Expulsador = -1
12/09/2009 17:45:25 Iluvatar de d es expulsado en validar permanencia
12/09/2009 17:45:25 Iluvatar de d NO provoca cambio de alinaecion. MAXANT:Falso, GUILDFOU:Falso
12/09/2009 18:08:10 Iluvatar de prueba es expulsado en validar permanencia
12/09/2009 18:08:10 Iluvatar de prueba NO provoca cambio de alinaecion. MAXANT:Falso, GUILDFOU:Verdadero
12/09/2009 18:08:31 Iluvatar de prueba es expulsado en validar permanencia
12/09/2009 18:08:31 Iluvatar de prueba NO provoca cambio de alinaecion. MAXANT:Falso, GUILDFOU:Verdadero
12/09/2009 18:08:40 Iluvatar de prueba es expulsado en validar permanencia
12/09/2009 18:08:40 Iluvatar de prueba NO provoca cambio de alinaecion. MAXANT:Falso, GUILDFOU:Verdadero
12/09/2009 18:08:47 Iluvatar de prueba es expulsado en validar permanencia
12/09/2009 18:08:47 Iluvatar de prueba NO provoca cambio de alinaecion. MAXANT:Falso, GUILDFOU:Verdadero
12/09/2009 18:09:05 Iluvatar de prueba es expulsado en validar permanencia
12/09/2009 18:09:05 Iluvatar de prueba NO provoca cambio de alinaecion. MAXANT:Falso, GUILDFOU:Verdadero
12/09/2009 18:09:09 Iluvatar de prueba es expulsado en validar permanencia
12/09/2009 18:09:09 Iluvatar de prueba NO provoca cambio de alinaecion. MAXANT:Falso, GUILDFOU:Verdadero
12/09/2009 18:10:06 Iluvatar de prueba es expulsado en validar permanencia
12/09/2009 18:10:06 Iluvatar de prueba NO provoca cambio de alinaecion. MAXANT:Falso, GUILDFOU:Verdadero
12/09/2009 18:10:11 Iluvatar de prueba es expulsado en validar permanencia
12/09/2009 18:10:11 Iluvatar de prueba NO provoca cambio de alinaecion. MAXANT:Falso, GUILDFOU:Verdadero
12/09/2009 18:10:41 Iluvatar de prueba es expulsado en validar permanencia
12/09/2009 18:10:41 Iluvatar de prueba NO provoca cambio de alinaecion. MAXANT:Falso, GUILDFOU:Verdadero
12/09/2009 18:10:51 Iluvatar de prueba es expulsado en validar permanencia
12/09/2009 18:10:51 Iluvatar de prueba NO provoca cambio de alinaecion. MAXANT:Falso, GUILDFOU:Verdadero
12/09/2009 18:11:06 Iluvatar de prueba es expulsado en validar permanencia
12/09/2009 18:11:06 Iluvatar de prueba NO provoca cambio de alinaecion. MAXANT:Falso, GUILDFOU:Verdadero
12/09/2009 18:11:43 Iluvatar de prueba es expulsado en validar permanencia
12/09/2009 18:11:43 Iluvatar de prueba NO provoca cambio de alinaecion. MAXANT:Falso, GUILDFOU:Verdadero
12/09/2009 18:13:01 Iluvatar de prueba es expulsado en validar permanencia
12/09/2009 18:13:01 Iluvatar de prueba NO provoca cambio de alinaecion. MAXANT:Falso, GUILDFOU:Verdadero
12/09/2009 18:13:21 Iluvatar de prueba es expulsado en validar permanencia
12/09/2009 18:13:21 Iluvatar de prueba NO provoca cambio de alinaecion. MAXANT:Falso, GUILDFOU:Verdadero
