06/02/2007 12:40:34 a.m. Se conecto con ip:5.74.190.65
06/02/2007 12:40:56 a.m. Mensaje a Gms:buaaa
06/02/2007 12:42:14 a.m. /CI: 360
06/02/2007 12:42:15 a.m. Agarro:100 Objeto:Armadura de Cazador
06/02/2007 12:42:52 a.m. /CI: 20
06/02/2007 12:43:00 a.m. /DEST
06/02/2007 12:43:32 a.m. /IRA iluvatar Mapa:1 X:67 Y:49
06/02/2007 12:44:14 a.m. Transportó a CrimeD hacia Mapa1 X:71 Y:44
06/02/2007 12:44:21 a.m. /IRA iluvatar Mapa:1 X:83 Y:34
06/02/2007 12:44:51 a.m. Transportó a CrimeD hacia Mapa1 X:82 Y:34
06/02/2007 12:44:56 a.m. /MATA NPC SIN INICIAR
06/02/2007 12:45:02 a.m. /MATA NPC SIN INICIAR
06/02/2007 12:45:07 a.m. /MATA NPC SIN INICIAR
06/02/2007 12:45:28 a.m. /LLUVIA
06/02/2007 12:46:13 a.m. /MOD BODY 120  CrimeD
06/02/2007 12:46:58 a.m. /MOD BODY 12  CrimeD
06/02/2007 12:47:19 a.m. /MOD HEAD 0  CrimeD
06/02/2007 12:47:59 a.m. /MOD BODY 22  CrimeD
06/02/2007 12:48:06 a.m. /MOD HEAD 12  CrimeD
06/02/2007 12:48:22 a.m. /MOD BODY 32  CrimeD
06/02/2007 12:48:52 a.m. /MOD BODY 1  CrimeD
06/02/2007 12:48:59 a.m. /MOD BODY 123  CrimeD
06/02/2007 12:49:35 a.m. /CI: 343
06/02/2007 12:49:37 a.m. Agarro:100 Objeto:Llave Banderbill Casa Nro 15
06/02/2007 12:49:44 a.m. Tiro cantidad:100 Objeto:Llave Banderbill Casa Nro 15
06/02/2007 12:49:46 a.m. /DEST
06/02/2007 12:49:51 a.m. /CI: 345
06/02/2007 12:49:54 a.m. /DEST
06/02/2007 12:50:13 a.m. /CI: 422
06/02/2007 12:50:20 a.m. /DEST
24/01/2008 10:42:04 p.m. Se conecto con ip:5.152.113.125
24/01/2008 10:42:16 p.m. /IRA iluvatar Mapa:71 X:45 Y:56
24/01/2008 10:42:53 p.m. Transportó a CRIMED hacia Mapa71 X:64 Y:67
24/01/2008 10:42:59 p.m. Transportó a CRIMED hacia Mapa71 X:66 Y:72
24/01/2008 10:43:21 p.m. Transportó a CRIMED hacia Mapa71 X:64 Y:56
24/01/2008 10:43:53 p.m. Transportó a CRIMED hacia Mapa71 X:50 Y:63
24/01/2008 10:43:57 p.m. Transportó a CRIMED hacia Mapa71 X:45 Y:69
24/01/2008 10:44:08 p.m. Transportó a CRIMED hacia Mapa71 X:16 Y:65
24/01/2008 10:44:13 p.m. Transportó a CRIMED hacia Mapa71 X:19 Y:71
24/01/2008 10:44:34 p.m. /CI: 998
24/01/2008 10:45:04 p.m. /CI: 992
24/01/2008 10:45:55 p.m. Tiro cantidad:1 Objeto:Vestimentas Comunes (Newbie)
24/01/2008 10:45:57 p.m. Agarro:1 Objeto:Vestimentas Comunes (Newbie)
24/01/2008 10:46:26 p.m. Se conecto con ip:5.152.113.125
24/01/2008 10:53:39 p.m. Agarro:1 Objeto:Armadura dorada (E/G)
24/01/2008 10:53:51 p.m. /MOD CLASE guerrero  CrimeD
24/01/2008 10:54:49 p.m. /MOD BODY 406  CrimeD
24/01/2008 10:55:32 p.m. /CI: 999
24/01/2008 10:55:37 p.m. /DEST
24/01/2008 10:56:04 p.m. /MOD BODY 410  CrimeD
24/01/2008 10:56:17 p.m. /MOD BODY 409  CrimeD
24/01/2008 10:56:30 p.m. Transportó a CrimeD hacia Mapa1 X:50 Y:50
24/01/2008 10:56:58 p.m. Transportó a CrimeD hacia Mapa20 X:30 Y:30
24/01/2008 10:57:11 p.m. /LLUVIA
24/01/2008 10:58:05 p.m. /CI: 1004
24/01/2008 10:58:15 p.m. /DEST
24/01/2008 10:58:19 p.m. /CI: 1002
24/01/2008 10:58:26 p.m. /DEST
24/01/2008 10:58:41 p.m. /CI: 1007
24/01/2008 10:58:44 p.m. Agarro:100 Objeto:Casco Oscuro
24/01/2008 10:58:55 p.m. Tiro cantidad:100 Objeto:Casco Oscuro
24/01/2008 10:58:57 p.m. Agarro:100 Objeto:Casco Oscuro
24/01/2008 10:59:12 p.m. /CI: 1009
24/01/2008 10:59:19 p.m. /CI: 1005
24/01/2008 10:59:22 p.m. Agarro:100 Objeto:Arco de Hielo
24/01/2008 10:59:38 p.m. /CI: 1000
24/01/2008 10:59:47 p.m. /DEST
24/01/2008 10:59:52 p.m. /CI: 1001
24/01/2008 11:00:01 p.m. /DEST
24/01/2008 11:00:06 p.m. /CI: 992
24/01/2008 11:00:10 p.m. /DEST
24/01/2008 11:00:16 p.m. /CI: 991
24/01/2008 11:00:22 p.m. /DEST
24/01/2008 11:00:28 p.m. /CI: 990
24/01/2008 11:00:33 p.m. /DEST
24/01/2008 11:00:38 p.m. /CI: 997
24/01/2008 11:00:52 p.m. /DEST
24/01/2008 11:01:01 p.m. /CI: 1002
24/01/2008 11:01:05 p.m. /DEST
24/01/2008 11:01:11 p.m. /CI: 1004
24/01/2008 11:01:16 p.m. /DEST
24/01/2008 11:01:21 p.m. /CI: 1005
24/01/2008 11:01:28 p.m. /CI: 1006
24/01/2008 11:01:31 p.m. Agarro:100 Objeto:Casco de Oro
24/01/2008 11:01:38 p.m. Agarro:100 Objeto:Arco de Hielo
24/01/2008 11:01:43 p.m. /CI: 1006
24/01/2008 11:01:45 p.m. Agarro:100 Objeto:Casco de Oro
24/01/2008 11:01:48 p.m. /CI: 1007
24/01/2008 11:01:50 p.m. Agarro:100 Objeto:Casco Oscuro
24/01/2008 11:01:53 p.m. /CI: 1008
24/01/2008 11:01:54 p.m. Agarro:100 Objeto:Corona
24/01/2008 11:02:06 p.m. /CI: 1008
24/01/2008 11:02:07 p.m. Agarro:100 Objeto:Corona
24/01/2008 11:02:11 p.m. /CI: 1009
24/01/2008 11:02:19 p.m. /CI: 994
24/01/2008 11:02:20 p.m. Agarro:100 Objeto:Armadura dorada (E/G)
24/01/2008 11:02:29 p.m. /CI: 997
24/01/2008 11:02:33 p.m. /DEST
24/01/2008 11:02:48 p.m. /MOD HEAD 12  CrimeD
24/01/2008 11:02:52 p.m. /MOD HEAD 11  CrimeD
24/01/2008 11:03:01 p.m. /CI: 324
24/01/2008 11:03:04 p.m. /DEST
24/01/2008 11:24:35 p.m. Se conecto con ip:5.152.113.125
24/01/2008 11:24:47 p.m. Sumoneo Esqueleto
24/01/2008 11:25:27 p.m. /CI: 120
24/01/2008 11:25:32 p.m. /DEST
24/01/2008 11:25:39 p.m. /CI: 462
24/01/2008 11:25:42 p.m. Agarro:100 Objeto:Poción Verde (Newbie)
24/01/2008 11:26:30 p.m. Agarro:8 Objeto:Monedas de Oro
24/01/2008 11:26:51 p.m. Sumoneo Dragón Rojo
24/01/2008 11:27:05 p.m. /MATA NPC SIN INICIAR
26/01/2008 03:12:21 p.m. Se conecto con ip:5.152.113.125
26/01/2008 03:12:22 p.m. Se conecto con ip:5.152.113.125
26/01/2008 03:13:23 p.m. /LLUVIA
26/01/2008 03:15:06 p.m. Se conecto con ip:5.152.113.125
26/01/2008 03:15:12 p.m. Se conecto con ip:5.152.113.125
26/01/2008 03:15:17 p.m. /IRA iluvatar Mapa:32 X:49 Y:52
07/02/2008 07:08:18 p.m. Se conecto con ip:5.152.113.125
07/02/2008 07:08:26 p.m. /IRA iluvatar Mapa:63 X:33 Y:13
07/02/2008 07:08:42 p.m. /CI: 907
07/02/2008 07:08:51 p.m. /CI: 800
07/02/2008 07:08:58 p.m. /DEST
07/02/2008 07:10:34 p.m. Transportó a CrimeD hacia Mapa55 X:35 Y:80
07/02/2008 07:10:57 p.m. Transportó a CrimeD hacia Mapa55 X:27 Y:29
07/02/2008 07:11:06 p.m. Transportó a CrimeD hacia Mapa55 X:34 Y:28
07/02/2008 07:12:03 p.m. Agarro:1 Objeto:Espada De Hielo
07/02/2008 07:12:07 p.m. Agarro:1 Objeto:Casco De Angmar
07/02/2008 07:12:12 p.m. Agarro:1 Objeto:Armadura De Angmar (H/E/E-O)
07/02/2008 07:12:23 p.m. Agarro:1 Objeto:Escudo Magico
07/02/2008 07:14:50 p.m. Agarro:1 Objeto:Casco de Oro
07/02/2008 07:14:54 p.m. Agarro:1 Objeto:Armadura Ittev
07/02/2008 07:14:55 p.m. Agarro:1 Objeto:Hacha Ligera
07/02/2008 07:15:34 p.m. Agarro:1 Objeto:Espada Orca
07/02/2008 07:17:06 p.m. /CI: 900
07/02/2008 07:17:13 p.m. /DEST
07/02/2008 07:17:17 p.m. /CI: 950
07/02/2008 07:17:22 p.m. /DEST
07/02/2008 07:17:29 p.m. /CI: 970
07/02/2008 07:17:35 p.m. /DEST
07/02/2008 07:17:38 p.m. /CI: 1000
07/02/2008 07:17:44 p.m. /DEST
07/02/2008 07:17:49 p.m. /CI: 1004
07/02/2008 07:17:56 p.m. /DEST
07/02/2008 07:17:59 p.m. /CI: 1008
07/02/2008 07:18:00 p.m. Agarro:100 Objeto:Corona
07/02/2008 07:18:32 p.m. Sumoneo Lobo
07/02/2008 07:18:32 p.m. Sumoneo Lobo
07/02/2008 07:18:33 p.m. Sumoneo Lobo
07/02/2008 07:18:33 p.m. Sumoneo Lobo
07/02/2008 07:18:33 p.m. Sumoneo Lobo
07/02/2008 07:18:34 p.m. Sumoneo Lobo
07/02/2008 07:19:02 p.m. Agarro:1 Objeto:Piel Lobo
07/02/2008 07:19:02 p.m. Agarro:1 Objeto:Piel Lobo
07/02/2008 07:19:04 p.m. Agarro:100 Objeto:Piel Lobo
07/02/2008 07:25:31 p.m. /SUM kyos Map:78 X:37 Y:88
07/02/2008 07:25:39 p.m. Echo a kyos
07/02/2008 07:26:18 p.m. Transportó a CrimeD hacia Mapa78 X:39 Y:90
07/02/2008 07:29:09 p.m. Tiro cantidad:1 Objeto:Hacha Ligera
07/02/2008 07:29:33 p.m. Agarro:1 Objeto:Hacha Ligera
07/02/2008 07:29:58 p.m. /MOD ORO 9999999  CrimeD
07/02/2008 07:30:05 p.m. /MOD ORO 999  CrimeD
07/02/2008 07:34:15 p.m. Sumoneo Lobo
07/02/2008 07:34:30 p.m. Agarro:1 Objeto:Piel Lobo
07/02/2008 07:35:19 p.m. Agarro:1 Objeto:Piedra de invisibilidad.
07/02/2008 07:38:40 p.m. Agarro:1 Objeto:Espada De Fuego
07/02/2008 07:44:22 p.m. Agarro:73 Objeto:Flecha +3
07/02/2008 07:44:23 p.m. Agarro:100 Objeto:Arco de Hielo
07/02/2008 07:44:51 p.m. Tiro cantidad:100 Objeto:Arco de Hielo
07/02/2008 07:44:54 p.m. Tiro cantidad:70 Objeto:Flecha +3
07/02/2008 07:48:54 p.m. Sumoneo a  en mapa 78
07/02/2008 07:48:59 p.m. /MATA NPC SIN INICIAR
07/02/2008 07:57:11 p.m. /IRA iluvatar Mapa:74 X:35 Y:67
07/02/2008 08:05:25 p.m. /MOD ORO 999999  CrimeD
07/02/2008 08:11:24 p.m. /DEST
07/02/2008 08:12:41 p.m. /LLUVIA
07/02/2008 08:13:27 p.m. Sumoneo a Sastre en mapa 73
07/02/2008 08:13:34 p.m. /MATA NPC SIN INICIAR
07/02/2008 08:15:32 p.m. /MOD SKILLS liderazgo 100 CrimeD
07/02/2008 08:16:20 p.m. Transportó a CrimeD hacia Mapa73 X:53 Y:64
07/02/2008 08:18:25 p.m. Transportó a CrimeD hacia Mapa73 X:46 Y:55
07/02/2008 08:19:36 p.m. Agarro:50 Objeto:Monedas de Oro
07/02/2008 08:22:05 p.m. Agarro:175 Objeto:Monedas de Oro
07/02/2008 08:22:32 p.m. Transportó a CrimeD hacia Mapa1 X:50 Y:50
07/02/2008 08:22:40 p.m. Transportó a CrimeD hacia Mapa60 X:50 Y:50
07/02/2008 08:23:03 p.m. Transportó a CrimeD hacia Mapa1 X:50 Y:50
07/02/2008 08:23:11 p.m. Transportó a CrimeD hacia Mapa60 X:50 Y:50
07/02/2008 08:23:52 p.m. Se conecto con ip:5.152.113.125
07/02/2008 08:23:59 p.m. Transportó a CrimeD hacia Mapa1 X:50 Y:50
07/02/2008 08:24:18 p.m. Se conecto con ip:5.152.113.125
