06/01/2008 11:27:46 p.m. Se conecto con ip:5.135.117.96
06/01/2008 11:29:51 p.m. /INVISIBLE
06/01/2008 11:29:52 p.m. Transportó a Demeter hacia Mapa32 X:48 Y:44
06/01/2008 11:29:56 p.m. /INVISIBLE
06/01/2008 11:30:25 p.m. Transportó a Demeter hacia Mapa32 X:51 Y:45
06/01/2008 11:30:27 p.m. Transportó a Demeter hacia Mapa32 X:53 Y:44
06/01/2008 11:30:27 p.m. Transportó a Demeter hacia Mapa32 X:55 Y:41
06/01/2008 11:30:28 p.m. Transportó a Demeter hacia Mapa32 X:55 Y:38
06/01/2008 11:30:28 p.m. Transportó a Demeter hacia Mapa32 X:51 Y:38
06/01/2008 11:31:01 p.m. Transportó a Demeter hacia Mapa32 X:47 Y:47
06/01/2008 11:31:06 p.m. Tiro cantidad:1 Objeto:Daga (Newbie)
06/01/2008 11:31:13 p.m. Agarro:1 Objeto:Daga (Newbie)
06/01/2008 11:33:23 p.m. /IRA iluvatar Mapa:31 X:86 Y:48
06/01/2008 11:34:24 p.m. Transportó a Demeter hacia Mapa71 X:50 Y:50
06/01/2008 11:35:05 p.m. Mensaje a Gms:che agu venite a rinkel 1 seg
06/01/2008 11:35:10 p.m. Transportó a Demeter hacia Mapa71 X:58 Y:53
06/01/2008 11:35:27 p.m. Transportó a Demeter hacia Mapa71 X:58 Y:53
06/01/2008 11:36:45 p.m. /IRA kyos Mapa:1 X:50 Y:44
06/01/2008 11:37:04 p.m. Transportó a Demeter hacia Mapa1 X:49 Y:56
06/01/2008 11:37:05 p.m. Transportó a Demeter hacia Mapa1 X:55 Y:54
06/01/2008 11:37:06 p.m. Transportó a Demeter hacia Mapa1 X:60 Y:53
06/01/2008 11:37:07 p.m. Transportó a Demeter hacia Mapa1 X:65 Y:53
06/01/2008 11:37:08 p.m. Transportó a Demeter hacia Mapa1 X:69 Y:55
06/01/2008 11:37:09 p.m. Transportó a Demeter hacia Mapa1 X:74 Y:56
06/01/2008 11:37:15 p.m. Transportó a Demeter hacia Mapa1 X:78 Y:54
06/01/2008 11:37:17 p.m. Transportó a Demeter hacia Mapa1 X:76 Y:54
06/01/2008 11:37:18 p.m. Transportó a Demeter hacia Mapa1 X:76 Y:58
06/01/2008 11:37:19 p.m. Transportó a Demeter hacia Mapa1 X:76 Y:63
06/01/2008 11:37:20 p.m. Transportó a Demeter hacia Mapa1 X:74 Y:67
06/01/2008 11:37:20 p.m. Transportó a Demeter hacia Mapa1 X:72 Y:71
06/01/2008 11:37:20 p.m. Transportó a Demeter hacia Mapa1 X:68 Y:75
06/01/2008 11:37:21 p.m. Transportó a Demeter hacia Mapa1 X:68 Y:74
06/01/2008 11:37:21 p.m. Transportó a Demeter hacia Mapa1 X:64 Y:77
06/01/2008 11:37:22 p.m. Transportó a Demeter hacia Mapa1 X:63 Y:76
06/01/2008 11:37:22 p.m. Transportó a Demeter hacia Mapa1 X:57 Y:77
06/01/2008 11:37:23 p.m. Transportó a Demeter hacia Mapa1 X:51 Y:77
06/01/2008 11:37:23 p.m. Transportó a Demeter hacia Mapa1 X:45 Y:77
06/01/2008 11:37:23 p.m. Transportó a Demeter hacia Mapa1 X:45 Y:77
06/01/2008 11:37:24 p.m. Transportó a Demeter hacia Mapa1 X:39 Y:77
06/01/2008 11:37:25 p.m. Transportó a Demeter hacia Mapa1 X:34 Y:76
06/01/2008 11:37:26 p.m. Transportó a Demeter hacia Mapa1 X:32 Y:72
06/01/2008 11:37:27 p.m. Transportó a Demeter hacia Mapa1 X:30 Y:68
06/01/2008 11:37:27 p.m. Transportó a Demeter hacia Mapa1 X:30 Y:63
06/01/2008 11:37:28 p.m. Transportó a Demeter hacia Mapa1 X:33 Y:60
06/01/2008 11:37:29 p.m. Transportó a Demeter hacia Mapa1 X:35 Y:59
06/01/2008 11:37:34 p.m. Transportó a Demeter hacia Mapa34 X:50 Y:50
06/01/2008 11:37:36 p.m. Transportó a Demeter hacia Mapa34 X:47 Y:53
06/01/2008 11:37:37 p.m. Transportó a Demeter hacia Mapa34 X:44 Y:55
06/01/2008 11:37:37 p.m. Transportó a Demeter hacia Mapa34 X:39 Y:57
06/01/2008 11:37:38 p.m. Transportó a Demeter hacia Mapa34 X:34 Y:59
06/01/2008 11:37:50 p.m. Transportó a Demeter hacia Mapa34 X:25 Y:72
06/01/2008 11:37:50 p.m. Transportó a Demeter hacia Mapa34 X:30 Y:74
06/01/2008 11:37:51 p.m. Transportó a Demeter hacia Mapa34 X:35 Y:76
06/01/2008 11:37:52 p.m. Transportó a Demeter hacia Mapa34 X:40 Y:78
06/01/2008 11:37:53 p.m. Transportó a Demeter hacia Mapa34 X:40 Y:76
06/01/2008 11:37:57 p.m. Transportó a Demeter hacia Mapa34 X:36 Y:70
06/01/2008 11:37:58 p.m. Transportó a Demeter hacia Mapa34 X:33 Y:66
06/01/2008 11:37:59 p.m. Transportó a Demeter hacia Mapa34 X:31 Y:62
06/01/2008 11:37:59 p.m. Transportó a Demeter hacia Mapa34 X:31 Y:58
06/01/2008 11:38:00 p.m. Transportó a Demeter hacia Mapa34 X:32 Y:54
06/01/2008 11:38:00 p.m. Transportó a Demeter hacia Mapa34 X:32 Y:50
06/01/2008 11:38:01 p.m. Transportó a Demeter hacia Mapa34 X:31 Y:46
06/01/2008 11:38:01 p.m. Transportó a Demeter hacia Mapa34 X:27 Y:43
06/01/2008 11:38:02 p.m. Transportó a Demeter hacia Mapa34 X:21 Y:43
06/01/2008 11:38:03 p.m. Transportó a Demeter hacia Mapa34 X:20 Y:45
06/01/2008 11:38:03 p.m. Transportó a Demeter hacia Mapa34 X:22 Y:47
06/01/2008 11:38:04 p.m. Transportó a Demeter hacia Mapa34 X:27 Y:47
06/01/2008 11:38:05 p.m. Transportó a Demeter hacia Mapa34 X:30 Y:47
06/01/2008 11:38:05 p.m. Transportó a Demeter hacia Mapa34 X:33 Y:47
06/01/2008 11:38:06 p.m. Transportó a Demeter hacia Mapa34 X:33 Y:46
06/01/2008 11:38:06 p.m. Transportó a Demeter hacia Mapa34 X:36 Y:45
06/01/2008 11:38:06 p.m. Transportó a Demeter hacia Mapa34 X:36 Y:45
06/01/2008 11:38:07 p.m. Transportó a Demeter hacia Mapa34 X:40 Y:44
06/01/2008 11:38:08 p.m. Transportó a Demeter hacia Mapa34 X:44 Y:43
06/01/2008 11:38:08 p.m. Transportó a Demeter hacia Mapa34 X:49 Y:42
06/01/2008 11:38:09 p.m. Transportó a Demeter hacia Mapa34 X:54 Y:42
06/01/2008 11:38:09 p.m. Transportó a Demeter hacia Mapa34 X:58 Y:43
06/01/2008 11:38:10 p.m. Transportó a Demeter hacia Mapa34 X:62 Y:44
06/01/2008 11:38:10 p.m. Transportó a Demeter hacia Mapa34 X:66 Y:45
06/01/2008 11:38:11 p.m. Transportó a Demeter hacia Mapa34 X:70 Y:46
06/01/2008 11:38:11 p.m. Transportó a Demeter hacia Mapa34 X:70 Y:46
06/01/2008 11:38:12 p.m. Transportó a Demeter hacia Mapa34 X:74 Y:47
06/01/2008 11:38:12 p.m. Transportó a Demeter hacia Mapa34 X:77 Y:49
06/01/2008 11:38:12 p.m. Transportó a Demeter hacia Mapa34 X:80 Y:51
06/01/2008 11:38:13 p.m. Transportó a Demeter hacia Mapa34 X:83 Y:54
06/01/2008 11:38:13 p.m. Transportó a Demeter hacia Mapa34 X:85 Y:57
06/01/2008 11:38:14 p.m. Transportó a Demeter hacia Mapa34 X:84 Y:58
06/01/2008 11:38:14 p.m. Transportó a Demeter hacia Mapa34 X:84 Y:62
06/01/2008 11:38:15 p.m. Transportó a Demeter hacia Mapa34 X:84 Y:66
06/01/2008 11:38:15 p.m. Transportó a Demeter hacia Mapa34 X:84 Y:70
06/01/2008 11:38:16 p.m. Transportó a Demeter hacia Mapa34 X:82 Y:75
06/01/2008 11:38:16 p.m. Transportó a Demeter hacia Mapa34 X:79 Y:80
06/01/2008 11:38:17 p.m. Transportó a Demeter hacia Mapa34 X:76 Y:85
06/01/2008 11:38:18 p.m. Transportó a Demeter hacia Mapa34 X:72 Y:89
06/01/2008 11:38:18 p.m. Transportó a Demeter hacia Mapa34 X:72 Y:89
06/01/2008 11:38:19 p.m. Transportó a Demeter hacia Mapa34 X:66 Y:90
06/01/2008 11:38:19 p.m. Transportó a Demeter hacia Mapa34 X:61 Y:90
06/01/2008 11:38:20 p.m. Transportó a Demeter hacia Mapa34 X:62 Y:89
06/01/2008 11:38:21 p.m. Transportó a Demeter hacia Mapa34 X:58 Y:87
06/01/2008 11:38:21 p.m. Transportó a Demeter hacia Mapa34 X:56 Y:88
06/01/2008 11:38:22 p.m. Transportó a Demeter hacia Mapa34 X:50 Y:87
06/01/2008 11:38:23 p.m. Transportó a Demeter hacia Mapa34 X:44 Y:86
06/01/2008 11:38:23 p.m. Transportó a Demeter hacia Mapa34 X:38 Y:85
06/01/2008 11:38:24 p.m. Transportó a Demeter hacia Mapa34 X:32 Y:84
06/01/2008 11:38:25 p.m. Transportó a Demeter hacia Mapa34 X:25 Y:84
06/01/2008 11:38:25 p.m. Transportó a Demeter hacia Mapa34 X:18 Y:84
06/01/2008 11:38:26 p.m. Transportó a Demeter hacia Mapa34 X:11 Y:87
06/01/2008 11:38:31 p.m. Transportó a Demeter hacia Mapa34 X:14 Y:81
06/01/2008 11:38:31 p.m. Transportó a Demeter hacia Mapa34 X:17 Y:76
06/01/2008 11:38:32 p.m. Transportó a Demeter hacia Mapa34 X:19 Y:71
06/01/2008 11:38:33 p.m. Transportó a Demeter hacia Mapa34 X:19 Y:66
06/01/2008 11:38:34 p.m. Transportó a Demeter hacia Mapa34 X:15 Y:65
06/01/2008 11:38:34 p.m. Transportó a Demeter hacia Mapa34 X:18 Y:61
06/01/2008 11:38:34 p.m. Transportó a Demeter hacia Mapa34 X:15 Y:60
06/01/2008 11:38:35 p.m. Transportó a Demeter hacia Mapa34 X:18 Y:56
06/01/2008 11:38:35 p.m. Transportó a Demeter hacia Mapa34 X:18 Y:51
06/01/2008 11:38:36 p.m. Transportó a Demeter hacia Mapa34 X:18 Y:46
06/01/2008 11:38:36 p.m. Transportó a Demeter hacia Mapa34 X:18 Y:41
06/01/2008 11:38:37 p.m. Transportó a Demeter hacia Mapa34 X:18 Y:36
06/01/2008 11:38:45 p.m. /MOD LEVEL 50  Demeter
06/01/2008 11:38:46 p.m. Transportó a Demeter hacia Mapa34 X:22 Y:36
06/01/2008 11:38:46 p.m. Transportó a Demeter hacia Mapa34 X:28 Y:37
06/01/2008 11:38:46 p.m. Transportó a Demeter hacia Mapa34 X:34 Y:38
06/01/2008 11:38:47 p.m. Transportó a Demeter hacia Mapa34 X:40 Y:39
06/01/2008 11:38:47 p.m. Transportó a Demeter hacia Mapa34 X:40 Y:39
06/01/2008 11:38:52 p.m. Transportó a Demeter hacia Mapa34 X:46 Y:40
06/01/2008 11:38:52 p.m. Transportó a Demeter hacia Mapa34 X:50 Y:42
06/01/2008 11:38:52 p.m. Transportó a Demeter hacia Mapa34 X:50 Y:42
06/01/2008 11:38:53 p.m. Transportó a Demeter hacia Mapa34 X:52 Y:45
06/01/2008 11:38:54 p.m. Transportó a Demeter hacia Mapa34 X:52 Y:49
06/01/2008 11:38:54 p.m. Transportó a Demeter hacia Mapa34 X:52 Y:49
06/01/2008 11:38:54 p.m. Transportó a Demeter hacia Mapa34 X:52 Y:53
06/01/2008 11:38:55 p.m. Transportó a Demeter hacia Mapa34 X:55 Y:59
06/01/2008 11:38:55 p.m. Transportó a Demeter hacia Mapa34 X:55 Y:59
06/01/2008 11:38:56 p.m. Transportó a Demeter hacia Mapa34 X:58 Y:65
06/01/2008 11:38:57 p.m. Transportó a Demeter hacia Mapa34 X:60 Y:71
06/01/2008 11:38:57 p.m. Transportó a Demeter hacia Mapa34 X:60 Y:77
06/01/2008 11:38:58 p.m. Transportó a Demeter hacia Mapa34 X:58 Y:83
06/01/2008 11:38:59 p.m. Transportó a Demeter hacia Mapa34 X:58 Y:80
06/01/2008 11:39:06 p.m. Transportó a Demeter hacia Mapa34 X:74 Y:76
06/01/2008 11:39:07 p.m. Transportó a Demeter hacia Mapa34 X:80 Y:76
06/01/2008 11:39:07 p.m. Transportó a Demeter hacia Mapa34 X:80 Y:76
06/01/2008 11:39:08 p.m. Transportó a Demeter hacia Mapa34 X:86 Y:76
06/01/2008 11:39:09 p.m. Transportó a Demeter hacia Mapa34 X:92 Y:76
06/01/2008 11:39:24 p.m. Transportó a Demeter hacia Mapa60 X:50 Y:50
06/01/2008 11:39:29 p.m. Transportó a Demeter hacia Mapa60 X:40 Y:40
06/01/2008 11:39:52 p.m. /MOD LEVEL 1  Demeter
06/01/2008 11:40:23 p.m. Transportó a Demeter hacia Mapa60 X:47 Y:42
06/01/2008 11:40:24 p.m. Transportó a Demeter hacia Mapa60 X:47 Y:42
06/01/2008 11:40:24 p.m. Transportó a Demeter hacia Mapa60 X:49 Y:46
06/01/2008 11:40:24 p.m. Transportó a Demeter hacia Mapa60 X:49 Y:46
06/01/2008 11:40:25 p.m. Transportó a Demeter hacia Mapa60 X:49 Y:50
06/01/2008 11:40:47 p.m. Agarro:2 Objeto:Monedas de Oro
06/01/2008 11:40:50 p.m. Transportó a Demeter hacia Mapa60 X:44 Y:58
06/01/2008 11:40:51 p.m. Transportó a Demeter hacia Mapa60 X:45 Y:62
06/01/2008 11:40:52 p.m. Transportó a Demeter hacia Mapa60 X:50 Y:64
06/01/2008 11:41:12 p.m. Mensaje a Gms:Che pude ser que aya bichos de otras zonas metidos en otro lugar XD?
06/01/2008 11:41:38 p.m. /INVISIBLE
06/01/2008 11:41:53 p.m. Mensaje a Gms:ajaj okei che ya estan las montus agu ?
06/01/2008 11:42:08 p.m. Mensaje a Gms:creo q le puedo manguiar a nacho el sistema de domado pero no se si es alpedo
06/01/2008 11:42:34 p.m. Mensaje a Gms:jaajajajaja
06/01/2008 11:45:43 p.m. /INVISIBLE
06/01/2008 11:45:50 p.m. Transportó a Demeter hacia Mapa25 X:60 Y:60
06/01/2008 11:47:10 p.m. /MOD HEAD 401  Demeter
06/01/2008 11:47:23 p.m. /MOD LEVEL 50  Demeter
06/01/2008 11:47:28 p.m. Transportó a Demeter hacia Mapa25 X:58 Y:92
06/01/2008 11:47:35 p.m. /IRA iluvatar Mapa:59 X:49 Y:13
06/01/2008 11:48:37 p.m. Tiro cantidad:1 Objeto:Harapos de Mendigo (E/G) (Newbie)
06/01/2008 11:48:56 p.m. Tiro cantidad:1 Objeto:Daga (Newbie)
06/01/2008 11:49:13 p.m. /MOD HEAD 16  Demeter
06/01/2008 11:49:19 p.m. /MOD HEAD 17  Demeter
06/01/2008 11:49:25 p.m. /MOD HEAD 18  Demeter
06/01/2008 11:49:51 p.m. /IRA iluvatar Mapa:69 X:46 Y:11
06/01/2008 11:50:40 p.m. Tiro cantidad:99 Objeto:Botella de Agua (Newbie)
06/01/2008 11:52:47 p.m. /MOD BODY 15  Demeter
06/01/2008 11:52:54 p.m. /MOD BODY 256  Demeter
06/01/2008 11:54:41 p.m. Se conecto con ip:5.135.117.96
06/01/2008 11:54:50 p.m. /MOD HEAD 4  Demeter
06/01/2008 11:55:51 p.m. /IRA iluvatar Mapa:69 X:50 Y:50
06/01/2008 11:58:11 p.m. /MOD SKILLS magia 100 Demeter
06/01/2008 11:58:22 p.m. /CI: 989
06/01/2008 11:58:44 p.m. Agarro:100 Objeto:Piedra magica
06/01/2008 11:58:55 p.m. Tiro cantidad:100 Objeto:Piedra magica
06/01/2008 11:58:56 p.m. /DEST
06/01/2008 11:58:59 p.m. /CI: 990
06/01/2008 11:59:38 p.m. Se conecto con ip:5.135.117.96
06/01/2008 11:59:58 p.m. /MOD HEAD 4  Demeter
07/01/2008 12:02:45 a.m. /DEST
07/01/2008 12:04:55 a.m. Se conecto con ip:5.135.117.96
07/01/2008 12:05:04 a.m. /MOD HEAD 4  Demeter
07/01/2008 12:05:54 a.m. Se conecto con ip:5.135.117.96
07/01/2008 12:06:39 a.m. Se conecto con ip:5.135.117.96
07/01/2008 12:06:43 a.m. Transportó a Demeter hacia Mapa69 X:49 Y:55
07/01/2008 12:06:44 a.m. Transportó a Demeter hacia Mapa69 X:52 Y:55
07/01/2008 12:06:45 a.m. Transportó a Demeter hacia Mapa69 X:55 Y:55
07/01/2008 12:06:47 a.m. Transportó a Demeter hacia Mapa69 X:52 Y:57
07/01/2008 12:06:47 a.m. Transportó a Demeter hacia Mapa69 X:52 Y:57
07/01/2008 12:06:48 a.m. Transportó a Demeter hacia Mapa69 X:49 Y:59
07/01/2008 12:06:48 a.m. Transportó a Demeter hacia Mapa69 X:46 Y:61
07/01/2008 12:06:49 a.m. Transportó a Demeter hacia Mapa69 X:41 Y:58
07/01/2008 12:06:49 a.m. Transportó a Demeter hacia Mapa69 X:36 Y:55
07/01/2008 12:06:50 a.m. Transportó a Demeter hacia Mapa69 X:33 Y:52
07/01/2008 12:06:50 a.m. Transportó a Demeter hacia Mapa69 X:37 Y:53
07/01/2008 12:06:51 a.m. Transportó a Demeter hacia Mapa69 X:39 Y:52
07/01/2008 12:08:20 a.m. Tiro cantidad:98 Objeto:Manzana Roja (Newbie)
07/01/2008 12:08:21 a.m. /DEST
07/01/2008 12:09:42 a.m. Se conecto con ip:5.135.117.96
07/01/2008 12:10:58 a.m. /MOD HEAD 4  Demeter
07/01/2008 12:12:47 a.m. Transportó a Demeter hacia Mapa60 X:50 Y:50
07/01/2008 12:12:53 a.m. Transportó a Demeter hacia Mapa34 X:50 Y:50
07/01/2008 12:13:34 a.m. Transportó a Demeter hacia Mapa34 X:23 Y:79
07/01/2008 12:13:37 a.m. Transportó a Demeter hacia Mapa34 X:24 Y:77
