04/10/2007 17:46:28 IluvatarII paso a nivel 2 gano HP: 5
04/10/2007 17:46:28 IluvatarII paso a nivel 3 gano HP: 4
04/10/2007 17:46:28 IluvatarII paso a nivel 4 gano HP: 6
04/10/2007 17:46:28 IluvatarII paso a nivel 5 gano HP: 6
04/10/2007 17:46:28 IluvatarII paso a nivel 6 gano HP: 5
04/10/2007 17:46:28 IluvatarII paso a nivel 7 gano HP: 4
04/10/2007 17:46:28 IluvatarII paso a nivel 8 gano HP: 6
04/10/2007 17:46:28 IluvatarII paso a nivel 9 gano HP: 5
04/10/2007 17:46:28 IluvatarII paso a nivel 10 gano HP: 5
04/10/2007 17:46:28 IluvatarII paso a nivel 11 gano HP: 5
04/10/2007 17:46:28 IluvatarII paso a nivel 12 gano HP: 4
04/10/2007 17:46:28 IluvatarII paso a nivel 13 gano HP: 4
04/10/2007 17:46:28 IluvatarII paso a nivel 14 gano HP: 4
04/10/2007 17:46:28 IluvatarII paso a nivel 15 gano HP: 5
04/10/2007 17:46:28 IluvatarII paso a nivel 16 gano HP: 4
04/10/2007 17:46:28 IluvatarII paso a nivel 17 gano HP: 6
04/10/2007 17:46:28 IluvatarII paso a nivel 18 gano HP: 4
04/10/2007 17:46:28 IluvatarII paso a nivel 19 gano HP: 5
04/10/2007 17:46:28 IluvatarII paso a nivel 20 gano HP: 4
04/10/2007 17:46:28 IluvatarII paso a nivel 21 gano HP: 6
04/10/2007 17:46:28 IluvatarII paso a nivel 22 gano HP: 6
04/10/2007 17:46:28 IluvatarII paso a nivel 23 gano HP: 4
04/10/2007 17:46:28 IluvatarII paso a nivel 24 gano HP: 6
04/10/2007 17:46:28 IluvatarII paso a nivel 25 gano HP: 4
04/10/2007 17:46:28 IluvatarII paso a nivel 26 gano HP: 4
04/10/2007 17:46:28 IluvatarII paso a nivel 27 gano HP: 4
04/10/2007 17:46:28 IluvatarII paso a nivel 28 gano HP: 4
04/10/2007 17:46:28 IluvatarII paso a nivel 29 gano HP: 6
04/10/2007 17:46:28 IluvatarII paso a nivel 30 gano HP: 4
04/10/2007 17:46:28 IluvatarII paso a nivel 31 gano HP: 4
04/10/2007 17:46:28 IluvatarII paso a nivel 32 gano HP: 5
04/10/2007 17:46:28 IluvatarII paso a nivel 33 gano HP: 4
04/10/2007 17:46:28 IluvatarII paso a nivel 34 gano HP: 5
04/10/2007 17:46:28 IluvatarII paso a nivel 35 gano HP: 4
04/10/2007 17:46:28 IluvatarII paso a nivel 36 gano HP: 5
04/10/2007 17:46:28 IluvatarII paso a nivel 37 gano HP: 4
04/10/2007 17:46:28 IluvatarII paso a nivel 38 gano HP: 6
04/10/2007 17:46:28 IluvatarII paso a nivel 39 gano HP: 5
04/10/2007 17:46:28 IluvatarII paso a nivel 40 gano HP: 6
04/10/2007 17:46:28 IluvatarII paso a nivel 41 gano HP: 6
04/10/2007 17:46:28 IluvatarII paso a nivel 42 gano HP: 4
04/10/2007 17:46:28 IluvatarII paso a nivel 43 gano HP: 5
04/10/2007 17:46:28 IluvatarII paso a nivel 44 gano HP: 4
04/10/2007 17:46:28 IluvatarII paso a nivel 45 gano HP: 5
04/10/2007 17:48:27 Iluvatarii paso a nivel 2 gano HP: 5
04/10/2007 17:48:27 Iluvatarii paso a nivel 3 gano HP: 4
04/10/2007 17:48:27 Iluvatarii paso a nivel 4 gano HP: 4
04/10/2007 17:48:27 Iluvatarii paso a nivel 5 gano HP: 4
04/10/2007 17:48:27 Iluvatarii paso a nivel 6 gano HP: 5
04/10/2007 17:48:27 Iluvatarii paso a nivel 7 gano HP: 4
04/10/2007 17:48:27 Iluvatarii paso a nivel 8 gano HP: 6
04/10/2007 17:48:27 Iluvatarii paso a nivel 9 gano HP: 4
04/10/2007 17:48:27 Iluvatarii paso a nivel 10 gano HP: 5
04/10/2007 17:48:27 Iluvatarii paso a nivel 11 gano HP: 4
04/10/2007 17:48:27 Iluvatarii paso a nivel 12 gano HP: 6
04/10/2007 17:48:27 Iluvatarii paso a nivel 13 gano HP: 6
04/10/2007 17:48:27 Iluvatarii paso a nivel 14 gano HP: 4
04/10/2007 17:48:27 Iluvatarii paso a nivel 15 gano HP: 6
04/10/2007 17:48:27 Iluvatarii paso a nivel 16 gano HP: 4
04/10/2007 17:48:27 Iluvatarii paso a nivel 17 gano HP: 4
04/10/2007 17:48:27 Iluvatarii paso a nivel 18 gano HP: 4
04/10/2007 17:48:27 Iluvatarii paso a nivel 19 gano HP: 4
04/10/2007 17:48:27 Iluvatarii paso a nivel 20 gano HP: 6
04/10/2007 17:48:27 Iluvatarii paso a nivel 21 gano HP: 4
04/10/2007 17:48:27 Iluvatarii paso a nivel 22 gano HP: 4
04/10/2007 17:48:27 Iluvatarii paso a nivel 23 gano HP: 5
04/10/2007 17:48:27 Iluvatarii paso a nivel 24 gano HP: 4
04/10/2007 17:48:27 Iluvatarii paso a nivel 25 gano HP: 5
04/10/2007 17:48:27 Iluvatarii paso a nivel 26 gano HP: 4
04/10/2007 17:48:27 Iluvatarii paso a nivel 27 gano HP: 5
04/10/2007 17:48:27 Iluvatarii paso a nivel 28 gano HP: 4
04/10/2007 17:48:27 Iluvatarii paso a nivel 29 gano HP: 6
04/10/2007 17:48:27 Iluvatarii paso a nivel 30 gano HP: 5
04/10/2007 17:48:27 Iluvatarii paso a nivel 31 gano HP: 6
04/10/2007 17:48:27 Iluvatarii paso a nivel 32 gano HP: 6
04/10/2007 17:48:27 Iluvatarii paso a nivel 33 gano HP: 4
04/10/2007 17:48:27 Iluvatarii paso a nivel 34 gano HP: 5
04/10/2007 17:48:27 Iluvatarii paso a nivel 35 gano HP: 4
04/10/2007 17:48:27 Iluvatarii paso a nivel 36 gano HP: 5
04/10/2007 17:48:27 Iluvatarii paso a nivel 37 gano HP: 5
04/10/2007 17:48:27 Iluvatarii paso a nivel 38 gano HP: 6
04/10/2007 17:48:27 Iluvatarii paso a nivel 39 gano HP: 4
04/10/2007 17:48:27 Iluvatarii paso a nivel 40 gano HP: 6
04/10/2007 17:48:27 Iluvatarii paso a nivel 41 gano HP: 5
04/10/2007 17:48:27 Iluvatarii paso a nivel 42 gano HP: 5
04/10/2007 17:48:27 Iluvatarii paso a nivel 43 gano HP: 4
04/10/2007 17:48:27 Iluvatarii paso a nivel 44 gano HP: 5
04/10/2007 17:48:27 Iluvatarii paso a nivel 45 gano HP: 4
04/10/2007 17:53:27 Iluvatarii paso a nivel 46 gano HP: 5
04/10/2007 17:53:27 Iluvatarii paso a nivel 47 gano HP: 4
04/10/2007 17:53:27 Iluvatarii paso a nivel 48 gano HP: 6
04/10/2007 17:53:27 Iluvatarii paso a nivel 49 gano HP: 6
04/10/2007 17:53:27 Iluvatarii paso a nivel 50 gano HP: 5
04/10/2007 17:53:27 Iluvatarii paso a nivel 51 gano HP: 6
04/10/2007 17:53:27 Iluvatarii paso a nivel 52 gano HP: 4
04/10/2007 17:53:27 Iluvatarii paso a nivel 53 gano HP: 4
04/10/2007 17:53:27 Iluvatarii paso a nivel 54 gano HP: 4
04/10/2007 17:53:27 Iluvatarii paso a nivel 55 gano HP: 6
04/10/2007 17:53:27 Iluvatarii paso a nivel 56 gano HP: 6
04/10/2007 17:53:27 Iluvatarii paso a nivel 57 gano HP: 6
04/10/2007 17:53:27 Iluvatarii paso a nivel 58 gano HP: 4
04/10/2007 17:53:27 Iluvatarii paso a nivel 59 gano HP: 5
04/10/2007 17:53:27 Iluvatarii paso a nivel 60 gano HP: 5
04/10/2007 17:53:27 Iluvatarii paso a nivel 61 gano HP: 6
04/10/2007 17:56:05 ILUVATAR paso a nivel 2 gano HP: 3
04/10/2007 17:56:05 ILUVATAR paso a nivel 3 gano HP: 5
04/10/2007 17:56:05 ILUVATAR paso a nivel 4 gano HP: 4
04/10/2007 17:56:05 ILUVATAR paso a nivel 5 gano HP: 5
04/10/2007 17:56:05 ILUVATAR paso a nivel 6 gano HP: 5
04/10/2007 17:56:05 ILUVATAR paso a nivel 7 gano HP: 3
04/10/2007 17:56:05 ILUVATAR paso a nivel 8 gano HP: 4
04/10/2007 17:56:05 ILUVATAR paso a nivel 9 gano HP: 3
04/10/2007 17:56:05 ILUVATAR paso a nivel 10 gano HP: 4
04/10/2007 17:56:05 ILUVATAR paso a nivel 11 gano HP: 4
04/10/2007 17:56:05 ILUVATAR paso a nivel 12 gano HP: 5
04/10/2007 17:56:05 ILUVATAR paso a nivel 13 gano HP: 3
04/10/2007 17:56:05 ILUVATAR paso a nivel 14 gano HP: 5
04/10/2007 17:56:05 ILUVATAR paso a nivel 15 gano HP: 4
04/10/2007 17:56:05 ILUVATAR paso a nivel 16 gano HP: 4
04/10/2007 17:56:05 ILUVATAR paso a nivel 17 gano HP: 3
04/10/2007 17:56:05 ILUVATAR paso a nivel 18 gano HP: 4
04/10/2007 17:56:05 ILUVATAR paso a nivel 19 gano HP: 3
04/10/2007 17:56:05 ILUVATAR paso a nivel 20 gano HP: 5
04/10/2007 17:56:05 ILUVATAR paso a nivel 21 gano HP: 3
04/10/2007 17:56:05 ILUVATAR paso a nivel 22 gano HP: 3
04/10/2007 17:56:05 ILUVATAR paso a nivel 23 gano HP: 4
04/10/2007 17:56:05 ILUVATAR paso a nivel 24 gano HP: 4
04/10/2007 17:56:05 ILUVATAR paso a nivel 25 gano HP: 5
04/10/2007 17:56:05 ILUVATAR paso a nivel 26 gano HP: 4
04/10/2007 17:56:05 ILUVATAR paso a nivel 27 gano HP: 4
04/10/2007 17:56:05 ILUVATAR paso a nivel 28 gano HP: 5
04/10/2007 17:56:05 ILUVATAR paso a nivel 29 gano HP: 5
04/10/2007 17:56:05 ILUVATAR paso a nivel 30 gano HP: 5
04/10/2007 17:56:05 ILUVATAR paso a nivel 31 gano HP: 5
04/10/2007 17:56:05 ILUVATAR paso a nivel 32 gano HP: 5
04/10/2007 17:56:05 ILUVATAR paso a nivel 33 gano HP: 4
04/10/2007 17:56:05 ILUVATAR paso a nivel 34 gano HP: 4
04/10/2007 17:56:05 ILUVATAR paso a nivel 35 gano HP: 4
04/10/2007 17:56:05 ILUVATAR paso a nivel 36 gano HP: 5
04/10/2007 17:56:05 ILUVATAR paso a nivel 37 gano HP: 3
04/10/2007 17:56:05 ILUVATAR paso a nivel 38 gano HP: 4
04/10/2007 17:56:05 ILUVATAR paso a nivel 39 gano HP: 4
04/10/2007 17:56:05 ILUVATAR paso a nivel 40 gano HP: 5
04/10/2007 17:56:05 ILUVATAR paso a nivel 41 gano HP: 4
04/10/2007 17:56:05 ILUVATAR paso a nivel 42 gano HP: 4
04/10/2007 17:56:05 ILUVATAR paso a nivel 43 gano HP: 4
04/10/2007 17:56:05 ILUVATAR paso a nivel 44 gano HP: 3
04/10/2007 17:56:05 ILUVATAR paso a nivel 45 gano HP: 4
04/10/2007 17:56:05 ILUVATAR paso a nivel 46 gano HP: 4
04/10/2007 17:56:05 ILUVATAR paso a nivel 47 gano HP: 5
04/10/2007 17:56:05 ILUVATAR paso a nivel 48 gano HP: 5
04/10/2007 17:56:05 ILUVATAR paso a nivel 49 gano HP: 4
04/10/2007 17:56:05 ILUVATAR paso a nivel 50 gano HP: 3
04/10/2007 17:56:05 ILUVATAR paso a nivel 51 gano HP: 3
04/10/2007 17:56:05 ILUVATAR paso a nivel 52 gano HP: 3
04/10/2007 17:56:05 ILUVATAR paso a nivel 53 gano HP: 4
04/10/2007 17:56:05 ILUVATAR paso a nivel 54 gano HP: 3
04/10/2007 17:56:05 ILUVATAR paso a nivel 55 gano HP: 4
04/10/2007 17:56:05 ILUVATAR paso a nivel 56 gano HP: 4
04/10/2007 17:56:05 ILUVATAR paso a nivel 57 gano HP: 5
04/10/2007 17:56:05 ILUVATAR paso a nivel 58 gano HP: 4
04/10/2007 17:56:05 ILUVATAR paso a nivel 59 gano HP: 3
04/10/2007 17:56:05 ILUVATAR paso a nivel 60 gano HP: 5
04/10/2007 17:56:05 ILUVATAR paso a nivel 61 gano HP: 5
04/10/2007 17:59:25 ILUVATAR paso a nivel 2 gano HP: 5
04/10/2007 17:59:25 ILUVATAR paso a nivel 3 gano HP: 5
04/10/2007 17:59:25 ILUVATAR paso a nivel 4 gano HP: 5
04/10/2007 17:59:25 ILUVATAR paso a nivel 5 gano HP: 4
04/10/2007 17:59:25 ILUVATAR paso a nivel 6 gano HP: 5
04/10/2007 17:59:25 ILUVATAR paso a nivel 7 gano HP: 4
04/10/2007 17:59:25 ILUVATAR paso a nivel 8 gano HP: 5
04/10/2007 17:59:25 ILUVATAR paso a nivel 9 gano HP: 5
04/10/2007 17:59:25 ILUVATAR paso a nivel 10 gano HP: 4
04/10/2007 17:59:25 ILUVATAR paso a nivel 11 gano HP: 6
04/10/2007 17:59:25 ILUVATAR paso a nivel 12 gano HP: 5
04/10/2007 17:59:25 ILUVATAR paso a nivel 13 gano HP: 5
04/10/2007 17:59:25 ILUVATAR paso a nivel 14 gano HP: 5
04/10/2007 17:59:25 ILUVATAR paso a nivel 15 gano HP: 4
04/10/2007 17:59:25 ILUVATAR paso a nivel 16 gano HP: 6
04/10/2007 17:59:25 ILUVATAR paso a nivel 17 gano HP: 5
04/10/2007 17:59:25 ILUVATAR paso a nivel 18 gano HP: 6
04/10/2007 17:59:25 ILUVATAR paso a nivel 19 gano HP: 5
04/10/2007 17:59:25 ILUVATAR paso a nivel 20 gano HP: 6
04/10/2007 17:59:25 ILUVATAR paso a nivel 21 gano HP: 4
04/10/2007 17:59:25 ILUVATAR paso a nivel 22 gano HP: 4
04/10/2007 17:59:25 ILUVATAR paso a nivel 23 gano HP: 4
04/10/2007 17:59:25 ILUVATAR paso a nivel 24 gano HP: 4
04/10/2007 17:59:25 ILUVATAR paso a nivel 25 gano HP: 4
04/10/2007 17:59:25 ILUVATAR paso a nivel 26 gano HP: 4
04/10/2007 17:59:25 ILUVATAR paso a nivel 27 gano HP: 4
04/10/2007 17:59:25 ILUVATAR paso a nivel 28 gano HP: 5
04/10/2007 17:59:25 ILUVATAR paso a nivel 29 gano HP: 5
04/10/2007 17:59:25 ILUVATAR paso a nivel 30 gano HP: 5
04/10/2007 17:59:25 ILUVATAR paso a nivel 31 gano HP: 6
04/10/2007 17:59:25 ILUVATAR paso a nivel 32 gano HP: 4
04/10/2007 17:59:25 ILUVATAR paso a nivel 33 gano HP: 4
04/10/2007 17:59:25 ILUVATAR paso a nivel 34 gano HP: 6
04/10/2007 17:59:25 ILUVATAR paso a nivel 35 gano HP: 5
04/10/2007 17:59:25 ILUVATAR paso a nivel 36 gano HP: 5
04/10/2007 17:59:25 ILUVATAR paso a nivel 37 gano HP: 4
04/10/2007 17:59:25 ILUVATAR paso a nivel 38 gano HP: 6
04/10/2007 17:59:25 ILUVATAR paso a nivel 39 gano HP: 6
04/10/2007 17:59:25 ILUVATAR paso a nivel 40 gano HP: 5
04/10/2007 17:59:25 ILUVATAR paso a nivel 41 gano HP: 4
04/10/2007 17:59:25 ILUVATAR paso a nivel 42 gano HP: 6
04/10/2007 17:59:25 ILUVATAR paso a nivel 43 gano HP: 5
04/10/2007 17:59:25 ILUVATAR paso a nivel 44 gano HP: 5
04/10/2007 17:59:25 ILUVATAR paso a nivel 45 gano HP: 5
04/10/2007 17:59:25 ILUVATAR paso a nivel 46 gano HP: 4
04/10/2007 17:59:25 ILUVATAR paso a nivel 47 gano HP: 4
04/10/2007 17:59:25 ILUVATAR paso a nivel 48 gano HP: 4
04/10/2007 17:59:25 ILUVATAR paso a nivel 49 gano HP: 5
04/10/2007 17:59:25 ILUVATAR paso a nivel 50 gano HP: 4
04/10/2007 17:59:25 ILUVATAR paso a nivel 51 gano HP: 6
04/10/2007 17:59:25 ILUVATAR paso a nivel 52 gano HP: 4
04/10/2007 17:59:25 ILUVATAR paso a nivel 53 gano HP: 5
04/10/2007 17:59:25 ILUVATAR paso a nivel 54 gano HP: 4
04/10/2007 17:59:25 ILUVATAR paso a nivel 55 gano HP: 6
04/10/2007 17:59:25 ILUVATAR paso a nivel 56 gano HP: 6
04/10/2007 17:59:25 ILUVATAR paso a nivel 57 gano HP: 4
04/10/2007 17:59:25 ILUVATAR paso a nivel 58 gano HP: 6
04/10/2007 17:59:25 ILUVATAR paso a nivel 59 gano HP: 4
04/10/2007 17:59:25 ILUVATAR paso a nivel 60 gano HP: 4
04/10/2007 17:59:25 ILUVATAR paso a nivel 61 gano HP: 4
04/10/2007 18:02:40 Iluvatar paso a nivel 2 gano HP: 4
04/10/2007 18:02:40 Iluvatar paso a nivel 3 gano HP: 4
04/10/2007 18:02:40 Iluvatar paso a nivel 4 gano HP: 4
04/10/2007 18:02:40 Iluvatar paso a nivel 5 gano HP: 5
04/10/2007 18:02:40 Iluvatar paso a nivel 6 gano HP: 5
04/10/2007 18:02:40 Iluvatar paso a nivel 7 gano HP: 5
04/10/2007 18:02:40 Iluvatar paso a nivel 8 gano HP: 6
04/10/2007 18:02:40 Iluvatar paso a nivel 9 gano HP: 4
04/10/2007 18:02:40 Iluvatar paso a nivel 10 gano HP: 5
04/10/2007 18:02:40 Iluvatar paso a nivel 11 gano HP: 4
04/10/2007 18:02:40 Iluvatar paso a nivel 12 gano HP: 4
04/10/2007 18:02:40 Iluvatar paso a nivel 13 gano HP: 5
04/10/2007 18:02:40 Iluvatar paso a nivel 14 gano HP: 4
04/10/2007 18:02:40 Iluvatar paso a nivel 15 gano HP: 5
04/10/2007 18:02:40 Iluvatar paso a nivel 16 gano HP: 6
04/10/2007 18:02:40 Iluvatar paso a nivel 17 gano HP: 4
04/10/2007 18:02:40 Iluvatar paso a nivel 18 gano HP: 6
04/10/2007 18:02:40 Iluvatar paso a nivel 19 gano HP: 5
04/10/2007 18:02:40 Iluvatar paso a nivel 20 gano HP: 4
04/10/2007 18:02:40 Iluvatar paso a nivel 21 gano HP: 6
04/10/2007 18:02:40 Iluvatar paso a nivel 22 gano HP: 5
04/10/2007 18:02:40 Iluvatar paso a nivel 23 gano HP: 5
04/10/2007 18:02:40 Iluvatar paso a nivel 24 gano HP: 5
04/10/2007 18:02:40 Iluvatar paso a nivel 25 gano HP: 4
04/10/2007 18:02:40 Iluvatar paso a nivel 26 gano HP: 5
04/10/2007 18:02:40 Iluvatar paso a nivel 27 gano HP: 6
04/10/2007 18:02:40 Iluvatar paso a nivel 28 gano HP: 6
04/10/2007 18:02:40 Iluvatar paso a nivel 29 gano HP: 6
04/10/2007 18:02:40 Iluvatar paso a nivel 30 gano HP: 4
04/10/2007 18:02:40 Iluvatar paso a nivel 31 gano HP: 5
04/10/2007 18:02:40 Iluvatar paso a nivel 32 gano HP: 6
04/10/2007 18:02:40 Iluvatar paso a nivel 33 gano HP: 5
04/10/2007 18:02:40 Iluvatar paso a nivel 34 gano HP: 6
04/10/2007 18:02:40 Iluvatar paso a nivel 35 gano HP: 5
04/10/2007 18:02:40 Iluvatar paso a nivel 36 gano HP: 5
04/10/2007 18:02:40 Iluvatar paso a nivel 37 gano HP: 5
04/10/2007 18:02:40 Iluvatar paso a nivel 38 gano HP: 5
04/10/2007 18:02:40 Iluvatar paso a nivel 39 gano HP: 5
04/10/2007 18:02:40 Iluvatar paso a nivel 40 gano HP: 4
04/10/2007 18:02:40 Iluvatar paso a nivel 41 gano HP: 4
04/10/2007 18:02:40 Iluvatar paso a nivel 42 gano HP: 4
04/10/2007 18:02:40 Iluvatar paso a nivel 43 gano HP: 6
04/10/2007 18:02:40 Iluvatar paso a nivel 44 gano HP: 4
04/10/2007 18:02:40 Iluvatar paso a nivel 45 gano HP: 5
04/10/2007 18:02:40 Iluvatar paso a nivel 46 gano HP: 5
04/10/2007 18:02:40 Iluvatar paso a nivel 47 gano HP: 5
04/10/2007 18:02:40 Iluvatar paso a nivel 48 gano HP: 4
04/10/2007 18:02:40 Iluvatar paso a nivel 49 gano HP: 5
04/10/2007 18:02:40 Iluvatar paso a nivel 50 gano HP: 4
04/10/2007 18:02:40 Iluvatar paso a nivel 51 gano HP: 5
04/10/2007 18:02:40 Iluvatar paso a nivel 52 gano HP: 5
04/10/2007 18:02:40 Iluvatar paso a nivel 53 gano HP: 4
04/10/2007 18:02:40 Iluvatar paso a nivel 54 gano HP: 6
04/10/2007 18:02:40 Iluvatar paso a nivel 55 gano HP: 5
04/10/2007 18:02:40 Iluvatar paso a nivel 56 gano HP: 5
04/10/2007 18:02:40 Iluvatar paso a nivel 57 gano HP: 5
04/10/2007 18:02:40 Iluvatar paso a nivel 58 gano HP: 4
04/10/2007 18:02:40 Iluvatar paso a nivel 59 gano HP: 6
04/10/2007 18:02:40 Iluvatar paso a nivel 60 gano HP: 5
04/10/2007 18:02:40 Iluvatar paso a nivel 61 gano HP: 6
05/10/2007 20:17:59 Iluvatar paso a nivel 2 gano HP: 6
05/10/2007 20:17:59 Iluvatar paso a nivel 3 gano HP: 5
05/10/2007 20:17:59 Iluvatar paso a nivel 4 gano HP: 5
05/10/2007 20:17:59 Iluvatar paso a nivel 5 gano HP: 5
05/10/2007 20:17:59 Iluvatar paso a nivel 6 gano HP: 4
05/10/2007 20:17:59 Iluvatar paso a nivel 7 gano HP: 5
05/10/2007 20:17:59 Iluvatar paso a nivel 8 gano HP: 6
05/10/2007 20:17:59 Iluvatar paso a nivel 9 gano HP: 6
05/10/2007 20:17:59 Iluvatar paso a nivel 10 gano HP: 6
05/10/2007 20:17:59 Iluvatar paso a nivel 11 gano HP: 4
05/10/2007 20:17:59 Iluvatar paso a nivel 12 gano HP: 5
05/10/2007 20:17:59 Iluvatar paso a nivel 13 gano HP: 6
05/10/2007 20:17:59 Iluvatar paso a nivel 14 gano HP: 5
05/10/2007 20:17:59 Iluvatar paso a nivel 15 gano HP: 6
05/10/2007 20:17:59 Iluvatar paso a nivel 16 gano HP: 5
05/10/2007 20:17:59 Iluvatar paso a nivel 17 gano HP: 5
05/10/2007 20:17:59 Iluvatar paso a nivel 18 gano HP: 5
05/10/2007 20:17:59 Iluvatar paso a nivel 19 gano HP: 5
05/10/2007 20:17:59 Iluvatar paso a nivel 20 gano HP: 5
05/10/2007 20:17:59 Iluvatar paso a nivel 21 gano HP: 4
05/10/2007 20:17:59 Iluvatar paso a nivel 22 gano HP: 4
05/10/2007 20:17:59 Iluvatar paso a nivel 23 gano HP: 4
05/10/2007 20:17:59 Iluvatar paso a nivel 24 gano HP: 6
05/10/2007 20:17:59 Iluvatar paso a nivel 25 gano HP: 4
05/10/2007 20:17:59 Iluvatar paso a nivel 26 gano HP: 5
05/10/2007 20:17:59 Iluvatar paso a nivel 27 gano HP: 5
05/10/2007 20:17:59 Iluvatar paso a nivel 28 gano HP: 5
05/10/2007 20:17:59 Iluvatar paso a nivel 29 gano HP: 4
05/10/2007 20:17:59 Iluvatar paso a nivel 30 gano HP: 5
05/10/2007 20:17:59 Iluvatar paso a nivel 31 gano HP: 4
05/10/2007 20:17:59 Iluvatar paso a nivel 32 gano HP: 5
05/10/2007 20:17:59 Iluvatar paso a nivel 33 gano HP: 5
05/10/2007 20:17:59 Iluvatar paso a nivel 34 gano HP: 4
05/10/2007 20:17:59 Iluvatar paso a nivel 35 gano HP: 6
05/10/2007 20:17:59 Iluvatar paso a nivel 36 gano HP: 5
05/10/2007 20:17:59 Iluvatar paso a nivel 37 gano HP: 5
05/10/2007 20:17:59 Iluvatar paso a nivel 38 gano HP: 5
05/10/2007 20:17:59 Iluvatar paso a nivel 39 gano HP: 4
05/10/2007 20:17:59 Iluvatar paso a nivel 40 gano HP: 6
05/10/2007 20:17:59 Iluvatar paso a nivel 41 gano HP: 5
05/10/2007 20:17:59 Iluvatar paso a nivel 42 gano HP: 6
05/10/2007 20:17:59 Iluvatar paso a nivel 43 gano HP: 5
05/10/2007 20:17:59 Iluvatar paso a nivel 44 gano HP: 6
05/10/2007 20:17:59 Iluvatar paso a nivel 45 gano HP: 4
05/10/2007 20:17:59 Iluvatar paso a nivel 46 gano HP: 4
05/10/2007 20:17:59 Iluvatar paso a nivel 47 gano HP: 4
05/10/2007 20:17:59 Iluvatar paso a nivel 48 gano HP: 4
05/10/2007 20:17:59 Iluvatar paso a nivel 49 gano HP: 4
05/10/2007 20:17:59 Iluvatar paso a nivel 50 gano HP: 4
05/10/2007 20:17:59 Iluvatar paso a nivel 51 gano HP: 4
05/10/2007 20:17:59 Iluvatar paso a nivel 52 gano HP: 5
05/10/2007 20:17:59 Iluvatar paso a nivel 53 gano HP: 5
05/10/2007 20:17:59 Iluvatar paso a nivel 54 gano HP: 5
05/10/2007 20:17:59 Iluvatar paso a nivel 55 gano HP: 6
05/10/2007 20:17:59 Iluvatar paso a nivel 56 gano HP: 4
05/10/2007 20:17:59 Iluvatar paso a nivel 57 gano HP: 4
05/10/2007 20:17:59 Iluvatar paso a nivel 58 gano HP: 6
05/10/2007 20:17:59 Iluvatar paso a nivel 59 gano HP: 5
05/10/2007 20:17:59 Iluvatar paso a nivel 60 gano HP: 5
05/10/2007 20:17:59 Iluvatar paso a nivel 61 gano HP: 4
05/10/2007 20:23:17 ILUVATAR paso a nivel 2 gano HP: 4
05/10/2007 20:23:17 ILUVATAR paso a nivel 3 gano HP: 4
05/10/2007 20:23:17 ILUVATAR paso a nivel 4 gano HP: 4
05/10/2007 20:23:17 ILUVATAR paso a nivel 5 gano HP: 3
05/10/2007 20:23:17 ILUVATAR paso a nivel 6 gano HP: 5
05/10/2007 20:23:17 ILUVATAR paso a nivel 7 gano HP: 4
05/10/2007 20:23:17 ILUVATAR paso a nivel 8 gano HP: 5
05/10/2007 20:23:17 ILUVATAR paso a nivel 9 gano HP: 4
05/10/2007 20:23:17 ILUVATAR paso a nivel 10 gano HP: 5
05/10/2007 20:23:17 ILUVATAR paso a nivel 11 gano HP: 3
05/10/2007 20:23:17 ILUVATAR paso a nivel 12 gano HP: 3
05/10/2007 20:23:17 ILUVATAR paso a nivel 13 gano HP: 3
05/10/2007 20:23:17 ILUVATAR paso a nivel 14 gano HP: 3
05/10/2007 20:23:17 ILUVATAR paso a nivel 15 gano HP: 3
05/10/2007 20:23:17 ILUVATAR paso a nivel 16 gano HP: 3
05/10/2007 20:23:17 ILUVATAR paso a nivel 17 gano HP: 3
05/10/2007 20:23:17 ILUVATAR paso a nivel 18 gano HP: 4
05/10/2007 20:23:17 ILUVATAR paso a nivel 19 gano HP: 4
05/10/2007 20:23:17 ILUVATAR paso a nivel 20 gano HP: 4
05/10/2007 20:23:17 ILUVATAR paso a nivel 21 gano HP: 5
05/10/2007 20:23:17 ILUVATAR paso a nivel 22 gano HP: 3
05/10/2007 20:23:17 ILUVATAR paso a nivel 23 gano HP: 3
05/10/2007 20:23:17 ILUVATAR paso a nivel 24 gano HP: 5
05/10/2007 20:23:17 ILUVATAR paso a nivel 25 gano HP: 4
05/10/2007 20:23:17 ILUVATAR paso a nivel 26 gano HP: 4
05/10/2007 20:23:17 ILUVATAR paso a nivel 27 gano HP: 3
05/10/2007 20:23:17 ILUVATAR paso a nivel 28 gano HP: 5
05/10/2007 20:23:17 ILUVATAR paso a nivel 29 gano HP: 5
05/10/2007 20:23:17 ILUVATAR paso a nivel 30 gano HP: 4
05/10/2007 20:23:17 ILUVATAR paso a nivel 31 gano HP: 3
05/10/2007 20:23:17 ILUVATAR paso a nivel 32 gano HP: 5
05/10/2007 20:23:17 ILUVATAR paso a nivel 33 gano HP: 4
05/10/2007 20:23:17 ILUVATAR paso a nivel 34 gano HP: 4
05/10/2007 20:23:17 ILUVATAR paso a nivel 35 gano HP: 4
05/10/2007 20:23:17 ILUVATAR paso a nivel 36 gano HP: 3
05/10/2007 20:23:17 ILUVATAR paso a nivel 37 gano HP: 3
05/10/2007 20:23:17 ILUVATAR paso a nivel 38 gano HP: 3
05/10/2007 20:23:17 ILUVATAR paso a nivel 39 gano HP: 4
05/10/2007 20:23:17 ILUVATAR paso a nivel 40 gano HP: 3
05/10/2007 20:23:17 ILUVATAR paso a nivel 41 gano HP: 5
05/10/2007 20:23:17 ILUVATAR paso a nivel 42 gano HP: 3
05/10/2007 20:23:17 ILUVATAR paso a nivel 43 gano HP: 4
05/10/2007 20:23:17 ILUVATAR paso a nivel 44 gano HP: 3
05/10/2007 20:23:17 ILUVATAR paso a nivel 45 gano HP: 5
05/10/2007 20:23:17 ILUVATAR paso a nivel 46 gano HP: 5
05/10/2007 20:23:17 ILUVATAR paso a nivel 47 gano HP: 3
05/10/2007 20:23:17 ILUVATAR paso a nivel 48 gano HP: 5
05/10/2007 20:23:17 ILUVATAR paso a nivel 49 gano HP: 3
05/10/2007 20:23:17 ILUVATAR paso a nivel 50 gano HP: 3
05/10/2007 20:23:17 ILUVATAR paso a nivel 51 gano HP: 3
05/10/2007 20:23:17 ILUVATAR paso a nivel 52 gano HP: 3
05/10/2007 20:23:17 ILUVATAR paso a nivel 53 gano HP: 5
05/10/2007 20:23:17 ILUVATAR paso a nivel 54 gano HP: 3
05/10/2007 20:23:17 ILUVATAR paso a nivel 55 gano HP: 3
05/10/2007 20:23:17 ILUVATAR paso a nivel 56 gano HP: 4
05/10/2007 20:23:17 ILUVATAR paso a nivel 57 gano HP: 3
05/10/2007 20:23:17 ILUVATAR paso a nivel 58 gano HP: 4
05/10/2007 20:23:17 ILUVATAR paso a nivel 59 gano HP: 3
05/10/2007 20:23:17 ILUVATAR paso a nivel 60 gano HP: 4
05/10/2007 20:23:17 ILUVATAR paso a nivel 61 gano HP: 3
05/10/2007 20:35:05 ILUVATAR paso a nivel 2 gano HP: 5
05/10/2007 20:35:06 ILUVATAR paso a nivel 3 gano HP: 4
05/10/2007 20:35:07 ILUVATAR paso a nivel 4 gano HP: 3
05/10/2007 20:35:08 ILUVATAR paso a nivel 5 gano HP: 3
05/10/2007 20:35:09 ILUVATAR paso a nivel 6 gano HP: 4
05/10/2007 20:35:09 ILUVATAR paso a nivel 7 gano HP: 3
05/10/2007 20:35:10 ILUVATAR paso a nivel 8 gano HP: 3
05/10/2007 20:35:10 ILUVATAR paso a nivel 9 gano HP: 4
05/10/2007 20:35:11 ILUVATAR paso a nivel 10 gano HP: 3
05/10/2007 20:35:11 ILUVATAR paso a nivel 11 gano HP: 3
05/10/2007 20:35:11 ILUVATAR paso a nivel 12 gano HP: 3
05/10/2007 20:35:11 ILUVATAR paso a nivel 13 gano HP: 4
05/10/2007 20:35:11 ILUVATAR paso a nivel 14 gano HP: 3
05/10/2007 20:35:12 ILUVATAR paso a nivel 15 gano HP: 3
05/10/2007 20:35:12 ILUVATAR paso a nivel 16 gano HP: 5
05/10/2007 20:35:12 ILUVATAR paso a nivel 17 gano HP: 4
05/10/2007 20:35:12 ILUVATAR paso a nivel 18 gano HP: 4
05/10/2007 20:35:12 ILUVATAR paso a nivel 19 gano HP: 3
05/10/2007 20:35:13 ILUVATAR paso a nivel 20 gano HP: 5
05/10/2007 20:35:14 ILUVATAR paso a nivel 21 gano HP: 5
05/10/2007 20:35:14 ILUVATAR paso a nivel 22 gano HP: 3
05/10/2007 20:35:14 ILUVATAR paso a nivel 23 gano HP: 3
05/10/2007 20:35:14 ILUVATAR paso a nivel 24 gano HP: 4
05/10/2007 20:35:15 ILUVATAR paso a nivel 25 gano HP: 5
05/10/2007 20:35:15 ILUVATAR paso a nivel 26 gano HP: 3
05/10/2007 20:35:15 ILUVATAR paso a nivel 27 gano HP: 5
05/10/2007 20:35:15 ILUVATAR paso a nivel 28 gano HP: 3
05/10/2007 20:35:15 ILUVATAR paso a nivel 29 gano HP: 5
05/10/2007 20:35:16 ILUVATAR paso a nivel 30 gano HP: 4
05/10/2007 20:35:16 ILUVATAR paso a nivel 31 gano HP: 3
05/10/2007 20:35:16 ILUVATAR paso a nivel 32 gano HP: 4
05/10/2007 20:35:16 ILUVATAR paso a nivel 33 gano HP: 3
05/10/2007 20:35:17 ILUVATAR paso a nivel 34 gano HP: 4
05/10/2007 20:35:17 ILUVATAR paso a nivel 35 gano HP: 5
05/10/2007 20:35:17 ILUVATAR paso a nivel 36 gano HP: 3
05/10/2007 20:35:19 ILUVATAR paso a nivel 37 gano HP: 4
05/10/2007 20:35:19 ILUVATAR paso a nivel 38 gano HP: 4
05/10/2007 20:35:19 ILUVATAR paso a nivel 39 gano HP: 5
05/10/2007 20:35:19 ILUVATAR paso a nivel 40 gano HP: 4
05/10/2007 20:35:19 ILUVATAR paso a nivel 41 gano HP: 4
05/10/2007 20:35:20 ILUVATAR paso a nivel 42 gano HP: 3
05/10/2007 20:35:20 ILUVATAR paso a nivel 43 gano HP: 5
05/10/2007 20:35:20 ILUVATAR paso a nivel 44 gano HP: 5
05/10/2007 20:35:20 ILUVATAR paso a nivel 45 gano HP: 5
05/10/2007 20:35:20 ILUVATAR paso a nivel 46 gano HP: 3
05/10/2007 20:35:21 ILUVATAR paso a nivel 47 gano HP: 4
05/10/2007 20:35:21 ILUVATAR paso a nivel 48 gano HP: 5
05/10/2007 20:35:21 ILUVATAR paso a nivel 49 gano HP: 3
05/10/2007 20:35:21 ILUVATAR paso a nivel 50 gano HP: 5
05/10/2007 20:35:21 ILUVATAR paso a nivel 51 gano HP: 4
05/10/2007 20:35:22 ILUVATAR paso a nivel 52 gano HP: 3
05/10/2007 20:35:22 ILUVATAR paso a nivel 53 gano HP: 4
05/10/2007 20:35:22 ILUVATAR paso a nivel 54 gano HP: 5
05/10/2007 20:35:22 ILUVATAR paso a nivel 55 gano HP: 3
05/10/2007 20:35:22 ILUVATAR paso a nivel 56 gano HP: 3
05/10/2007 20:35:23 ILUVATAR paso a nivel 57 gano HP: 4
05/10/2007 20:35:23 ILUVATAR paso a nivel 58 gano HP: 3
05/10/2007 20:35:23 ILUVATAR paso a nivel 59 gano HP: 5
05/10/2007 20:35:24 ILUVATAR paso a nivel 60 gano HP: 5
05/10/2007 20:35:24 ILUVATAR paso a nivel 61 gano HP: 3
05/10/2007 20:39:34 ILUVATAR paso a nivel 2 gano HP: 6
05/10/2007 20:39:34 ILUVATAR paso a nivel 3 gano HP: 7
05/10/2007 20:39:34 ILUVATAR paso a nivel 4 gano HP: 6
05/10/2007 20:39:34 ILUVATAR paso a nivel 5 gano HP: 5
05/10/2007 20:39:34 ILUVATAR paso a nivel 6 gano HP: 6
05/10/2007 20:39:34 ILUVATAR paso a nivel 7 gano HP: 4
05/10/2007 20:39:34 ILUVATAR paso a nivel 8 gano HP: 6
05/10/2007 20:39:34 ILUVATAR paso a nivel 9 gano HP: 5
05/10/2007 20:39:34 ILUVATAR paso a nivel 10 gano HP: 6
05/10/2007 20:39:34 ILUVATAR paso a nivel 11 gano HP: 7
05/10/2007 20:39:34 ILUVATAR paso a nivel 12 gano HP: 5
05/10/2007 20:39:34 ILUVATAR paso a nivel 13 gano HP: 5
05/10/2007 20:39:34 ILUVATAR paso a nivel 14 gano HP: 5
05/10/2007 20:39:34 ILUVATAR paso a nivel 15 gano HP: 4
05/10/2007 20:39:34 ILUVATAR paso a nivel 16 gano HP: 6
05/10/2007 20:39:34 ILUVATAR paso a nivel 17 gano HP: 4
05/10/2007 20:39:34 ILUVATAR paso a nivel 18 gano HP: 6
05/10/2007 20:39:34 ILUVATAR paso a nivel 19 gano HP: 5
05/10/2007 20:39:34 ILUVATAR paso a nivel 20 gano HP: 7
05/10/2007 20:39:34 ILUVATAR paso a nivel 21 gano HP: 5
05/10/2007 20:39:34 ILUVATAR paso a nivel 22 gano HP: 4
05/10/2007 20:39:34 ILUVATAR paso a nivel 23 gano HP: 6
05/10/2007 20:39:34 ILUVATAR paso a nivel 24 gano HP: 6
05/10/2007 20:39:34 ILUVATAR paso a nivel 25 gano HP: 6
05/10/2007 20:39:34 ILUVATAR paso a nivel 26 gano HP: 7
05/10/2007 20:39:34 ILUVATAR paso a nivel 27 gano HP: 4
05/10/2007 20:39:34 ILUVATAR paso a nivel 28 gano HP: 7
05/10/2007 20:39:34 ILUVATAR paso a nivel 29 gano HP: 4
05/10/2007 20:39:34 ILUVATAR paso a nivel 30 gano HP: 7
05/10/2007 20:39:34 ILUVATAR paso a nivel 31 gano HP: 4
05/10/2007 20:39:34 ILUVATAR paso a nivel 32 gano HP: 4
05/10/2007 20:39:34 ILUVATAR paso a nivel 33 gano HP: 7
05/10/2007 20:39:34 ILUVATAR paso a nivel 34 gano HP: 5
05/10/2007 20:39:34 ILUVATAR paso a nivel 35 gano HP: 5
05/10/2007 20:39:34 ILUVATAR paso a nivel 36 gano HP: 4
05/10/2007 20:39:34 ILUVATAR paso a nivel 37 gano HP: 4
05/10/2007 20:39:34 ILUVATAR paso a nivel 38 gano HP: 4
05/10/2007 20:39:34 ILUVATAR paso a nivel 39 gano HP: 4
05/10/2007 20:39:34 ILUVATAR paso a nivel 40 gano HP: 6
05/10/2007 20:39:34 ILUVATAR paso a nivel 41 gano HP: 6
05/10/2007 20:39:34 ILUVATAR paso a nivel 42 gano HP: 6
05/10/2007 20:39:34 ILUVATAR paso a nivel 43 gano HP: 4
05/10/2007 20:39:34 ILUVATAR paso a nivel 44 gano HP: 5
05/10/2007 20:53:33 Iluvatar paso a nivel 45 gano HP: 7
05/10/2007 21:15:56 Iluvatar paso a nivel 45 gano HP: 7
06/10/2007 12:03:59 Iluvatar paso a nivel 2 gano HP: 4
06/10/2007 12:03:59 Iluvatar paso a nivel 3 gano HP: 5
06/10/2007 12:03:59 Iluvatar paso a nivel 4 gano HP: 5
06/10/2007 12:03:59 Iluvatar paso a nivel 5 gano HP: 5
06/10/2007 12:03:59 Iluvatar paso a nivel 6 gano HP: 4
06/10/2007 12:03:59 Iluvatar paso a nivel 7 gano HP: 4
06/10/2007 12:03:59 Iluvatar paso a nivel 8 gano HP: 4
06/10/2007 12:03:59 Iluvatar paso a nivel 9 gano HP: 4
06/10/2007 12:03:59 Iluvatar paso a nivel 10 gano HP: 3
06/10/2007 12:03:59 Iluvatar paso a nivel 11 gano HP: 3
06/10/2007 12:03:59 Iluvatar paso a nivel 12 gano HP: 6
06/10/2007 12:03:59 Iluvatar paso a nivel 13 gano HP: 3
06/10/2007 12:03:59 Iluvatar paso a nivel 14 gano HP: 4
06/10/2007 12:03:59 Iluvatar paso a nivel 15 gano HP: 4
06/10/2007 12:03:59 Iluvatar paso a nivel 16 gano HP: 4
06/10/2007 12:03:59 Iluvatar paso a nivel 17 gano HP: 3
06/10/2007 12:03:59 Iluvatar paso a nivel 18 gano HP: 4
06/10/2007 12:03:59 Iluvatar paso a nivel 19 gano HP: 4
06/10/2007 12:03:59 Iluvatar paso a nivel 20 gano HP: 5
06/10/2007 12:03:59 Iluvatar paso a nivel 21 gano HP: 5
06/10/2007 12:03:59 Iluvatar paso a nivel 22 gano HP: 3
06/10/2007 12:03:59 Iluvatar paso a nivel 23 gano HP: 6
06/10/2007 12:03:59 Iluvatar paso a nivel 24 gano HP: 5
06/10/2007 12:03:59 Iluvatar paso a nivel 25 gano HP: 5
06/10/2007 12:03:59 Iluvatar paso a nivel 26 gano HP: 4
06/10/2007 12:03:59 Iluvatar paso a nivel 27 gano HP: 3
06/10/2007 12:03:59 Iluvatar paso a nivel 28 gano HP: 6
06/10/2007 12:03:59 Iluvatar paso a nivel 29 gano HP: 4
06/10/2007 12:03:59 Iluvatar paso a nivel 30 gano HP: 6
06/10/2007 12:03:59 Iluvatar paso a nivel 31 gano HP: 5
06/10/2007 12:03:59 Iluvatar paso a nivel 32 gano HP: 6
06/10/2007 12:03:59 Iluvatar paso a nivel 33 gano HP: 3
06/10/2007 12:03:59 Iluvatar paso a nivel 34 gano HP: 3
06/10/2007 12:03:59 Iluvatar paso a nivel 35 gano HP: 3
06/10/2007 12:03:59 Iluvatar paso a nivel 36 gano HP: 3
06/10/2007 12:03:59 Iluvatar paso a nivel 37 gano HP: 4
06/10/2007 12:03:59 Iluvatar paso a nivel 38 gano HP: 3
06/10/2007 12:03:59 Iluvatar paso a nivel 39 gano HP: 3
06/10/2007 12:03:59 Iluvatar paso a nivel 40 gano HP: 5
06/10/2007 12:03:59 Iluvatar paso a nivel 41 gano HP: 5
06/10/2007 12:03:59 Iluvatar paso a nivel 42 gano HP: 5
06/10/2007 12:03:59 Iluvatar paso a nivel 43 gano HP: 6
06/10/2007 12:03:59 Iluvatar paso a nivel 44 gano HP: 3
06/10/2007 12:03:59 Iluvatar paso a nivel 45 gano HP: 3
06/10/2007 12:09:15 Clero paso a nivel 2 gano HP: 7
06/10/2007 12:09:15 Clero paso a nivel 3 gano HP: 7
06/10/2007 12:09:15 Clero paso a nivel 4 gano HP: 7
06/10/2007 12:09:15 Clero paso a nivel 5 gano HP: 6
06/10/2007 12:09:15 Clero paso a nivel 6 gano HP: 6
06/10/2007 12:09:15 Clero paso a nivel 7 gano HP: 8
06/10/2007 12:09:15 Clero paso a nivel 8 gano HP: 5
06/10/2007 12:09:15 Clero paso a nivel 9 gano HP: 8
06/10/2007 12:09:15 Clero paso a nivel 10 gano HP: 8
06/10/2007 12:09:15 Clero paso a nivel 11 gano HP: 7
06/10/2007 12:09:15 Clero paso a nivel 12 gano HP: 5
06/10/2007 12:09:15 Clero paso a nivel 13 gano HP: 6
06/10/2007 12:09:15 Clero paso a nivel 14 gano HP: 8
06/10/2007 12:09:15 Clero paso a nivel 15 gano HP: 8
06/10/2007 12:09:15 Clero paso a nivel 16 gano HP: 6
06/10/2007 12:09:15 Clero paso a nivel 17 gano HP: 8
06/10/2007 12:09:15 Clero paso a nivel 18 gano HP: 8
06/10/2007 12:09:15 Clero paso a nivel 19 gano HP: 5
06/10/2007 12:09:15 Clero paso a nivel 20 gano HP: 8
06/10/2007 12:09:15 Clero paso a nivel 21 gano HP: 6
06/10/2007 12:09:15 Clero paso a nivel 22 gano HP: 7
06/10/2007 12:09:15 Clero paso a nivel 23 gano HP: 8
06/10/2007 12:09:15 Clero paso a nivel 24 gano HP: 5
06/10/2007 12:09:15 Clero paso a nivel 25 gano HP: 7
06/10/2007 12:09:15 Clero paso a nivel 26 gano HP: 6
06/10/2007 12:09:15 Clero paso a nivel 27 gano HP: 6
06/10/2007 12:09:15 Clero paso a nivel 28 gano HP: 7
06/10/2007 12:09:15 Clero paso a nivel 29 gano HP: 7
06/10/2007 12:09:15 Clero paso a nivel 30 gano HP: 6
06/10/2007 12:09:15 Clero paso a nivel 31 gano HP: 6
06/10/2007 12:09:15 Clero paso a nivel 32 gano HP: 8
06/10/2007 12:09:15 Clero paso a nivel 33 gano HP: 8
06/10/2007 12:09:15 Clero paso a nivel 34 gano HP: 7
06/10/2007 12:09:15 Clero paso a nivel 35 gano HP: 8
06/10/2007 12:09:15 Clero paso a nivel 36 gano HP: 8
06/10/2007 12:09:15 Clero paso a nivel 37 gano HP: 5
06/10/2007 12:09:15 Clero paso a nivel 38 gano HP: 7
06/10/2007 12:09:15 Clero paso a nivel 39 gano HP: 8
06/10/2007 12:09:15 Clero paso a nivel 40 gano HP: 5
06/10/2007 12:09:15 Clero paso a nivel 41 gano HP: 7
06/10/2007 12:09:15 Clero paso a nivel 42 gano HP: 5
06/10/2007 12:09:15 Clero paso a nivel 43 gano HP: 8
06/10/2007 12:09:15 Clero paso a nivel 44 gano HP: 7
06/10/2007 12:09:15 Clero paso a nivel 45 gano HP: 5
06/10/2007 12:18:24 ASE paso a nivel 2 gano HP: 5
06/10/2007 12:18:24 ASE paso a nivel 3 gano HP: 8
06/10/2007 12:18:24 ASE paso a nivel 4 gano HP: 6
06/10/2007 12:18:24 ASE paso a nivel 5 gano HP: 5
06/10/2007 12:18:24 ASE paso a nivel 6 gano HP: 8
06/10/2007 12:18:24 ASE paso a nivel 7 gano HP: 7
06/10/2007 12:18:24 ASE paso a nivel 8 gano HP: 6
06/10/2007 12:18:24 ASE paso a nivel 9 gano HP: 8
06/10/2007 12:18:24 ASE paso a nivel 10 gano HP: 8
06/10/2007 12:18:24 ASE paso a nivel 11 gano HP: 8
06/10/2007 12:18:24 ASE paso a nivel 12 gano HP: 6
06/10/2007 12:18:24 ASE paso a nivel 13 gano HP: 6
06/10/2007 12:18:24 ASE paso a nivel 14 gano HP: 8
06/10/2007 12:18:24 ASE paso a nivel 15 gano HP: 8
06/10/2007 12:18:24 ASE paso a nivel 16 gano HP: 7
06/10/2007 12:18:24 ASE paso a nivel 17 gano HP: 8
06/10/2007 12:18:24 ASE paso a nivel 18 gano HP: 7
06/10/2007 12:18:24 ASE paso a nivel 19 gano HP: 6
06/10/2007 12:18:24 ASE paso a nivel 20 gano HP: 8
06/10/2007 12:18:24 ASE paso a nivel 21 gano HP: 7
06/10/2007 12:18:24 ASE paso a nivel 22 gano HP: 8
06/10/2007 12:18:24 ASE paso a nivel 23 gano HP: 5
06/10/2007 12:18:24 ASE paso a nivel 24 gano HP: 8
06/10/2007 12:18:24 ASE paso a nivel 25 gano HP: 7
06/10/2007 12:18:24 ASE paso a nivel 26 gano HP: 8
06/10/2007 12:18:24 ASE paso a nivel 27 gano HP: 8
06/10/2007 12:18:24 ASE paso a nivel 28 gano HP: 8
06/10/2007 12:18:24 ASE paso a nivel 29 gano HP: 8
06/10/2007 12:18:24 ASE paso a nivel 30 gano HP: 6
06/10/2007 12:18:24 ASE paso a nivel 31 gano HP: 7
06/10/2007 12:18:24 ASE paso a nivel 32 gano HP: 7
06/10/2007 12:18:24 ASE paso a nivel 33 gano HP: 5
06/10/2007 12:18:24 ASE paso a nivel 34 gano HP: 6
06/10/2007 12:18:24 ASE paso a nivel 35 gano HP: 6
06/10/2007 12:18:24 ASE paso a nivel 36 gano HP: 8
06/10/2007 12:18:24 ASE paso a nivel 37 gano HP: 8
06/10/2007 12:18:24 ASE paso a nivel 38 gano HP: 6
06/10/2007 12:18:24 ASE paso a nivel 39 gano HP: 8
06/10/2007 12:18:24 ASE paso a nivel 40 gano HP: 7
06/10/2007 12:18:24 ASE paso a nivel 41 gano HP: 8
06/10/2007 12:18:24 ASE paso a nivel 42 gano HP: 6
06/10/2007 12:18:24 ASE paso a nivel 43 gano HP: 8
06/10/2007 12:18:24 ASE paso a nivel 44 gano HP: 6
06/10/2007 12:18:24 ASE paso a nivel 45 gano HP: 5
06/10/2007 12:37:26 ILUVATAR paso a nivel 2 gano HP: 5
06/10/2007 12:37:26 ILUVATAR paso a nivel 3 gano HP: 6
06/10/2007 12:37:26 ILUVATAR paso a nivel 4 gano HP: 7
06/10/2007 12:37:26 ILUVATAR paso a nivel 5 gano HP: 6
06/10/2007 12:37:26 ILUVATAR paso a nivel 6 gano HP: 5
06/10/2007 12:37:26 ILUVATAR paso a nivel 7 gano HP: 7
06/10/2007 12:37:26 ILUVATAR paso a nivel 8 gano HP: 6
06/10/2007 12:37:26 ILUVATAR paso a nivel 9 gano HP: 5
06/10/2007 12:37:26 ILUVATAR paso a nivel 10 gano HP: 7
06/10/2007 12:37:26 ILUVATAR paso a nivel 11 gano HP: 5
06/10/2007 12:37:26 ILUVATAR paso a nivel 12 gano HP: 6
06/10/2007 12:37:26 ILUVATAR paso a nivel 13 gano HP: 5
06/10/2007 12:37:26 ILUVATAR paso a nivel 14 gano HP: 7
06/10/2007 12:37:26 ILUVATAR paso a nivel 15 gano HP: 6
06/10/2007 12:37:26 ILUVATAR paso a nivel 16 gano HP: 6
06/10/2007 12:37:26 ILUVATAR paso a nivel 17 gano HP: 6
06/10/2007 12:37:26 ILUVATAR paso a nivel 18 gano HP: 7
06/10/2007 12:37:26 ILUVATAR paso a nivel 19 gano HP: 6
06/10/2007 12:37:26 ILUVATAR paso a nivel 20 gano HP: 7
06/10/2007 12:37:26 ILUVATAR paso a nivel 21 gano HP: 6
06/10/2007 12:37:26 ILUVATAR paso a nivel 22 gano HP: 5
06/10/2007 12:37:26 ILUVATAR paso a nivel 23 gano HP: 7
06/10/2007 12:37:26 ILUVATAR paso a nivel 24 gano HP: 5
06/10/2007 12:37:26 ILUVATAR paso a nivel 25 gano HP: 5
06/10/2007 12:37:26 ILUVATAR paso a nivel 26 gano HP: 5
06/10/2007 12:37:26 ILUVATAR paso a nivel 27 gano HP: 6
06/10/2007 12:37:26 ILUVATAR paso a nivel 28 gano HP: 5
06/10/2007 12:37:26 ILUVATAR paso a nivel 29 gano HP: 7
06/10/2007 12:37:26 ILUVATAR paso a nivel 30 gano HP: 7
06/10/2007 12:37:26 ILUVATAR paso a nivel 31 gano HP: 5
06/10/2007 12:37:26 ILUVATAR paso a nivel 32 gano HP: 7
06/10/2007 12:37:26 ILUVATAR paso a nivel 33 gano HP: 6
06/10/2007 12:37:26 ILUVATAR paso a nivel 34 gano HP: 7
06/10/2007 12:37:26 ILUVATAR paso a nivel 35 gano HP: 7
06/10/2007 12:37:26 ILUVATAR paso a nivel 36 gano HP: 6
06/10/2007 12:37:26 ILUVATAR paso a nivel 37 gano HP: 5
06/10/2007 12:37:26 ILUVATAR paso a nivel 38 gano HP: 6
06/10/2007 12:37:26 ILUVATAR paso a nivel 39 gano HP: 6
06/10/2007 12:37:26 ILUVATAR paso a nivel 40 gano HP: 7
06/10/2007 12:37:26 ILUVATAR paso a nivel 41 gano HP: 5
06/10/2007 12:37:26 ILUVATAR paso a nivel 42 gano HP: 7
06/10/2007 12:37:26 ILUVATAR paso a nivel 43 gano HP: 5
06/10/2007 12:37:26 ILUVATAR paso a nivel 44 gano HP: 6
06/10/2007 12:37:26 ILUVATAR paso a nivel 45 gano HP: 7
06/10/2007 13:01:05 GANDALF paso a nivel 2 gano HP: 5
06/10/2007 13:01:05 GANDALF paso a nivel 3 gano HP: 3
06/10/2007 13:01:05 GANDALF paso a nivel 4 gano HP: 6
06/10/2007 13:01:05 GANDALF paso a nivel 5 gano HP: 3
06/10/2007 13:01:05 GANDALF paso a nivel 6 gano HP: 4
06/10/2007 13:01:05 GANDALF paso a nivel 7 gano HP: 4
06/10/2007 13:01:05 GANDALF paso a nivel 8 gano HP: 6
06/10/2007 13:01:05 GANDALF paso a nivel 9 gano HP: 6
06/10/2007 13:01:05 GANDALF paso a nivel 10 gano HP: 4
06/10/2007 13:01:05 GANDALF paso a nivel 11 gano HP: 5
06/10/2007 13:01:05 GANDALF paso a nivel 12 gano HP: 4
06/10/2007 13:01:05 GANDALF paso a nivel 13 gano HP: 3
06/10/2007 13:01:05 GANDALF paso a nivel 14 gano HP: 3
06/10/2007 13:01:05 GANDALF paso a nivel 15 gano HP: 4
06/10/2007 13:01:05 GANDALF paso a nivel 16 gano HP: 6
06/10/2007 13:01:05 GANDALF paso a nivel 17 gano HP: 4
06/10/2007 13:01:05 GANDALF paso a nivel 18 gano HP: 3
06/10/2007 13:01:05 GANDALF paso a nivel 19 gano HP: 4
06/10/2007 13:01:05 GANDALF paso a nivel 20 gano HP: 4
06/10/2007 13:01:05 GANDALF paso a nivel 21 gano HP: 4
06/10/2007 13:01:05 GANDALF paso a nivel 22 gano HP: 3
06/10/2007 13:01:05 GANDALF paso a nivel 23 gano HP: 4
06/10/2007 13:01:05 GANDALF paso a nivel 24 gano HP: 3
06/10/2007 13:01:05 GANDALF paso a nivel 25 gano HP: 6
06/10/2007 13:01:05 GANDALF paso a nivel 26 gano HP: 5
06/10/2007 13:01:05 GANDALF paso a nivel 27 gano HP: 6
06/10/2007 13:01:05 GANDALF paso a nivel 28 gano HP: 6
06/10/2007 13:01:05 GANDALF paso a nivel 29 gano HP: 4
06/10/2007 13:01:05 GANDALF paso a nivel 30 gano HP: 5
06/10/2007 13:01:05 GANDALF paso a nivel 31 gano HP: 3
06/10/2007 13:01:05 GANDALF paso a nivel 32 gano HP: 5
06/10/2007 13:01:05 GANDALF paso a nivel 33 gano HP: 4
06/10/2007 13:01:05 GANDALF paso a nivel 34 gano HP: 6
06/10/2007 13:01:05 GANDALF paso a nivel 35 gano HP: 3
06/10/2007 13:01:05 GANDALF paso a nivel 36 gano HP: 6
06/10/2007 13:01:05 GANDALF paso a nivel 37 gano HP: 5
06/10/2007 13:01:05 GANDALF paso a nivel 38 gano HP: 4
06/10/2007 13:01:05 GANDALF paso a nivel 39 gano HP: 3
06/10/2007 13:01:05 GANDALF paso a nivel 40 gano HP: 4
06/10/2007 13:01:05 GANDALF paso a nivel 41 gano HP: 3
06/10/2007 13:01:05 GANDALF paso a nivel 42 gano HP: 6
06/10/2007 13:01:05 GANDALF paso a nivel 43 gano HP: 3
06/10/2007 13:01:05 GANDALF paso a nivel 44 gano HP: 3
06/10/2007 13:01:05 GANDALF paso a nivel 45 gano HP: 4
11/10/2007 01:31:26 p.m. ASD paso a nivel 2 gano HP: 3
11/10/2007 01:35:30 p.m. asd paso a nivel 3 gano HP: 3
11/10/2007 01:35:30 p.m. asd paso a nivel 4 gano HP: 4
11/10/2007 01:35:30 p.m. asd paso a nivel 5 gano HP: 4
11/10/2007 01:35:30 p.m. asd paso a nivel 6 gano HP: 5
11/10/2007 01:35:30 p.m. asd paso a nivel 7 gano HP: 4
11/10/2007 01:35:30 p.m. asd paso a nivel 8 gano HP: 3
11/10/2007 01:35:30 p.m. asd paso a nivel 9 gano HP: 5
11/10/2007 01:35:30 p.m. asd paso a nivel 10 gano HP: 3
11/10/2007 01:35:30 p.m. asd paso a nivel 11 gano HP: 3
11/10/2007 01:35:30 p.m. asd paso a nivel 12 gano HP: 4
11/10/2007 01:35:30 p.m. asd paso a nivel 13 gano HP: 4
11/10/2007 01:35:30 p.m. asd paso a nivel 14 gano HP: 4
11/10/2007 01:35:30 p.m. asd paso a nivel 15 gano HP: 5
11/10/2007 01:35:30 p.m. asd paso a nivel 16 gano HP: 4
11/10/2007 01:35:30 p.m. asd paso a nivel 17 gano HP: 5
11/10/2007 01:35:30 p.m. asd paso a nivel 18 gano HP: 5
11/10/2007 01:35:30 p.m. asd paso a nivel 19 gano HP: 4
11/10/2007 01:35:30 p.m. asd paso a nivel 20 gano HP: 5
11/10/2007 01:35:30 p.m. asd paso a nivel 21 gano HP: 4
11/10/2007 01:35:30 p.m. asd paso a nivel 22 gano HP: 4
11/10/2007 01:35:30 p.m. asd paso a nivel 23 gano HP: 3
11/10/2007 02:49:58 p.m. asd paso a nivel 32 gano HP: 5
11/10/2007 02:51:32 p.m. asd paso a nivel 33 gano HP: 4
11/10/2007 03:31:25 p.m. asd paso a nivel 34 gano HP: 5
11/10/2007 03:31:47 p.m. asd paso a nivel 35 gano HP: 3
26/10/2007 11:38:55 a.m. Iluvatar paso a nivel 2 gano HP: 3
26/10/2007 11:38:55 a.m. Iluvatar paso a nivel 3 gano HP: 3
26/10/2007 11:38:55 a.m. Iluvatar paso a nivel 4 gano HP: 6
26/10/2007 11:38:55 a.m. Iluvatar paso a nivel 5 gano HP: 6
26/10/2007 11:38:55 a.m. Iluvatar paso a nivel 6 gano HP: 4
26/10/2007 11:38:55 a.m. Iluvatar paso a nivel 7 gano HP: 6
26/10/2007 11:39:07 a.m. Iluvatar paso a nivel 8 gano HP: 3
26/10/2007 11:39:07 a.m. Iluvatar paso a nivel 9 gano HP: 5
26/10/2007 11:39:07 a.m. Iluvatar paso a nivel 10 gano HP: 4
26/10/2007 11:39:07 a.m. Iluvatar paso a nivel 11 gano HP: 3
26/10/2007 11:39:07 a.m. Iluvatar paso a nivel 12 gano HP: 6
26/10/2007 11:42:33 a.m. Iluvatar paso a nivel 13 gano HP: 4
26/10/2007 11:42:33 a.m. Iluvatar paso a nivel 14 gano HP: 4
26/10/2007 11:43:48 a.m. Iluvatar paso a nivel 15 gano HP: 5
26/10/2007 11:46:36 a.m. Iluvatar paso a nivel 16 gano HP: 4
26/10/2007 11:48:25 a.m. Iluvatar paso a nivel 17 gano HP: 3
26/10/2007 11:51:23 a.m. Iluvatar paso a nivel 18 gano HP: 3
26/10/2007 12:02:04 p.m. Iluvatar paso a nivel 19 gano HP: 6
28/10/2007 10:13:00 a.m. ASD paso a nivel 2 gano HP: 8
28/10/2007 10:13:00 a.m. ASD paso a nivel 3 gano HP: 9
28/10/2007 10:13:00 a.m. ASD paso a nivel 4 gano HP: 6
28/10/2007 10:13:00 a.m. ASD paso a nivel 5 gano HP: 6
28/10/2007 10:13:00 a.m. ASD paso a nivel 6 gano HP: 9
28/10/2007 10:13:00 a.m. ASD paso a nivel 7 gano HP: 9
28/10/2007 10:13:00 a.m. ASD paso a nivel 8 gano HP: 7
28/10/2007 10:13:00 a.m. ASD paso a nivel 9 gano HP: 7
28/10/2007 10:13:00 a.m. ASD paso a nivel 10 gano HP: 5
28/10/2007 10:13:00 a.m. ASD paso a nivel 11 gano HP: 9
28/10/2007 10:13:00 a.m. ASD paso a nivel 12 gano HP: 6
28/10/2007 10:13:00 a.m. ASD paso a nivel 13 gano HP: 5
28/10/2007 10:13:00 a.m. ASD paso a nivel 14 gano HP: 6
28/10/2007 10:13:00 a.m. ASD paso a nivel 15 gano HP: 8
28/10/2007 10:13:00 a.m. ASD paso a nivel 16 gano HP: 6
28/10/2007 10:13:00 a.m. ASD paso a nivel 17 gano HP: 8
28/10/2007 10:13:00 a.m. ASD paso a nivel 18 gano HP: 8
28/10/2007 10:13:00 a.m. ASD paso a nivel 19 gano HP: 8
28/10/2007 10:13:00 a.m. ASD paso a nivel 20 gano HP: 5
28/10/2007 10:13:00 a.m. ASD paso a nivel 21 gano HP: 5
28/10/2007 10:13:00 a.m. ASD paso a nivel 22 gano HP: 6
28/10/2007 10:13:00 a.m. ASD paso a nivel 23 gano HP: 5
28/10/2007 02:18:11 p.m. ILUVATAR paso a nivel 2 gano HP: 3
28/10/2007 02:18:11 p.m. ILUVATAR paso a nivel 3 gano HP: 3
28/10/2007 02:18:11 p.m. ILUVATAR paso a nivel 4 gano HP: 5
28/10/2007 02:18:11 p.m. ILUVATAR paso a nivel 5 gano HP: 3
28/10/2007 02:18:11 p.m. ILUVATAR paso a nivel 6 gano HP: 4
28/10/2007 02:18:11 p.m. ILUVATAR paso a nivel 7 gano HP: 4
28/10/2007 02:18:11 p.m. ILUVATAR paso a nivel 8 gano HP: 5
28/10/2007 02:18:16 p.m. ILUVATAR paso a nivel 9 gano HP: 4
28/10/2007 02:18:16 p.m. ILUVATAR paso a nivel 10 gano HP: 4
28/10/2007 02:18:21 p.m. ILUVATAR paso a nivel 11 gano HP: 3
28/10/2007 02:18:21 p.m. ILUVATAR paso a nivel 12 gano HP: 4
28/10/2007 02:18:21 p.m. ILUVATAR paso a nivel 13 gano HP: 5
28/10/2007 02:18:21 p.m. ILUVATAR paso a nivel 14 gano HP: 3
28/10/2007 02:18:21 p.m. ILUVATAR paso a nivel 15 gano HP: 3
28/10/2007 02:18:21 p.m. ILUVATAR paso a nivel 16 gano HP: 5
28/10/2007 02:36:24 p.m. ASD paso a nivel 2 gano HP: 5
28/10/2007 02:36:24 p.m. ASD paso a nivel 3 gano HP: 5
28/10/2007 02:36:24 p.m. ASD paso a nivel 4 gano HP: 8
28/10/2007 02:36:24 p.m. ASD paso a nivel 5 gano HP: 6
28/10/2007 02:36:24 p.m. ASD paso a nivel 6 gano HP: 5
28/10/2007 02:36:24 p.m. ASD paso a nivel 7 gano HP: 5
28/10/2007 02:36:24 p.m. ASD paso a nivel 8 gano HP: 8
28/10/2007 02:36:24 p.m. ASD paso a nivel 9 gano HP: 9
28/10/2007 02:36:24 p.m. ASD paso a nivel 10 gano HP: 7
28/10/2007 02:36:24 p.m. ASD paso a nivel 11 gano HP: 9
28/10/2007 02:36:24 p.m. ASD paso a nivel 12 gano HP: 9
28/10/2007 02:36:24 p.m. ASD paso a nivel 13 gano HP: 7
28/10/2007 02:36:24 p.m. ASD paso a nivel 14 gano HP: 5
28/10/2007 02:36:24 p.m. ASD paso a nivel 15 gano HP: 8
28/10/2007 02:36:24 p.m. ASD paso a nivel 16 gano HP: 6
28/10/2007 02:36:24 p.m. ASD paso a nivel 17 gano HP: 6
28/10/2007 02:36:24 p.m. ASD paso a nivel 18 gano HP: 8
28/10/2007 02:36:24 p.m. ASD paso a nivel 19 gano HP: 7
28/10/2007 02:36:24 p.m. ASD paso a nivel 20 gano HP: 6
28/10/2007 02:36:24 p.m. ASD paso a nivel 21 gano HP: 6
28/10/2007 02:36:24 p.m. ASD paso a nivel 22 gano HP: 9
28/10/2007 02:36:24 p.m. ASD paso a nivel 23 gano HP: 5
28/10/2007 02:36:24 p.m. ASD paso a nivel 24 gano HP: 7
28/10/2007 02:36:24 p.m. ASD paso a nivel 25 gano HP: 8
28/10/2007 02:36:24 p.m. ASD paso a nivel 26 gano HP: 7
28/10/2007 02:36:24 p.m. ASD paso a nivel 27 gano HP: 8
28/10/2007 02:36:24 p.m. ASD paso a nivel 28 gano HP: 5
28/10/2007 02:36:24 p.m. ASD paso a nivel 29 gano HP: 6
28/10/2007 02:36:24 p.m. ASD paso a nivel 30 gano HP: 5
28/10/2007 02:36:24 p.m. ASD paso a nivel 31 gano HP: 8
28/10/2007 02:41:06 p.m. ILUVATAR paso a nivel 2 gano HP: 5
28/10/2007 02:41:06 p.m. ILUVATAR paso a nivel 3 gano HP: 4
28/10/2007 02:41:06 p.m. ILUVATAR paso a nivel 4 gano HP: 4
28/10/2007 02:41:06 p.m. ILUVATAR paso a nivel 5 gano HP: 6
28/10/2007 02:41:06 p.m. ILUVATAR paso a nivel 6 gano HP: 4
28/10/2007 02:41:06 p.m. ILUVATAR paso a nivel 7 gano HP: 5
28/10/2007 02:41:06 p.m. ILUVATAR paso a nivel 8 gano HP: 5
28/10/2007 02:41:06 p.m. ILUVATAR paso a nivel 9 gano HP: 6
28/10/2007 02:41:06 p.m. ILUVATAR paso a nivel 10 gano HP: 5
28/10/2007 02:41:06 p.m. ILUVATAR paso a nivel 11 gano HP: 6
28/10/2007 02:41:06 p.m. ILUVATAR paso a nivel 12 gano HP: 5
28/10/2007 02:41:06 p.m. ILUVATAR paso a nivel 13 gano HP: 5
28/10/2007 02:41:06 p.m. ILUVATAR paso a nivel 14 gano HP: 6
28/10/2007 02:41:06 p.m. ILUVATAR paso a nivel 15 gano HP: 5
