06/02/2007 12:43:17 a.m. kyos paso a nivel 2 gano HP: 6
06/02/2007 12:43:17 a.m. kyos paso a nivel 3 gano HP: 6
06/02/2007 12:43:17 a.m. kyos paso a nivel 4 gano HP: 7
06/02/2007 12:43:17 a.m. kyos paso a nivel 5 gano HP: 4
06/02/2007 12:43:17 a.m. kyos paso a nivel 6 gano HP: 4
06/02/2007 12:43:17 a.m. kyos paso a nivel 7 gano HP: 5
06/02/2007 12:43:17 a.m. kyos paso a nivel 8 gano HP: 7
06/02/2007 12:43:17 a.m. kyos paso a nivel 9 gano HP: 6
06/02/2007 12:43:17 a.m. kyos paso a nivel 10 gano HP: 7
06/02/2007 12:43:17 a.m. kyos paso a nivel 11 gano HP: 5
06/02/2007 12:43:17 a.m. kyos paso a nivel 12 gano HP: 6
06/02/2007 12:43:17 a.m. kyos paso a nivel 13 gano HP: 7
06/02/2007 12:43:17 a.m. kyos paso a nivel 14 gano HP: 5
06/02/2007 12:43:17 a.m. kyos paso a nivel 15 gano HP: 5
06/02/2007 12:43:17 a.m. kyos paso a nivel 16 gano HP: 5
06/02/2007 12:43:17 a.m. kyos paso a nivel 17 gano HP: 4
06/02/2007 12:43:17 a.m. kyos paso a nivel 18 gano HP: 7
06/02/2007 12:43:17 a.m. kyos paso a nivel 19 gano HP: 7
06/02/2007 12:43:17 a.m. kyos paso a nivel 20 gano HP: 4
06/02/2007 12:43:17 a.m. kyos paso a nivel 21 gano HP: 6
06/02/2007 12:43:17 a.m. kyos paso a nivel 22 gano HP: 6
06/02/2007 12:43:17 a.m. kyos paso a nivel 23 gano HP: 4
06/02/2007 12:43:17 a.m. kyos paso a nivel 24 gano HP: 4
06/02/2007 12:43:17 a.m. kyos paso a nivel 25 gano HP: 6
06/02/2007 12:43:17 a.m. kyos paso a nivel 26 gano HP: 7
06/02/2007 12:43:17 a.m. kyos paso a nivel 27 gano HP: 5
06/02/2007 12:43:17 a.m. kyos paso a nivel 28 gano HP: 7
06/02/2007 12:43:17 a.m. kyos paso a nivel 29 gano HP: 7
06/02/2007 12:43:17 a.m. kyos paso a nivel 30 gano HP: 6
06/02/2007 12:43:17 a.m. kyos paso a nivel 31 gano HP: 5
06/02/2007 12:46:03 a.m. viejo paso a nivel 2 gano HP: 5
06/02/2007 12:46:03 a.m. viejo paso a nivel 3 gano HP: 5
06/02/2007 12:46:03 a.m. viejo paso a nivel 4 gano HP: 6
06/02/2007 12:46:03 a.m. viejo paso a nivel 5 gano HP: 5
06/02/2007 12:46:03 a.m. viejo paso a nivel 6 gano HP: 7
06/02/2007 12:46:03 a.m. viejo paso a nivel 7 gano HP: 5
06/02/2007 12:46:03 a.m. viejo paso a nivel 8 gano HP: 6
06/02/2007 12:46:03 a.m. viejo paso a nivel 9 gano HP: 7
06/02/2007 12:46:03 a.m. viejo paso a nivel 10 gano HP: 5
06/02/2007 12:46:03 a.m. viejo paso a nivel 11 gano HP: 7
06/02/2007 12:46:03 a.m. viejo paso a nivel 12 gano HP: 7
06/02/2007 12:46:03 a.m. viejo paso a nivel 13 gano HP: 6
06/02/2007 12:46:03 a.m. viejo paso a nivel 14 gano HP: 5
06/02/2007 12:46:03 a.m. viejo paso a nivel 15 gano HP: 6
06/02/2007 12:46:03 a.m. viejo paso a nivel 16 gano HP: 5
06/02/2007 12:46:03 a.m. viejo paso a nivel 17 gano HP: 6
06/02/2007 12:46:03 a.m. viejo paso a nivel 18 gano HP: 5
06/02/2007 12:46:03 a.m. viejo paso a nivel 19 gano HP: 5
06/02/2007 12:46:03 a.m. viejo paso a nivel 20 gano HP: 6
06/02/2007 12:46:03 a.m. viejo paso a nivel 21 gano HP: 5
06/02/2007 12:46:03 a.m. viejo paso a nivel 22 gano HP: 6
06/02/2007 12:46:03 a.m. viejo paso a nivel 23 gano HP: 5
06/02/2007 12:46:53 a.m. CrimeD paso a nivel 2 gano HP: 10
06/02/2007 12:46:53 a.m. CrimeD paso a nivel 3 gano HP: 8
06/02/2007 12:46:53 a.m. CrimeD paso a nivel 4 gano HP: 10
06/02/2007 12:46:53 a.m. CrimeD paso a nivel 5 gano HP: 6
06/02/2007 12:46:53 a.m. CrimeD paso a nivel 6 gano HP: 7
06/02/2007 12:46:53 a.m. CrimeD paso a nivel 7 gano HP: 7
06/02/2007 12:46:53 a.m. CrimeD paso a nivel 8 gano HP: 8
06/02/2007 12:46:53 a.m. CrimeD paso a nivel 9 gano HP: 8
06/02/2007 12:46:53 a.m. CrimeD paso a nivel 10 gano HP: 7
06/02/2007 12:46:53 a.m. CrimeD paso a nivel 11 gano HP: 10
06/02/2007 12:46:53 a.m. CrimeD paso a nivel 12 gano HP: 7
06/02/2007 12:46:53 a.m. CrimeD paso a nivel 13 gano HP: 9
06/02/2007 12:46:53 a.m. CrimeD paso a nivel 14 gano HP: 10
06/02/2007 12:46:53 a.m. CrimeD paso a nivel 15 gano HP: 8
06/02/2007 12:46:53 a.m. CrimeD paso a nivel 16 gano HP: 8
06/02/2007 12:46:53 a.m. CrimeD paso a nivel 17 gano HP: 8
06/02/2007 12:46:53 a.m. CrimeD paso a nivel 18 gano HP: 6
06/02/2007 12:46:53 a.m. CrimeD paso a nivel 19 gano HP: 10
06/02/2007 12:46:53 a.m. CrimeD paso a nivel 20 gano HP: 10
06/02/2007 12:46:53 a.m. CrimeD paso a nivel 21 gano HP: 7
06/02/2007 12:46:53 a.m. CrimeD paso a nivel 22 gano HP: 9
06/02/2007 12:46:53 a.m. CrimeD paso a nivel 23 gano HP: 7
06/02/2007 12:46:53 a.m. CrimeD paso a nivel 24 gano HP: 7
06/02/2007 12:46:53 a.m. CrimeD paso a nivel 25 gano HP: 8
06/02/2007 12:46:53 a.m. CrimeD paso a nivel 26 gano HP: 8
06/02/2007 12:46:53 a.m. CrimeD paso a nivel 27 gano HP: 9
06/02/2007 12:46:53 a.m. CrimeD paso a nivel 28 gano HP: 10
06/02/2007 12:46:53 a.m. CrimeD paso a nivel 29 gano HP: 10
06/02/2007 12:46:53 a.m. CrimeD paso a nivel 30 gano HP: 8
06/02/2007 12:46:53 a.m. CrimeD paso a nivel 31 gano HP: 9
06/02/2007 01:42:37 a.m. Iluvatar paso a nivel 16 gano HP: 6
06/02/2007 01:42:37 a.m. Iluvatar paso a nivel 17 gano HP: 4
06/02/2007 01:42:37 a.m. Iluvatar paso a nivel 18 gano HP: 4
06/02/2007 01:42:37 a.m. Iluvatar paso a nivel 19 gano HP: 6
06/02/2007 01:42:37 a.m. Iluvatar paso a nivel 20 gano HP: 4
06/02/2007 01:42:37 a.m. Iluvatar paso a nivel 21 gano HP: 4
06/02/2007 01:42:37 a.m. Iluvatar paso a nivel 22 gano HP: 4
06/02/2007 01:42:37 a.m. Iluvatar paso a nivel 23 gano HP: 4
06/02/2007 01:42:47 a.m. Iluvatar paso a nivel 24 gano HP: 5
06/02/2007 01:42:47 a.m. Iluvatar paso a nivel 25 gano HP: 6
06/02/2007 01:43:31 a.m. Iluvatar paso a nivel 26 gano HP: 6
28/02/2007 08:29:06 p.m. Iluvatar paso a nivel 32 gano HP: 5
28/02/2007 08:29:06 p.m. Iluvatar paso a nivel 33 gano HP: 6
28/02/2007 08:29:06 p.m. Iluvatar paso a nivel 34 gano HP: 4
28/02/2007 08:29:10 p.m. Iluvatar paso a nivel 35 gano HP: 5
28/02/2007 08:29:10 p.m. Iluvatar paso a nivel 36 gano HP: 5
28/02/2007 08:29:15 p.m. Iluvatar paso a nivel 37 gano HP: 6
28/02/2007 08:29:20 p.m. Iluvatar paso a nivel 38 gano HP: 6
28/02/2007 08:30:14 p.m. Iluvatar paso a nivel 39 gano HP: 4
28/02/2007 08:30:23 p.m. Iluvatar paso a nivel 40 gano HP: 4
28/02/2007 08:30:28 p.m. Iluvatar paso a nivel 41 gano HP: 5
28/02/2007 08:30:51 p.m. Iluvatar paso a nivel 42 gano HP: 5
28/02/2007 08:30:56 p.m. Iluvatar paso a nivel 43 gano HP: 5
28/02/2007 08:31:00 p.m. Iluvatar paso a nivel 44 gano HP: 5
28/02/2007 08:31:07 p.m. Iluvatar paso a nivel 45 gano HP: 5
