03/01/2008 10:32:17 p.m. Iluvatar paso a nivel 27 gano HP: 6
03/01/2008 10:32:41 p.m. Iluvatar paso a nivel 28 gano HP: 5
03/01/2008 10:32:56 p.m. Iluvatar paso a nivel 29 gano HP: 5
03/01/2008 10:32:56 p.m. Iluvatar paso a nivel 30 gano HP: 5
03/01/2008 10:32:56 p.m. Iluvatar paso a nivel 31 gano HP: 6
03/01/2008 10:32:56 p.m. Iluvatar paso a nivel 32 gano HP: 6
04/01/2008 12:25:57 p.m. Reiza paso a nivel 2 gano HP: 7
04/01/2008 12:25:57 p.m. Reiza paso a nivel 3 gano HP: 7
04/01/2008 12:25:57 p.m. Reiza paso a nivel 4 gano HP: 6
04/01/2008 12:25:57 p.m. Reiza paso a nivel 5 gano HP: 7
04/01/2008 12:25:57 p.m. Reiza paso a nivel 6 gano HP: 8
04/01/2008 12:25:57 p.m. Reiza paso a nivel 7 gano HP: 8
04/01/2008 12:25:57 p.m. Reiza paso a nivel 8 gano HP: 6
04/01/2008 12:25:57 p.m. Reiza paso a nivel 9 gano HP: 9
04/01/2008 12:25:57 p.m. Reiza paso a nivel 10 gano HP: 8
04/01/2008 12:25:57 p.m. Reiza paso a nivel 11 gano HP: 8
04/01/2008 12:25:57 p.m. Reiza paso a nivel 12 gano HP: 8
04/01/2008 12:25:57 p.m. Reiza paso a nivel 13 gano HP: 9
04/01/2008 12:25:57 p.m. Reiza paso a nivel 14 gano HP: 7
04/01/2008 12:25:57 p.m. Reiza paso a nivel 15 gano HP: 7
04/01/2008 12:25:58 p.m. Reiza paso a nivel 16 gano HP: 7
04/01/2008 12:25:58 p.m. Reiza paso a nivel 17 gano HP: 6
04/01/2008 12:25:58 p.m. Reiza paso a nivel 18 gano HP: 6
04/01/2008 12:25:58 p.m. Reiza paso a nivel 19 gano HP: 6
04/01/2008 12:25:58 p.m. Reiza paso a nivel 20 gano HP: 9
04/01/2008 12:25:58 p.m. Reiza paso a nivel 21 gano HP: 9
04/01/2008 12:25:58 p.m. Reiza paso a nivel 22 gano HP: 7
04/01/2008 12:25:58 p.m. Reiza paso a nivel 23 gano HP: 6
04/01/2008 12:26:07 p.m. Reiza paso a nivel 24 gano HP: 8
04/01/2008 12:26:07 p.m. Reiza paso a nivel 25 gano HP: 9
04/01/2008 12:26:07 p.m. Reiza paso a nivel 26 gano HP: 7
04/01/2008 12:26:07 p.m. Reiza paso a nivel 27 gano HP: 7
04/01/2008 12:26:07 p.m. Reiza paso a nivel 28 gano HP: 7
04/01/2008 12:26:07 p.m. Reiza paso a nivel 29 gano HP: 7
04/01/2008 12:26:07 p.m. Reiza paso a nivel 30 gano HP: 9
04/01/2008 12:26:07 p.m. Reiza paso a nivel 31 gano HP: 9
04/01/2008 12:26:13 p.m. Reiza paso a nivel 32 gano HP: 7
04/01/2008 10:51:11 p.m. NIKOTE paso a nivel 2 gano HP: 6
04/01/2008 10:51:11 p.m. NIKOTE paso a nivel 3 gano HP: 8
04/01/2008 10:51:11 p.m. NIKOTE paso a nivel 4 gano HP: 6
04/01/2008 10:51:11 p.m. NIKOTE paso a nivel 5 gano HP: 6
04/01/2008 10:51:11 p.m. NIKOTE paso a nivel 6 gano HP: 9
04/01/2008 10:51:11 p.m. NIKOTE paso a nivel 7 gano HP: 9
04/01/2008 10:51:11 p.m. NIKOTE paso a nivel 8 gano HP: 8
04/01/2008 10:51:11 p.m. NIKOTE paso a nivel 9 gano HP: 6
04/01/2008 10:51:11 p.m. NIKOTE paso a nivel 10 gano HP: 7
04/01/2008 10:51:11 p.m. NIKOTE paso a nivel 11 gano HP: 6
04/01/2008 10:51:11 p.m. NIKOTE paso a nivel 12 gano HP: 6
04/01/2008 10:51:11 p.m. NIKOTE paso a nivel 13 gano HP: 6
04/01/2008 10:51:11 p.m. NIKOTE paso a nivel 14 gano HP: 7
04/01/2008 10:51:11 p.m. NIKOTE paso a nivel 15 gano HP: 7
04/01/2008 10:51:11 p.m. NIKOTE paso a nivel 16 gano HP: 9
04/01/2008 10:51:11 p.m. NIKOTE paso a nivel 17 gano HP: 6
04/01/2008 10:51:11 p.m. NIKOTE paso a nivel 18 gano HP: 8
04/01/2008 10:51:11 p.m. NIKOTE paso a nivel 19 gano HP: 8
04/01/2008 10:51:11 p.m. NIKOTE paso a nivel 20 gano HP: 8
04/01/2008 10:51:11 p.m. NIKOTE paso a nivel 21 gano HP: 9
04/01/2008 10:51:11 p.m. NIKOTE paso a nivel 22 gano HP: 8
04/01/2008 10:51:11 p.m. NIKOTE paso a nivel 23 gano HP: 8
04/01/2008 10:51:11 p.m. NIKOTE paso a nivel 24 gano HP: 6
04/01/2008 10:51:11 p.m. NIKOTE paso a nivel 25 gano HP: 8
04/01/2008 10:51:11 p.m. NIKOTE paso a nivel 26 gano HP: 8
04/01/2008 10:51:11 p.m. NIKOTE paso a nivel 27 gano HP: 8
04/01/2008 10:51:11 p.m. NIKOTE paso a nivel 28 gano HP: 9
04/01/2008 10:51:11 p.m. NIKOTE paso a nivel 29 gano HP: 6
04/01/2008 10:51:11 p.m. NIKOTE paso a nivel 30 gano HP: 7
04/01/2008 10:51:11 p.m. NIKOTE paso a nivel 31 gano HP: 8
04/01/2008 10:51:17 p.m. NIKOTE paso a nivel 32 gano HP: 9
04/01/2008 10:51:17 p.m. NIKOTE paso a nivel 33 gano HP: 6
04/01/2008 10:51:17 p.m. NIKOTE paso a nivel 34 gano HP: 9
04/01/2008 10:56:38 p.m. TESTER paso a nivel 2 gano HP: 5
04/01/2008 10:56:38 p.m. TESTER paso a nivel 3 gano HP: 4
04/01/2008 10:56:38 p.m. TESTER paso a nivel 4 gano HP: 5
04/01/2008 10:56:38 p.m. TESTER paso a nivel 5 gano HP: 6
04/01/2008 10:56:38 p.m. TESTER paso a nivel 6 gano HP: 5
04/01/2008 10:56:38 p.m. TESTER paso a nivel 7 gano HP: 6
04/01/2008 10:56:38 p.m. TESTER paso a nivel 8 gano HP: 4
04/01/2008 10:56:38 p.m. TESTER paso a nivel 9 gano HP: 6
04/01/2008 10:56:38 p.m. TESTER paso a nivel 10 gano HP: 5
04/01/2008 10:56:38 p.m. TESTER paso a nivel 11 gano HP: 4
04/01/2008 10:56:38 p.m. TESTER paso a nivel 12 gano HP: 6
04/01/2008 10:56:38 p.m. TESTER paso a nivel 13 gano HP: 4
04/01/2008 10:56:38 p.m. TESTER paso a nivel 14 gano HP: 5
04/01/2008 10:56:38 p.m. TESTER paso a nivel 15 gano HP: 4
04/01/2008 10:56:38 p.m. TESTER paso a nivel 16 gano HP: 4
04/01/2008 10:56:38 p.m. TESTER paso a nivel 17 gano HP: 4
04/01/2008 10:56:38 p.m. TESTER paso a nivel 18 gano HP: 5
04/01/2008 10:56:38 p.m. TESTER paso a nivel 19 gano HP: 5
04/01/2008 10:56:38 p.m. TESTER paso a nivel 20 gano HP: 4
04/01/2008 10:56:38 p.m. TESTER paso a nivel 21 gano HP: 5
04/01/2008 10:56:38 p.m. TESTER paso a nivel 22 gano HP: 5
04/01/2008 10:56:38 p.m. TESTER paso a nivel 23 gano HP: 4
04/01/2008 10:56:38 p.m. TESTER paso a nivel 24 gano HP: 5
04/01/2008 10:56:38 p.m. TESTER paso a nivel 25 gano HP: 5
04/01/2008 10:56:38 p.m. TESTER paso a nivel 26 gano HP: 5
04/01/2008 10:56:38 p.m. TESTER paso a nivel 27 gano HP: 4
04/01/2008 10:56:38 p.m. TESTER paso a nivel 28 gano HP: 5
04/01/2008 10:56:38 p.m. TESTER paso a nivel 29 gano HP: 4
04/01/2008 10:56:38 p.m. TESTER paso a nivel 30 gano HP: 5
04/01/2008 10:56:38 p.m. TESTER paso a nivel 31 gano HP: 6
04/01/2008 11:12:42 p.m. NikoTe paso a nivel 35 gano HP: 8
04/01/2008 11:12:42 p.m. NikoTe paso a nivel 36 gano HP: 6
04/01/2008 11:12:50 p.m. NikoTe paso a nivel 36 gano HP: 6
06/01/2008 11:26:32 p.m. Kyos paso a nivel 2 gano HP: 9
06/01/2008 11:26:32 p.m. Kyos paso a nivel 3 gano HP: 8
06/01/2008 11:26:32 p.m. Kyos paso a nivel 4 gano HP: 10
06/01/2008 11:26:32 p.m. Kyos paso a nivel 5 gano HP: 10
06/01/2008 11:26:32 p.m. Kyos paso a nivel 6 gano HP: 11
06/01/2008 11:26:32 p.m. Kyos paso a nivel 7 gano HP: 7
06/01/2008 11:26:32 p.m. Kyos paso a nivel 8 gano HP: 9
06/01/2008 11:26:32 p.m. Kyos paso a nivel 9 gano HP: 9
06/01/2008 11:26:32 p.m. Kyos paso a nivel 10 gano HP: 8
06/01/2008 11:26:32 p.m. Kyos paso a nivel 11 gano HP: 9
06/01/2008 11:26:32 p.m. Kyos paso a nivel 12 gano HP: 11
06/01/2008 11:26:32 p.m. Kyos paso a nivel 13 gano HP: 8
06/01/2008 11:26:32 p.m. Kyos paso a nivel 14 gano HP: 9
06/01/2008 11:26:32 p.m. Kyos paso a nivel 15 gano HP: 8
06/01/2008 11:26:32 p.m. Kyos paso a nivel 16 gano HP: 11
06/01/2008 11:26:32 p.m. Kyos paso a nivel 17 gano HP: 8
06/01/2008 11:26:32 p.m. Kyos paso a nivel 18 gano HP: 11
06/01/2008 11:26:32 p.m. Kyos paso a nivel 19 gano HP: 7
06/01/2008 11:26:32 p.m. Kyos paso a nivel 20 gano HP: 9
06/01/2008 11:26:32 p.m. Kyos paso a nivel 21 gano HP: 11
06/01/2008 11:26:32 p.m. Kyos paso a nivel 22 gano HP: 10
06/01/2008 11:26:32 p.m. Kyos paso a nivel 23 gano HP: 8
07/01/2008 02:59:25 p.m. Satan paso a nivel 2 gano HP: 6
07/01/2008 02:59:25 p.m. Satan paso a nivel 3 gano HP: 6
07/01/2008 02:59:25 p.m. Satan paso a nivel 4 gano HP: 6
07/01/2008 02:59:25 p.m. Satan paso a nivel 5 gano HP: 6
07/01/2008 02:59:25 p.m. Satan paso a nivel 6 gano HP: 7
07/01/2008 02:59:25 p.m. Satan paso a nivel 7 gano HP: 6
07/01/2008 02:59:25 p.m. Satan paso a nivel 8 gano HP: 6
07/01/2008 02:59:25 p.m. Satan paso a nivel 9 gano HP: 8
07/01/2008 02:59:25 p.m. Satan paso a nivel 10 gano HP: 9
07/01/2008 02:59:25 p.m. Satan paso a nivel 11 gano HP: 9
07/01/2008 02:59:25 p.m. Satan paso a nivel 12 gano HP: 7
07/01/2008 02:59:25 p.m. Satan paso a nivel 13 gano HP: 6
07/01/2008 02:59:25 p.m. Satan paso a nivel 14 gano HP: 7
07/01/2008 02:59:25 p.m. Satan paso a nivel 15 gano HP: 7
07/01/2008 02:59:25 p.m. Satan paso a nivel 16 gano HP: 8
07/01/2008 02:59:25 p.m. Satan paso a nivel 17 gano HP: 9
07/01/2008 02:59:25 p.m. Satan paso a nivel 18 gano HP: 8
07/01/2008 02:59:25 p.m. Satan paso a nivel 19 gano HP: 8
07/01/2008 02:59:25 p.m. Satan paso a nivel 20 gano HP: 7
07/01/2008 02:59:25 p.m. Satan paso a nivel 21 gano HP: 7
07/01/2008 02:59:25 p.m. Satan paso a nivel 22 gano HP: 6
07/01/2008 02:59:25 p.m. Satan paso a nivel 23 gano HP: 6
07/01/2008 02:59:25 p.m. Satan paso a nivel 24 gano HP: 9
07/01/2008 02:59:25 p.m. Satan paso a nivel 25 gano HP: 9
07/01/2008 02:59:25 p.m. Satan paso a nivel 26 gano HP: 6
07/01/2008 02:59:25 p.m. Satan paso a nivel 27 gano HP: 7
07/01/2008 02:59:25 p.m. Satan paso a nivel 28 gano HP: 9
07/01/2008 02:59:25 p.m. Satan paso a nivel 29 gano HP: 6
07/01/2008 02:59:25 p.m. Satan paso a nivel 30 gano HP: 8
07/01/2008 02:59:25 p.m. Satan paso a nivel 31 gano HP: 7
07/01/2008 02:59:28 p.m. Satan paso a nivel 32 gano HP: 6
07/01/2008 02:59:28 p.m. Satan paso a nivel 33 gano HP: 8
07/01/2008 02:59:28 p.m. Satan paso a nivel 34 gano HP: 6
07/01/2008 02:59:31 p.m. Satan paso a nivel 35 gano HP: 7
07/01/2008 02:59:31 p.m. Satan paso a nivel 36 gano HP: 6
07/01/2008 02:59:32 p.m. Satan paso a nivel 37 gano HP: 9
07/01/2008 02:59:34 p.m. Satan paso a nivel 38 gano HP: 7
07/01/2008 02:59:36 p.m. Satan paso a nivel 39 gano HP: 6
07/01/2008 02:59:39 p.m. Satan paso a nivel 40 gano HP: 6
07/01/2008 02:59:40 p.m. Satan paso a nivel 41 gano HP: 8
07/01/2008 02:59:44 p.m. Satan paso a nivel 42 gano HP: 8
07/01/2008 02:59:47 p.m. Satan paso a nivel 43 gano HP: 7
07/01/2008 02:59:53 p.m. Satan paso a nivel 44 gano HP: 6
07/01/2008 03:00:01 p.m. Satan paso a nivel 45 gano HP: 6
07/01/2008 03:00:10 p.m. Satan paso a nivel 46 gano HP: 7
23/01/2008 05:03:42 p.m. Iluvatar paso a nivel 2 gano HP: 4
23/01/2008 05:03:42 p.m. Iluvatar paso a nivel 3 gano HP: 5
23/01/2008 05:03:42 p.m. Iluvatar paso a nivel 4 gano HP: 4
23/01/2008 05:03:42 p.m. Iluvatar paso a nivel 5 gano HP: 5
23/01/2008 05:03:42 p.m. Iluvatar paso a nivel 6 gano HP: 5
23/01/2008 05:03:42 p.m. Iluvatar paso a nivel 7 gano HP: 6
23/01/2008 05:03:42 p.m. Iluvatar paso a nivel 8 gano HP: 5
23/01/2008 05:03:42 p.m. Iluvatar paso a nivel 9 gano HP: 4
23/01/2008 05:03:42 p.m. Iluvatar paso a nivel 10 gano HP: 4
23/01/2008 05:03:42 p.m. Iluvatar paso a nivel 11 gano HP: 5
23/01/2008 05:03:42 p.m. Iluvatar paso a nivel 12 gano HP: 5
23/01/2008 05:03:42 p.m. Iluvatar paso a nivel 13 gano HP: 6
23/01/2008 05:03:42 p.m. Iluvatar paso a nivel 14 gano HP: 5
23/01/2008 05:03:42 p.m. Iluvatar paso a nivel 15 gano HP: 5
23/01/2008 05:03:42 p.m. Iluvatar paso a nivel 16 gano HP: 6
23/01/2008 05:03:42 p.m. Iluvatar paso a nivel 17 gano HP: 5
23/01/2008 05:03:42 p.m. Iluvatar paso a nivel 18 gano HP: 6
23/01/2008 05:03:42 p.m. Iluvatar paso a nivel 19 gano HP: 6
23/01/2008 05:03:42 p.m. Iluvatar paso a nivel 20 gano HP: 6
23/01/2008 05:03:42 p.m. Iluvatar paso a nivel 21 gano HP: 6
23/01/2008 05:03:42 p.m. Iluvatar paso a nivel 22 gano HP: 4
23/01/2008 05:03:42 p.m. Iluvatar paso a nivel 23 gano HP: 6
23/01/2008 05:03:53 p.m. Iluvatar paso a nivel 24 gano HP: 5
23/01/2008 05:03:53 p.m. Iluvatar paso a nivel 25 gano HP: 4
23/01/2008 05:03:57 p.m. Iluvatar paso a nivel 26 gano HP: 4
23/01/2008 05:03:57 p.m. Iluvatar paso a nivel 27 gano HP: 5
23/01/2008 05:04:02 p.m. Iluvatar paso a nivel 28 gano HP: 6
23/01/2008 05:04:02 p.m. Iluvatar paso a nivel 29 gano HP: 5
23/01/2008 05:04:02 p.m. Iluvatar paso a nivel 30 gano HP: 4
23/01/2008 05:04:02 p.m. Iluvatar paso a nivel 31 gano HP: 5
23/01/2008 05:04:02 p.m. Iluvatar paso a nivel 32 gano HP: 6
29/01/2008 10:40:03 p.m. Iluvatar paso a nivel 2 gano HP: 6
29/01/2008 10:40:03 p.m. Iluvatar paso a nivel 3 gano HP: 5
29/01/2008 10:40:03 p.m. Iluvatar paso a nivel 4 gano HP: 5
29/01/2008 10:40:03 p.m. Iluvatar paso a nivel 5 gano HP: 4
29/01/2008 10:40:03 p.m. Iluvatar paso a nivel 6 gano HP: 4
29/01/2008 10:40:03 p.m. Iluvatar paso a nivel 7 gano HP: 6
29/01/2008 10:40:03 p.m. Iluvatar paso a nivel 8 gano HP: 4
29/01/2008 10:40:03 p.m. Iluvatar paso a nivel 9 gano HP: 6
29/01/2008 10:40:03 p.m. Iluvatar paso a nivel 10 gano HP: 6
29/01/2008 10:40:03 p.m. Iluvatar paso a nivel 11 gano HP: 6
29/01/2008 10:40:03 p.m. Iluvatar paso a nivel 12 gano HP: 4
29/01/2008 10:40:03 p.m. Iluvatar paso a nivel 13 gano HP: 5
29/01/2008 10:40:03 p.m. Iluvatar paso a nivel 14 gano HP: 6
29/01/2008 10:40:03 p.m. Iluvatar paso a nivel 15 gano HP: 6
29/01/2008 10:40:03 p.m. Iluvatar paso a nivel 16 gano HP: 5
29/01/2008 10:40:03 p.m. Iluvatar paso a nivel 17 gano HP: 6
29/01/2008 10:40:03 p.m. Iluvatar paso a nivel 18 gano HP: 6
29/01/2008 10:40:03 p.m. Iluvatar paso a nivel 19 gano HP: 4
29/01/2008 10:40:03 p.m. Iluvatar paso a nivel 20 gano HP: 6
29/01/2008 10:40:03 p.m. Iluvatar paso a nivel 21 gano HP: 5
29/01/2008 10:40:03 p.m. Iluvatar paso a nivel 22 gano HP: 5
29/01/2008 10:40:03 p.m. Iluvatar paso a nivel 23 gano HP: 6
29/01/2008 10:40:03 p.m. Iluvatar paso a nivel 24 gano HP: 4
29/01/2008 10:40:03 p.m. Iluvatar paso a nivel 25 gano HP: 5
29/01/2008 10:40:03 p.m. Iluvatar paso a nivel 26 gano HP: 5
29/01/2008 10:40:03 p.m. Iluvatar paso a nivel 27 gano HP: 4
29/01/2008 10:40:03 p.m. Iluvatar paso a nivel 28 gano HP: 5
29/01/2008 10:40:03 p.m. Iluvatar paso a nivel 29 gano HP: 5
29/01/2008 10:40:03 p.m. Iluvatar paso a nivel 30 gano HP: 4
29/01/2008 10:40:03 p.m. Iluvatar paso a nivel 31 gano HP: 4
30/01/2008 01:58:46 p.m. ISILDUR paso a nivel 2 gano HP: 8
30/01/2008 01:59:31 p.m. ISILDUR paso a nivel 3 gano HP: 8
30/01/2008 02:15:34 p.m. BELOCK paso a nivel 2 gano HP: 9
30/01/2008 02:15:34 p.m. BELOCK paso a nivel 3 gano HP: 7
30/01/2008 02:15:34 p.m. BELOCK paso a nivel 4 gano HP: 9
30/01/2008 02:15:34 p.m. BELOCK paso a nivel 5 gano HP: 6
30/01/2008 02:15:34 p.m. BELOCK paso a nivel 6 gano HP: 7
30/01/2008 02:15:34 p.m. BELOCK paso a nivel 7 gano HP: 7
30/01/2008 02:15:34 p.m. BELOCK paso a nivel 8 gano HP: 9
30/01/2008 02:15:34 p.m. BELOCK paso a nivel 9 gano HP: 8
30/01/2008 02:15:34 p.m. BELOCK paso a nivel 10 gano HP: 7
30/01/2008 02:15:34 p.m. BELOCK paso a nivel 11 gano HP: 8
30/01/2008 02:15:34 p.m. BELOCK paso a nivel 12 gano HP: 8
30/01/2008 02:15:34 p.m. BELOCK paso a nivel 13 gano HP: 8
30/01/2008 02:15:34 p.m. BELOCK paso a nivel 14 gano HP: 8
30/01/2008 02:15:34 p.m. BELOCK paso a nivel 15 gano HP: 6
30/01/2008 02:18:08 p.m. Isildur paso a nivel 4 gano HP: 5
30/01/2008 02:18:08 p.m. Isildur paso a nivel 5 gano HP: 7
30/01/2008 02:18:08 p.m. Isildur paso a nivel 6 gano HP: 7
30/01/2008 02:18:08 p.m. Isildur paso a nivel 7 gano HP: 7
30/01/2008 02:18:08 p.m. Isildur paso a nivel 8 gano HP: 7
30/01/2008 02:18:08 p.m. Isildur paso a nivel 9 gano HP: 5
30/01/2008 02:18:08 p.m. Isildur paso a nivel 10 gano HP: 6
30/01/2008 02:18:08 p.m. Isildur paso a nivel 11 gano HP: 6
30/01/2008 02:18:08 p.m. Isildur paso a nivel 12 gano HP: 7
30/01/2008 02:18:08 p.m. Isildur paso a nivel 13 gano HP: 5
30/01/2008 02:18:08 p.m. Isildur paso a nivel 14 gano HP: 7
30/01/2008 02:18:08 p.m. Isildur paso a nivel 15 gano HP: 6
30/01/2008 02:18:08 p.m. Isildur paso a nivel 16 gano HP: 6
30/01/2008 02:18:08 p.m. Isildur paso a nivel 17 gano HP: 8
30/01/2008 02:18:08 p.m. Isildur paso a nivel 18 gano HP: 5
30/01/2008 02:18:08 p.m. Isildur mató un dragón
30/01/2008 02:19:09 p.m. Isildur paso a nivel 19 gano HP: 7
30/01/2008 02:19:09 p.m. Isildur paso a nivel 20 gano HP: 7
30/01/2008 02:19:09 p.m. Isildur mató un dragón
