30/01/2008 01:48:55 p.m. Se conecto con ip:127.0.0.1
30/01/2008 01:50:03 p.m. Transportó a ISILDUR hacia Mapa7 X:50 Y:50
30/01/2008 01:50:42 p.m. /CI: 995
30/01/2008 01:50:44 p.m. Agarro:100 Objeto:Armadura De Angmar (H/E/E-O)
30/01/2008 01:51:03 p.m. /MOD HEAD 8  ISILDUR
30/01/2008 01:51:21 p.m. /CI: 402
30/01/2008 01:51:22 p.m. Agarro:100 Objeto:Espada Mata Dragones
30/01/2008 01:51:29 p.m. /CI: 130
30/01/2008 01:51:30 p.m. Agarro:100 Objeto:Escudo de Plata
30/01/2008 01:51:38 p.m. /CI: 132
30/01/2008 01:51:38 p.m. Agarro:100 Objeto:Casco de Hierro
30/01/2008 01:51:48 p.m. /CI: 131
30/01/2008 01:51:49 p.m. Agarro:100 Objeto:Casco de Hierro Completo
30/01/2008 01:51:57 p.m. /CI: 133
30/01/2008 01:51:58 p.m. Agarro:100 Objeto:Escudo Imperial
30/01/2008 01:52:16 p.m. Tiro cantidad:100 Objeto:Escudo Imperial
30/01/2008 01:52:20 p.m. /DEST
30/01/2008 01:56:43 p.m. Tiro cantidad:1 Objeto:Escudo de Plata
30/01/2008 01:56:47 p.m. Tiro cantidad:1 Objeto:Espada Mata Dragones
30/01/2008 01:58:17 p.m. /CI: 403
30/01/2008 01:58:18 p.m. Agarro:100 Objeto:Espada de Plata
30/01/2008 01:59:59 p.m. Transportó a ISILDUR hacia Mapa72 X:50 Y:50
30/01/2008 02:09:37 p.m. Transportó a ISILDUR hacia Mapa31 X:80 Y:86
30/01/2008 02:10:58 p.m. Transportó a ISILDUR hacia Mapa25 X:50 Y:50
30/01/2008 02:16:11 p.m. Se conecto con ip:127.0.0.1
30/01/2008 02:16:46 p.m. Transportó a Isildur hacia Mapa76 X:50 Y:50
30/01/2008 02:17:10 p.m. Transportó a Isildur hacia Mapa76 X:40 Y:40
30/01/2008 02:17:21 p.m. Transportó a Isildur hacia Mapa76 X:70 Y:70
30/01/2008 02:18:02 p.m. Transportó a Isildur hacia Mapa75 X:50 Y:50
30/01/2008 02:18:10 p.m. Agarro:10000 Objeto:Monedas de Oro
30/01/2008 02:18:11 p.m. Agarro:10000 Objeto:Monedas de Oro
30/01/2008 02:18:11 p.m. Agarro:10000 Objeto:Monedas de Oro
30/01/2008 02:18:12 p.m. Agarro:10000 Objeto:Monedas de Oro
30/01/2008 02:18:12 p.m. Agarro:10000 Objeto:Monedas de Oro
30/01/2008 02:18:13 p.m. Agarro:1500 Objeto:Minerales de Oro
30/01/2008 02:19:11 p.m. Agarro:10000 Objeto:Monedas de Oro
30/01/2008 02:19:11 p.m. Agarro:10000 Objeto:Monedas de Oro
30/01/2008 02:19:11 p.m. Agarro:10000 Objeto:Monedas de Oro
30/01/2008 02:19:12 p.m. Agarro:10000 Objeto:Monedas de Oro
30/01/2008 02:19:12 p.m. Agarro:10000 Objeto:Monedas de Oro
30/01/2008 02:19:13 p.m. Agarro:1500 Objeto:Minerales de Oro
30/01/2008 02:20:36 p.m. Transportó a Isildur hacia Mapa8 X:50 Y:50
