06/02/2007 12:42:51 a.m. Se conecto con ip:5.42.83.64
06/02/2007 12:43:17 a.m. /MOD EXP 9999999  kyos
06/02/2007 12:43:43 a.m. /IRA iluvatar Mapa:1 X:78 Y:51
06/02/2007 12:44:26 a.m. Sumoneo Beholder
06/02/2007 12:44:26 a.m. Sumoneo Beholder
06/02/2007 12:44:27 a.m. Sumoneo Beholder
06/02/2007 12:44:27 a.m. Sumoneo Beholder
06/02/2007 12:44:27 a.m. Sumoneo Beholder
06/02/2007 12:45:02 a.m. /MATA NPC SIN INICIAR
06/02/2007 12:45:45 a.m. /MOD ORO 999999  kyos
06/02/2007 12:46:03 a.m. /MOD EXP 999999  viejo
06/02/2007 12:46:16 a.m. /MOD ORO 9999999  viejo
06/02/2007 12:46:53 a.m. /MOD EXP 9999999  CrimeD
06/02/2007 12:47:36 a.m. /MOD HEAD 9  kyos
06/02/2007 12:47:53 a.m. /MOD BODY 5  kyos
06/02/2007 12:48:17 a.m. /MOD BODY 99  kyos
06/02/2007 12:48:32 a.m. /MOD HEAD 199  kyos
06/02/2007 12:48:46 a.m. Sumoneo Dragón Rojo
06/02/2007 12:49:00 a.m. Sumoneo Esqueleto Guerrero
06/02/2007 12:49:12 a.m. /MOD BODY 5  kyos
06/02/2007 12:49:19 a.m. /MATA NPC SIN INICIAR
06/02/2007 12:49:22 a.m. /MATA NPC SIN INICIAR
06/02/2007 12:50:03 a.m. Se conecto con ip:5.42.83.64
06/02/2007 12:50:11 a.m. /MOD BODY 0  kyos
03/01/2008 11:51:25 p.m. Se conecto con ip:127.0.0.1
03/01/2008 11:53:08 p.m. Se conecto con ip:5.42.83.64
03/01/2008 11:53:35 p.m. /MOD HEAD 11  Kyos
03/01/2008 11:53:42 p.m. /MOD BODY 13  Kyos
03/01/2008 11:53:51 p.m. /MOD BODY 100  Kyos
03/01/2008 11:54:52 p.m. Sumoneo a Steve en mapa 32
03/01/2008 11:55:11 p.m. /MOD ORO 999999  Kyos
03/01/2008 11:56:10 p.m. /MOD HEAD 110  Kyos
03/01/2008 11:56:31 p.m. Sumoneo a Steve en mapa 32
03/01/2008 11:56:34 p.m. /MATA NPC SIN INICIAR
03/01/2008 11:58:55 p.m. Tiro cantidad:2 Objeto:Poción Negra
03/01/2008 11:59:56 p.m. /IRA iluvatar Mapa:173 X:48 Y:48
06/01/2008 11:18:00 p.m. Se conecto con ip:5.42.83.64
06/01/2008 11:18:20 p.m. /MOD HEAD 11  Kyos
06/01/2008 11:20:38 p.m. Se conecto con ip:5.42.83.64
06/01/2008 11:21:14 p.m. /MOD HEAD 11  Kyos
06/01/2008 11:22:16 p.m. Sumoneo Hormiga Gigante
06/01/2008 11:23:17 p.m. Transportó a Kyos hacia Mapa8 X:50 Y:50
06/01/2008 11:24:45 p.m. /TELEPLOC a x:18 Y:48 Map:8
06/01/2008 11:25:29 p.m. /TELEPLOC a x:19 Y:61 Map:8
06/01/2008 11:25:35 p.m. /IRA iluvatar Mapa:32 X:50 Y:39
06/01/2008 11:25:57 p.m. Sumoneo Ogro
06/01/2008 11:26:32 p.m. /MOD EXP 999999  Kyos
06/01/2008 11:26:47 p.m. /MOD BODY 12  Kyos
06/01/2008 11:27:00 p.m. /MOD HEAD 20  Kyos
06/01/2008 11:27:04 p.m. /MOD HEAD 11  Kyos
06/01/2008 11:27:11 p.m. /MOD BODY 89  Kyos
06/01/2008 11:28:35 p.m. Mensaje a Gms:ok
06/01/2008 11:29:39 p.m. Transportó a Kyos hacia Mapa8 X:50 Y:50
06/01/2008 11:30:06 p.m. Mensaje a Gms:bug, o hicieron mal el mapa
06/01/2008 11:30:26 p.m. Mensaje a Gms:aca hay algo
06/01/2008 11:30:56 p.m. Mensaje a Gms:mapa 8, en todas las casa cuando habris la puerta se ve una pared
06/01/2008 11:32:21 p.m. /IRA iluvatar Mapa:32 X:48 Y:38
06/01/2008 11:33:34 p.m. /BLOQ
06/01/2008 11:33:39 p.m. /SUM nikote Map:32 X:39 Y:33
06/01/2008 11:33:43 p.m. /BLOQ
06/01/2008 11:35:19 p.m. Transportó a Kyos hacia Mapa1 X:50 Y:50
06/01/2008 11:35:43 p.m. Mensaje a Gms:falta la puerta del banco de ulla 
06/01/2008 11:36:38 p.m. Mensaje a Gms:no hay puertas en las casa de ulla
06/01/2008 11:36:59 p.m. Mensaje a Gms:no hay
06/01/2008 11:37:05 p.m. /SUM iluvatar Map:1 X:42 Y:57
06/01/2008 11:38:18 p.m. Mensaje a Gms:los remplase
06/01/2008 11:42:01 p.m. Se conecto con ip:5.42.83.64
06/01/2008 11:42:09 p.m. /MOD HEAD 11  Kyos
06/01/2008 11:42:17 p.m. /IRA iluvatar Mapa:51 X:78 Y:45
06/01/2008 11:43:36 p.m. Sumoneo Ogro
06/01/2008 11:43:48 p.m. /MATA NPC SIN INICIAR
06/01/2008 11:44:32 p.m. Transportó a Kyos hacia Mapa32 X:50 Y:50
06/01/2008 11:44:40 p.m. /IRA iluvatar Mapa:51 X:78 Y:45
06/01/2008 11:46:02 p.m. Transportó a Kyos hacia Mapa8 X:50 Y:50
06/01/2008 11:46:18 p.m. /SUM iluvatar Map:8 X:32 Y:60
06/01/2008 11:47:00 p.m. /IRA iluvatar Mapa:59 X:50 Y:14
06/01/2008 11:48:48 p.m. Transportó a Kyos hacia Mapa7 X:50 Y:50
06/01/2008 11:49:16 p.m. Transportó a Kyos hacia Mapa71 X:50 Y:50
06/01/2008 11:50:00 p.m. Mensaje a Gms:en rinkel hay bloq donde no deverian aver
06/01/2008 11:50:31 p.m. Transportó a Kyos hacia Mapa55 X:50 Y:50
06/01/2008 11:50:45 p.m. Transportó a Kyos hacia Mapa17 X:50 Y:50
06/01/2008 11:50:56 p.m. Transportó a Kyos hacia Mapa77 X:50 Y:50
06/01/2008 11:51:05 p.m. /TELEPLOC a x:45 Y:53 Map:77
06/01/2008 11:51:20 p.m. /IRA iluvatar Mapa:69 X:46 Y:13
06/01/2008 11:51:44 p.m. Transportó a Kyos hacia Mapa29 X:50 Y:50
06/01/2008 11:52:28 p.m. /IRA iluvatar Mapa:69 X:46 Y:13
06/01/2008 11:56:24 p.m. Transportó a Kyos hacia Mapa10 X:50 Y:50
06/01/2008 11:57:15 p.m. Transportó a Kyos hacia Mapa32 X:50 Y:50
06/01/2008 11:57:33 p.m. Transportó a Kyos hacia Mapa55 X:50 Y:50
06/01/2008 11:57:47 p.m. /IRA iluvatar Mapa:69 X:40 Y:54
06/01/2008 11:58:20 p.m. /CI: 989
06/01/2008 11:58:29 p.m. Agarro:100 Objeto:Piedra magica
07/02/2008 07:25:46 p.m. Se conecto con ip:5.42.83.64
07/02/2008 07:26:12 p.m. /CI: 900
07/02/2008 07:26:18 p.m. /TELEPLOC a x:38 Y:87 Map:78
07/02/2008 07:26:19 p.m. Agarro:100 Objeto:Anillas Con Manto Desgastado (H/E/EO-M)
07/02/2008 07:26:22 p.m. /TELEPLOC a x:38 Y:89 Map:78
07/02/2008 07:26:28 p.m. Tiro cantidad:100 Objeto:Anillas Con Manto Desgastado (H/E/EO-M)
07/02/2008 07:26:30 p.m. /DEST
07/02/2008 07:26:57 p.m. /CI: 997
07/02/2008 07:26:58 p.m. Agarro:100 Objeto:Escudo De Hueso
07/02/2008 07:27:05 p.m. /CI: 999
07/02/2008 07:27:07 p.m. Agarro:100 Objeto:Escudo Orco
07/02/2008 07:27:32 p.m. Tiro cantidad:100 Objeto:Escudo Orco
07/02/2008 07:27:34 p.m. Agarro:100 Objeto:Escudo Orco
07/02/2008 07:27:41 p.m. Tiro cantidad:100 Objeto:Escudo Orco
07/02/2008 07:27:45 p.m. Agarro:100 Objeto:Escudo Orco
07/02/2008 07:28:08 p.m. /CI: 990
07/02/2008 07:28:09 p.m. Agarro:100 Objeto:Armadura Ittev
07/02/2008 07:28:16 p.m. /CI: 910
07/02/2008 07:28:19 p.m. Agarro:100 Objeto:Atuendo de Gnomo (E/G)
07/02/2008 07:28:23 p.m. /MATA NPC SIN INICIAR
07/02/2008 07:28:28 p.m. Tiro cantidad:100 Objeto:Atuendo de Gnomo (E/G)
07/02/2008 07:28:30 p.m. /DEST
07/02/2008 07:28:43 p.m. /CI: 800
07/02/2008 07:28:49 p.m. /DEST
07/02/2008 07:28:54 p.m. /CI: 900
07/02/2008 07:28:57 p.m. /DEST
07/02/2008 07:29:01 p.m. /CI: 980
07/02/2008 07:29:04 p.m. Agarro:100 Objeto:Armadura de Combate Liviana (H/E/EO)
07/02/2008 07:29:07 p.m. Tiro cantidad:100 Objeto:Armadura de Combate Liviana (H/E/EO)
07/02/2008 07:29:11 p.m. /DEST
07/02/2008 07:29:45 p.m. /CI: 665
07/02/2008 07:29:48 p.m. Agarro:100 Objeto:Arco de Cazador
07/02/2008 07:30:43 p.m. /CI: 553
07/02/2008 07:30:44 p.m. Agarro:100 Objeto:Flecha +3
07/02/2008 07:32:05 p.m. /CI: 1000
07/02/2008 07:32:06 p.m. Agarro:100 Objeto:Escudo Magico
07/02/2008 07:32:11 p.m. /CI: 110
07/02/2008 07:32:14 p.m. /DEST
07/02/2008 07:32:19 p.m. /CI: 101
07/02/2008 07:32:21 p.m. /DEST
07/02/2008 07:32:28 p.m. /CI: 1001
07/02/2008 07:32:29 p.m. Agarro:100 Objeto:Escudo De Angmar
07/02/2008 07:32:34 p.m. /CI: 1002
07/02/2008 07:32:35 p.m. Agarro:100 Objeto:Escudo De Dragòn
07/02/2008 07:32:42 p.m. /CI: 1003
07/02/2008 07:32:43 p.m. Agarro:100 Objeto:Espada De Hielo
07/02/2008 07:33:04 p.m. /CI: 1004
07/02/2008 07:33:05 p.m. Agarro:100 Objeto:Espada Orca
07/02/2008 07:33:14 p.m. /CI: 1005
07/02/2008 07:33:16 p.m. Agarro:100 Objeto:Arco de Hielo
07/02/2008 07:33:28 p.m. /CI: 1006
07/02/2008 07:33:29 p.m. Agarro:100 Objeto:Casco de Oro
07/02/2008 07:33:35 p.m. /CI: 1007
07/02/2008 07:33:36 p.m. Agarro:100 Objeto:Casco De Angmar
07/02/2008 07:33:42 p.m. /CI: 1008
07/02/2008 07:33:44 p.m. Agarro:100 Objeto:Corona
07/02/2008 07:33:55 p.m. /CI: 900
07/02/2008 07:33:59 p.m. /DEST
07/02/2008 07:34:15 p.m. /CI: 950
07/02/2008 07:34:20 p.m. /DEST
07/02/2008 07:34:24 p.m. /CI: 999
07/02/2008 07:34:26 p.m. /DEST
07/02/2008 07:34:31 p.m. /CI: 998
07/02/2008 07:34:33 p.m. Agarro:100 Objeto:Escudo De Ithilion
07/02/2008 07:34:37 p.m. /CI: 997
07/02/2008 07:34:40 p.m. /DEST
07/02/2008 07:34:44 p.m. Tiro cantidad:100 Objeto:Escudo De Ithilion
07/02/2008 07:34:45 p.m. /DEST
07/02/2008 07:34:56 p.m. /CI: 996
07/02/2008 07:34:59 p.m. Agarro:100 Objeto:Escudo De Oro
07/02/2008 07:35:24 p.m. /CI: 996
07/02/2008 07:35:26 p.m. /DEST
07/02/2008 07:35:32 p.m. /CI: 995
07/02/2008 07:35:34 p.m. Agarro:100 Objeto:Armadura De Angmar (H/E/E-O)
07/02/2008 07:35:40 p.m. /CI: 994
07/02/2008 07:35:43 p.m. /DEST
07/02/2008 07:35:47 p.m. /CI: 994
07/02/2008 07:35:50 p.m. /DEST
07/02/2008 07:35:55 p.m. /CI: 994
07/02/2008 07:35:57 p.m. /DEST
07/02/2008 07:36:00 p.m. /CI: 993
07/02/2008 07:36:12 p.m. Tiro cantidad:100 Objeto:Corona
07/02/2008 07:36:13 p.m. /DEST
07/02/2008 07:36:19 p.m. Tiro cantidad:100 Objeto:Casco De Angmar
07/02/2008 07:36:20 p.m. /DEST
07/02/2008 07:36:26 p.m. Agarro:100 Objeto:Tunica de Angmar (H/E/EO)
07/02/2008 07:36:34 p.m. Tiro cantidad:100 Objeto:Escudo De Dragòn
07/02/2008 07:36:36 p.m. Tiro cantidad:100 Objeto:Armadura Ittev
07/02/2008 07:36:41 p.m. Tiro cantidad:100 Objeto:Escudo Orco
07/02/2008 07:36:52 p.m. Tiro cantidad:100 Objeto:Espada De Hielo
07/02/2008 07:36:56 p.m. Tiro cantidad:100 Objeto:Escudo De Oro
07/02/2008 07:36:59 p.m. Tiro cantidad:100 Objeto:Armadura De Angmar (H/E/E-O)
07/02/2008 07:37:07 p.m. /DEST
07/02/2008 07:37:08 p.m. /DEST
07/02/2008 07:37:10 p.m. /DEST
07/02/2008 07:37:11 p.m. /DEST
07/02/2008 07:37:13 p.m. /DEST
07/02/2008 07:37:16 p.m. /DEST
07/02/2008 07:37:19 p.m. Tiro cantidad:100 Objeto:Espada Orca
07/02/2008 07:37:21 p.m. /DEST
07/02/2008 07:37:26 p.m. /CI: 993
07/02/2008 07:37:30 p.m. /DEST
07/02/2008 07:37:33 p.m. /CI: 992
07/02/2008 07:37:36 p.m. Agarro:100 Objeto:Hacha Ligera
07/02/2008 07:37:44 p.m. /CI: 991
07/02/2008 07:37:46 p.m. Agarro:100 Objeto:Espada Ligera
07/02/2008 07:38:12 p.m. Tiro cantidad:100 Objeto:Espada Ligera
07/02/2008 07:38:14 p.m. /DEST
07/02/2008 07:38:22 p.m. /CI: 989
07/02/2008 07:38:25 p.m. /DEST
07/02/2008 07:38:30 p.m. /CI: 988
07/02/2008 07:38:32 p.m. /DEST
07/02/2008 07:38:36 p.m. /CI: 987
07/02/2008 07:38:39 p.m. /DEST
07/02/2008 07:38:44 p.m. /CI: 986
07/02/2008 07:38:46 p.m. Agarro:100 Objeto:Armadura De Dragòn Blanco (H/E/EO)
07/02/2008 07:39:08 p.m. /CI: 982
07/02/2008 07:39:11 p.m. /DEST
07/02/2008 07:39:18 p.m. /CI: 986
07/02/2008 07:39:20 p.m. /DEST
07/02/2008 07:39:25 p.m. /CI: 985
07/02/2008 07:39:30 p.m. /DEST
07/02/2008 07:39:34 p.m. /CI: 985
07/02/2008 07:39:37 p.m. /DEST
07/02/2008 07:39:40 p.m. Tiro cantidad:100 Objeto:Tunica de Angmar (H/E/EO)
07/02/2008 07:39:42 p.m. /DEST
07/02/2008 07:40:16 p.m. Sumoneo Murciélago
07/02/2008 07:41:22 p.m. Tiro cantidad:100 Objeto:Hacha Ligera
07/02/2008 07:41:27 p.m. /DEST
07/02/2008 07:41:29 p.m. Tiro cantidad:100 Objeto:Arco de Cazador
07/02/2008 07:41:31 p.m. Tiro cantidad:100 Objeto:Armadura De Dragòn Blanco (H/E/EO)
07/02/2008 07:41:33 p.m. Tiro cantidad:100 Objeto:Escudo De Hueso
07/02/2008 07:41:34 p.m. Tiro cantidad:100 Objeto:Escudo Magico
07/02/2008 07:41:36 p.m. /DEST
07/02/2008 07:41:37 p.m. /DEST
07/02/2008 07:41:39 p.m. /DEST
07/02/2008 07:41:40 p.m. /DEST
07/02/2008 07:41:44 p.m. /CI: 999
07/02/2008 07:41:46 p.m. /DEST
07/02/2008 07:41:54 p.m. /CI: 998
07/02/2008 07:41:56 p.m. /DEST
07/02/2008 07:42:02 p.m. /CI: 997
07/02/2008 07:42:05 p.m. /DEST
07/02/2008 07:42:08 p.m. /CI: 996
07/02/2008 07:42:10 p.m. /DEST
07/02/2008 07:42:12 p.m. /CI: 995
07/02/2008 07:42:14 p.m. Agarro:100 Objeto:Armadura De Angmar (H/E/E-O)
07/02/2008 07:42:48 p.m. Sumoneo Murciélago
07/02/2008 07:42:56 p.m. Sumoneo Lobo
07/02/2008 07:43:28 p.m. Sumoneo Murciélago
07/02/2008 07:43:53 p.m. Sumoneo Zombie
07/02/2008 07:44:15 p.m. Tiro cantidad:100 Objeto:Arco de Hielo
07/02/2008 07:44:17 p.m. Tiro cantidad:73 Objeto:Flecha +3
07/02/2008 07:44:22 p.m. /MATA NPC SIN INICIAR
07/02/2008 07:45:02 p.m. /CI: 993
07/02/2008 07:45:04 p.m. /DEST
07/02/2008 07:45:08 p.m. /CI: 995
07/02/2008 07:45:10 p.m. /DEST
07/02/2008 07:45:13 p.m. /CI: 994
07/02/2008 07:45:14 p.m. /DEST
07/02/2008 07:45:21 p.m. /CI: 992
07/02/2008 07:45:23 p.m. Agarro:100 Objeto:Hacha Ligera
07/02/2008 07:45:33 p.m. Agarro:21 Objeto:Monedas de Oro
07/02/2008 07:45:49 p.m. Sumoneo Esqueleto
07/02/2008 07:45:52 p.m. Agarro:8 Objeto:Monedas de Oro
07/02/2008 07:46:01 p.m. /MOD EXP 9999  kyos
07/02/2008 07:46:14 p.m. /MOD EXP 9999  kyos
07/02/2008 07:46:27 p.m. /MOD EXP 99999  kyos
07/02/2008 07:46:49 p.m. /MOD EXP 999999  kyos
07/02/2008 07:48:44 p.m. /MOD EXP 999999  kyos
07/02/2008 07:48:51 p.m. /MOD EXP 999999999  kyos
07/02/2008 07:48:57 p.m. /MOD EXP 999999  kyos
07/02/2008 07:49:07 p.m. /MOD EXP 9999999  kyos
07/02/2008 07:49:13 p.m. /MOD EXP 99999999  kyos
07/02/2008 07:49:25 p.m. /MOD EXP 9999999  kyos
07/02/2008 07:49:27 p.m. /MOD EXP 9999999  kyos
07/02/2008 07:49:29 p.m. /MOD EXP 9999999  kyos
07/02/2008 07:49:30 p.m. /MOD EXP 9999999  kyos
07/02/2008 07:49:31 p.m. /MOD EXP 9999999  kyos
07/02/2008 07:49:33 p.m. /MOD EXP 9999999  kyos
07/02/2008 07:49:35 p.m. /MOD EXP 9999999  kyos
07/02/2008 07:49:36 p.m. /MOD EXP 9999999  kyos
07/02/2008 07:49:38 p.m. /MOD EXP 9999999  kyos
07/02/2008 07:49:40 p.m. /MOD EXP 9999999  kyos
07/02/2008 07:49:42 p.m. /MOD EXP 99999999  kyos
07/02/2008 07:49:44 p.m. /MOD EXP 9999999  kyos
07/02/2008 07:49:46 p.m. /MOD EXP 9999999  kyos
07/02/2008 07:49:49 p.m. /MOD EXP 9999999  kyos
07/02/2008 07:49:51 p.m. /MOD EXP 9999999  kyos
07/02/2008 07:49:52 p.m. /MOD EXP 9999999  kyos
07/02/2008 07:49:54 p.m. /MOD EXP 9999999  kyos
07/02/2008 07:49:55 p.m. /MOD EXP 9999999  kyos
07/02/2008 07:49:58 p.m. /MOD EXP 9999999  kyos
07/02/2008 07:50:01 p.m. /MOD EXP 9999999  kyos
07/02/2008 07:50:03 p.m. /MOD EXP 9999999  kyos
07/02/2008 07:50:08 p.m. /MOD EXP 9999999  kyos
07/02/2008 07:50:13 p.m. /MOD EXP 9999999  kyos
07/02/2008 07:51:32 p.m. Sumoneo Lobo
07/02/2008 07:51:32 p.m. Sumoneo Lobo
07/02/2008 07:51:32 p.m. Sumoneo Lobo
07/02/2008 07:51:32 p.m. Sumoneo Lobo
07/02/2008 07:51:32 p.m. Sumoneo Lobo
07/02/2008 07:51:33 p.m. Sumoneo Lobo
07/02/2008 07:51:33 p.m. Sumoneo Lobo
07/02/2008 07:51:36 p.m. Agarro:1 Objeto:Piel Lobo
07/02/2008 07:51:38 p.m. Agarro:1 Objeto:Piel Lobo
07/02/2008 07:51:39 p.m. Agarro:1 Objeto:Piel Lobo
07/02/2008 07:51:41 p.m. Agarro:1 Objeto:Piel Lobo
07/02/2008 07:51:45 p.m. Agarro:1 Objeto:Piel Lobo
07/02/2008 07:51:46 p.m. Agarro:1 Objeto:Piel Lobo
07/02/2008 07:51:48 p.m. Agarro:1 Objeto:Piel Lobo
07/02/2008 07:51:54 p.m. Sumoneo Lobo
07/02/2008 07:51:55 p.m. Sumoneo Lobo
07/02/2008 07:51:55 p.m. Sumoneo Lobo
07/02/2008 07:51:56 p.m. Sumoneo Lobo
07/02/2008 07:51:59 p.m. Agarro:1 Objeto:Piel Lobo
07/02/2008 07:52:00 p.m. Agarro:1 Objeto:Piel Lobo
07/02/2008 07:52:02 p.m. Agarro:1 Objeto:Piel Lobo
07/02/2008 07:52:49 p.m. Sumoneo Lobo
07/02/2008 07:52:49 p.m. Sumoneo Lobo
07/02/2008 07:52:49 p.m. Sumoneo Lobo
07/02/2008 07:52:49 p.m. Sumoneo Lobo
07/02/2008 07:52:50 p.m. Sumoneo Lobo
07/02/2008 07:52:50 p.m. Sumoneo Lobo
07/02/2008 07:52:55 p.m. Agarro:1 Objeto:Piel Lobo
07/02/2008 07:52:56 p.m. Agarro:1 Objeto:Piel Lobo
07/02/2008 07:52:58 p.m. Agarro:1 Objeto:Piel Lobo
07/02/2008 07:53:00 p.m. Agarro:1 Objeto:Piel Lobo
07/02/2008 07:53:02 p.m. Agarro:1 Objeto:Piel Lobo
07/02/2008 07:53:02 p.m. Agarro:1 Objeto:Piel Lobo
07/02/2008 07:53:05 p.m. Sumoneo Lobo
07/02/2008 07:53:05 p.m. Sumoneo Lobo
07/02/2008 07:53:06 p.m. Sumoneo Lobo
07/02/2008 07:53:06 p.m. Sumoneo Lobo
07/02/2008 07:53:06 p.m. Sumoneo Lobo
07/02/2008 07:53:06 p.m. Sumoneo Lobo
07/02/2008 07:53:11 p.m. /MATA NPC SIN INICIAR
07/02/2008 07:53:13 p.m. Agarro:1 Objeto:Piel Lobo
07/02/2008 07:53:17 p.m. Agarro:1 Objeto:Piel Lobo
07/02/2008 07:53:19 p.m. Agarro:1 Objeto:Piel Lobo
07/02/2008 07:53:22 p.m. Agarro:1 Objeto:Piel Lobo
07/02/2008 07:53:23 p.m. Agarro:1 Objeto:Piel Lobo
07/02/2008 07:54:26 p.m. /TELEPLOC a x:56 Y:47 Map:71
07/02/2008 07:54:37 p.m. /TELEPLOC a x:51 Y:47 Map:71
07/02/2008 07:54:46 p.m. /MOD ORO 9999999  kyos
07/02/2008 07:54:52 p.m. /MOD ORO 999999  kyos
07/02/2008 07:57:04 p.m. Transportó a kyos hacia Mapa74 X:50 Y:50
07/02/2008 07:58:07 p.m. Agarro:1 Objeto:Arco de Hielo
07/02/2008 07:59:24 p.m. /CI: 197
07/02/2008 07:59:26 p.m. Agarro:100 Objeto:Flecha Mágica
07/02/2008 08:00:02 p.m. /CI: 204
07/02/2008 08:00:05 p.m. Agarro:100 Objeto:Flecha Eléctrica
07/02/2008 08:00:19 p.m. /CI: 553
07/02/2008 08:00:20 p.m. Agarro:100 Objeto:Flecha +3
07/02/2008 08:00:27 p.m. /CI: 553
07/02/2008 08:00:28 p.m. Agarro:100 Objeto:Flecha +3
07/02/2008 08:01:30 p.m. /CI: 500
07/02/2008 08:01:33 p.m. /DEST
07/02/2008 08:02:01 p.m. /MATA NPC SIN INICIAR
07/02/2008 08:03:33 p.m. /MATA NPC SIN INICIAR
07/02/2008 08:03:38 p.m. /MATA NPC SIN INICIAR
07/02/2008 08:03:42 p.m. /MATA NPC SIN INICIAR
07/02/2008 08:03:48 p.m. /MATA NPC SIN INICIAR
07/02/2008 08:04:03 p.m. /TELEPLOC a x:64 Y:84 Map:76
07/02/2008 08:04:08 p.m. /TELEPLOC a x:59 Y:81 Map:76
07/02/2008 08:04:17 p.m. /IRA iluvatar Mapa:73 X:52 Y:59
07/02/2008 08:07:05 p.m. Agarro:1 Objeto:Banana
07/02/2008 08:10:35 p.m. /MOD EXP 9999999  kyos
07/02/2008 08:10:37 p.m. /MOD EXP 9999999  kyos
07/02/2008 08:10:40 p.m. /MOD EXP 9999999  kyos
07/02/2008 08:10:42 p.m. /MOD EXP 9999999  kyos
07/02/2008 08:10:44 p.m. /MOD EXP 9999999  kyos
07/02/2008 08:10:45 p.m. /MOD EXP 9999999  kyos
07/02/2008 08:10:47 p.m. /MOD EXP 9999999  kyos
07/02/2008 08:10:48 p.m. /MOD EXP 9999999  kyos
07/02/2008 08:10:49 p.m. /MOD EXP 9999999  kyos
07/02/2008 08:10:50 p.m. /MOD EXP 9999999  kyos
07/02/2008 08:10:52 p.m. /MOD EXP 9999999  kyos
07/02/2008 08:10:53 p.m. /MOD EXP 9999999  kyos
07/02/2008 08:10:55 p.m. /MOD EXP 9999999  kyos
07/02/2008 08:10:57 p.m. /MOD EXP 9999999  kyos
07/02/2008 08:10:58 p.m. /MOD EXP 9999999  kyos
07/02/2008 08:10:59 p.m. /MOD EXP 9999999  kyos
07/02/2008 08:11:02 p.m. /MOD EXP 9999999  kyos
07/02/2008 08:11:04 p.m. /MOD EXP 9999999  kyos
07/02/2008 08:11:06 p.m. /MOD EXP 9999999  kyos
07/02/2008 08:11:08 p.m. /MOD EXP 9999999  kyos
07/02/2008 08:11:10 p.m. /MOD EXP 9999999  kyos
07/02/2008 08:11:11 p.m. /MOD EXP 9999999  kyos
07/02/2008 08:11:12 p.m. /MOD EXP 9999999  kyos
07/02/2008 08:11:14 p.m. /MOD EXP 9999999  kyos
07/02/2008 08:11:16 p.m. /MOD EXP 9999999  kyos
07/02/2008 08:11:18 p.m. /MOD EXP 9999999  kyos
07/02/2008 08:11:19 p.m. /MOD EXP 9999999  kyos
07/02/2008 08:11:21 p.m. /MOD EXP 9999999  kyos
07/02/2008 08:11:30 p.m. /MOD EXP 9999999  kyos
07/02/2008 08:11:33 p.m. /MOD EXP 9999999  kyos
07/02/2008 08:11:33 p.m. /MOD EXP 9999999  kyos
07/02/2008 08:11:35 p.m. /MOD EXP 9999999  kyos
07/02/2008 08:11:36 p.m. /MOD EXP 9999999  kyos
07/02/2008 08:11:48 p.m. /MOD EXP 9999999  kyos
07/02/2008 08:11:50 p.m. /MOD EXP 9999999  kyos
07/02/2008 08:11:52 p.m. /MOD EXP 9999999  kyos
07/02/2008 08:11:55 p.m. /MOD EXP 9999999  kyos
07/02/2008 08:11:57 p.m. /MOD EXP 9999999  kyos
07/02/2008 08:11:59 p.m. /MOD EXP 9999999  kyos
07/02/2008 08:12:01 p.m. /MOD EXP 9999999  kyos
07/02/2008 08:12:02 p.m. /MOD EXP 9999999  kyos
07/02/2008 08:12:04 p.m. /MOD EXP 9999999  kyos
07/02/2008 08:12:06 p.m. /MOD EXP 9999999  kyos
07/02/2008 08:12:16 p.m. /MOD EXP 9999999  kyos
07/02/2008 08:12:18 p.m. /MOD EXP 9999999  kyos
07/02/2008 08:12:19 p.m. /MOD EXP 9999999  kyos
07/02/2008 08:12:25 p.m. /MOD EXP 9999999  kyos
07/02/2008 08:12:28 p.m. /MOD EXP 9999999  kyos
07/02/2008 08:12:29 p.m. /MOD EXP 9999999  kyos
07/02/2008 08:12:32 p.m. /MOD EXP 9999999  kyos
07/02/2008 08:12:33 p.m. /MOD EXP 9999999  kyos
07/02/2008 08:12:36 p.m. /MOD EXP 9999999  kyos
07/02/2008 08:12:38 p.m. /MOD EXP 9999999  kyos
07/02/2008 08:12:46 p.m. /MOD EXP 9999999  kyos
07/02/2008 08:12:48 p.m. /MOD EXP 9999999  kyos
07/02/2008 08:12:49 p.m. /MOD EXP 9999999  kyos
07/02/2008 08:12:50 p.m. /MOD EXP 9999999  kyos
07/02/2008 08:12:52 p.m. /MOD EXP 9999999  kyos
07/02/2008 08:12:53 p.m. /MOD EXP 9999999  kyos
07/02/2008 08:14:26 p.m. /MOD SKILLS armas de kyos
