04/10/2007 17:46:06 server iniciado 0.12.11
04/10/2007 17:47:58 server iniciado 0.12.12
04/10/2007 17:51:40 server cerrado.
04/10/2007 17:52:54 server iniciado 0.12.13
04/10/2007 17:55:01 server iniciado 0.12.13
04/10/2007 17:58:35 server iniciado 0.12.14
04/10/2007 18:02:17 server iniciado 0.12.15
05/10/2007 20:15:12 server iniciado 0.12.16
05/10/2007 20:19:08 server cerrado.
05/10/2007 20:20:48 server iniciado 0.12.9
05/10/2007 20:22:18 server iniciado 0.12.9
05/10/2007 20:27:29 server cerrado.
05/10/2007 20:29:27 server iniciado 0.12.10
05/10/2007 20:37:07 server cerrado.
05/10/2007 20:38:34 server iniciado 0.12.11
05/10/2007 20:40:25 server cerrado.
05/10/2007 20:49:14 server iniciado 0.12.12
05/10/2007 21:08:24 server cerrado.
05/10/2007 21:09:19 server iniciado 0.12.13
05/10/2007 22:00:42 server cerrado.
05/10/2007 22:42:23 server iniciado 0.12.13
05/10/2007 23:50:39 server cerrado.
06/10/2007 10:32:33 server iniciado 0.12.13
06/10/2007 10:57:45 server cerrado.
06/10/2007 11:28:47 server iniciado 0.12.9
06/10/2007 11:40:47 server cerrado.
06/10/2007 11:41:42 server iniciado 0.12.10
06/10/2007 12:00:15 server iniciado 0.12.11
06/10/2007 12:08:26 server iniciado 0.12.12
06/10/2007 12:11:15 server cerrado.
06/10/2007 12:14:54 server iniciado 0.12.13
06/10/2007 12:21:22 server cerrado.
06/10/2007 12:21:51 server iniciado 0.12.13
06/10/2007 12:33:50 server cerrado.
06/10/2007 12:34:56 server iniciado 0.12.14
06/10/2007 12:39:57 server cerrado.
06/10/2007 12:40:49 server iniciado 0.12.15
06/10/2007 12:42:04 server cerrado.
06/10/2007 12:43:10 server iniciado 0.12.16
06/10/2007 12:46:39 server cerrado.
06/10/2007 12:50:55 server iniciado 0.12.17
06/10/2007 12:52:02 server cerrado.
06/10/2007 12:59:20 server iniciado 0.12.19
06/10/2007 13:02:00 server cerrado.
11/10/2007 10:39:41 a.m. server iniciado 0.12.10
11/10/2007 11:17:25 a.m. server cerrado.
11/10/2007 11:18:34 a.m. server iniciado 0.12.10
11/10/2007 11:31:47 a.m. server cerrado.
11/10/2007 11:33:31 a.m. server iniciado 0.12.10
11/10/2007 11:35:51 a.m. server cerrado.
11/10/2007 11:40:19 a.m. server iniciado 0.12.14
11/10/2007 11:41:35 a.m. server cerrado.
11/10/2007 11:46:50 a.m. server iniciado 0.12.14
11/10/2007 11:46:55 a.m. server cerrado.
11/10/2007 11:47:16 a.m. server iniciado 0.12.15
11/10/2007 11:52:27 a.m. server cerrado.
11/10/2007 12:02:12 p.m. server iniciado 0.12.16
11/10/2007 12:04:08 p.m. server cerrado.
11/10/2007 12:06:03 p.m. server iniciado 0.12.17
11/10/2007 12:18:09 p.m. server cerrado.
11/10/2007 12:19:26 p.m. server iniciado 0.12.18
11/10/2007 12:27:49 p.m. server cerrado.
11/10/2007 12:30:37 p.m. server iniciado 0.12.19
11/10/2007 12:32:03 p.m. server cerrado.
11/10/2007 12:43:05 p.m. server iniciado 0.12.20
11/10/2007 12:45:42 p.m. server cerrado.
11/10/2007 12:47:57 p.m. server iniciado 0.12.21
11/10/2007 12:49:49 p.m. server cerrado.
11/10/2007 12:50:44 p.m. server iniciado 0.12.22
11/10/2007 12:53:45 p.m. server iniciado 0.12.22
11/10/2007 12:58:53 p.m. server iniciado 0.12.22
11/10/2007 01:14:11 p.m. server iniciado 0.12.22
11/10/2007 01:15:58 p.m. server iniciado 0.12.22
11/10/2007 01:16:39 p.m. server cerrado.
11/10/2007 01:17:02 p.m. server iniciado 0.12.22
11/10/2007 01:19:27 p.m. server iniciado 0.12.22
11/10/2007 01:19:56 p.m. server cerrado.
11/10/2007 01:21:21 p.m. server iniciado 0.12.22
11/10/2007 01:22:56 p.m. server cerrado.
11/10/2007 01:23:58 p.m. server iniciado 0.12.22
11/10/2007 01:33:37 p.m. server cerrado.
11/10/2007 01:33:56 p.m. server iniciado 0.12.23
11/10/2007 01:41:06 p.m. server iniciado 0.12.23
11/10/2007 01:43:29 p.m. server iniciado 0.12.23
11/10/2007 01:47:33 p.m. server iniciado 0.12.23
11/10/2007 01:48:54 p.m. server iniciado 0.12.23
11/10/2007 01:49:55 p.m. server iniciado 0.12.23
11/10/2007 01:55:35 p.m. server iniciado 0.12.22
11/10/2007 01:57:32 p.m. server cerrado.
11/10/2007 01:57:53 p.m. server iniciado 0.12.23
11/10/2007 01:59:46 p.m. server iniciado 0.12.23
11/10/2007 02:02:38 p.m. server iniciado 0.12.23
11/10/2007 02:32:57 p.m. server iniciado 0.12.22
11/10/2007 02:37:39 p.m. server iniciado 0.12.22
11/10/2007 02:37:53 p.m. server cerrado.
11/10/2007 02:38:19 p.m. server iniciado 0.12.22
11/10/2007 02:38:38 p.m. server cerrado.
11/10/2007 02:39:57 p.m. server iniciado 0.12.22
11/10/2007 02:41:49 p.m. server cerrado.
11/10/2007 02:42:20 p.m. server iniciado 0.12.22
11/10/2007 02:43:22 p.m. server cerrado.
11/10/2007 02:43:53 p.m. server iniciado 0.12.22
11/10/2007 02:44:49 p.m. server cerrado.
11/10/2007 02:45:13 p.m. server iniciado 0.12.22
11/10/2007 02:46:01 p.m. server cerrado.
11/10/2007 02:47:46 p.m. server iniciado 0.12.22
11/10/2007 02:48:59 p.m. server cerrado.
11/10/2007 02:49:47 p.m. server iniciado 0.12.22
11/10/2007 02:50:37 p.m. server cerrado.
11/10/2007 02:51:07 p.m. server iniciado 0.12.22
11/10/2007 02:54:56 p.m. server cerrado.
11/10/2007 03:30:59 p.m. server iniciado 0.12.22
11/10/2007 03:32:39 p.m. server cerrado.
11/10/2007 06:33:13 p.m. server iniciado 0.12.17
11/10/2007 06:36:29 p.m. server cerrado.
11/10/2007 06:43:03 p.m. server iniciado 0.12.17
11/10/2007 06:48:13 p.m. server cerrado.
13/10/2007 10:36:05 p.m. server iniciado 0.12.23
13/10/2007 11:24:27 p.m. server cerrado.
13/10/2007 11:37:43 p.m. server iniciado 0.12.25
13/10/2007 11:41:44 p.m. server iniciado 0.12.25
14/10/2007 12:42:50 a.m. server cerrado.
14/10/2007 11:02:58 a.m. server iniciado 0.12.25
14/10/2007 12:57:23 p.m. server cerrado.
14/10/2007 10:18:17 p.m. server iniciado 0.12.26
14/10/2007 10:19:36 p.m. server cerrado.
14/10/2007 11:21:08 p.m. server iniciado 0.12.26
14/10/2007 11:27:14 p.m. server cerrado.
14/10/2007 11:28:15 p.m. server iniciado 0.12.27
14/10/2007 11:32:54 p.m. server cerrado.
14/10/2007 11:36:09 p.m. server iniciado 0.12.27
14/10/2007 11:56:09 p.m. server cerrado.
14/10/2007 11:57:25 p.m. server iniciado 0.12.28
14/10/2007 11:58:13 p.m. server cerrado.
14/10/2007 11:58:36 p.m. server iniciado 0.12.28
15/10/2007 12:00:08 a.m. server cerrado.
15/10/2007 12:00:30 a.m. server iniciado 0.12.28
15/10/2007 12:01:04 a.m. server cerrado.
15/10/2007 12:01:33 a.m. server iniciado 0.12.28
15/10/2007 12:02:38 a.m. server cerrado.
15/10/2007 12:03:20 a.m. server iniciado 0.12.28
15/10/2007 12:05:45 a.m. server cerrado.
15/10/2007 12:07:47 a.m. server iniciado 0.12.28
15/10/2007 12:09:31 a.m. server cerrado.
15/10/2007 12:09:56 a.m. server iniciado 0.12.28
15/10/2007 12:10:49 a.m. server cerrado.
15/10/2007 12:11:21 a.m. server iniciado 0.12.28
15/10/2007 12:11:50 a.m. server cerrado.
15/10/2007 12:12:23 a.m. server iniciado 0.12.28
15/10/2007 12:14:23 a.m. server cerrado.
15/10/2007 12:14:43 a.m. server iniciado 0.12.28
15/10/2007 12:15:24 a.m. server cerrado.
15/10/2007 12:16:03 a.m. server iniciado 0.12.28
15/10/2007 12:17:19 a.m. server cerrado.
15/10/2007 12:19:57 a.m. server iniciado 0.12.28
15/10/2007 12:23:08 a.m. server iniciado 0.12.28
15/10/2007 12:27:12 a.m. server cerrado.
15/10/2007 12:28:00 a.m. server iniciado 0.12.28
15/10/2007 12:32:28 a.m. server cerrado.
15/10/2007 12:33:02 a.m. server iniciado 0.12.28
16/10/2007 08:01:56 p.m. server iniciado 0.12.17
16/10/2007 08:02:01 p.m. server cerrado.
16/10/2007 08:02:32 p.m. server iniciado 0.12.28
16/10/2007 08:02:39 p.m. server cerrado.
16/10/2007 08:03:09 p.m. server iniciado 0.12.28
16/10/2007 08:04:00 p.m. server cerrado.
16/10/2007 08:06:16 p.m. server iniciado 0.12.28
16/10/2007 08:09:12 p.m. server cerrado.
16/10/2007 08:09:41 p.m. server iniciado 0.12.28
16/10/2007 08:13:28 p.m. server cerrado.
16/10/2007 08:15:07 p.m. server iniciado 0.12.28
16/10/2007 08:17:07 p.m. server cerrado.
16/10/2007 08:17:39 p.m. server iniciado 0.12.28
16/10/2007 08:18:31 p.m. server cerrado.
16/10/2007 08:24:59 p.m. server iniciado 0.12.28
16/10/2007 08:25:36 p.m. server cerrado.
16/10/2007 08:27:03 p.m. server iniciado 0.12.28
16/10/2007 08:40:25 p.m. server cerrado.
16/10/2007 09:23:00 p.m. server iniciado 0.12.28
16/10/2007 09:54:29 p.m. server cerrado.
18/10/2007 09:36:22 p.m. server iniciado 0.12.28
18/10/2007 09:37:06 p.m. server cerrado.
18/10/2007 09:37:46 p.m. server iniciado 0.12.28
18/10/2007 10:01:17 p.m. server cerrado.
18/10/2007 10:22:52 p.m. server iniciado 0.12.28
18/10/2007 10:37:46 p.m. server iniciado 0.12.17
18/10/2007 10:40:38 p.m. server cerrado.
18/10/2007 10:40:58 p.m. server iniciado 0.12.17
18/10/2007 10:47:33 p.m. server cerrado.
20/10/2007 05:18:04 p.m. server iniciado 0.12.17
20/10/2007 05:18:08 p.m. server cerrado.
20/10/2007 05:22:22 p.m. server iniciado 0.12.28
20/10/2007 05:23:55 p.m. server cerrado.
20/10/2007 05:27:45 p.m. server iniciado 0.12.28
20/10/2007 05:30:20 p.m. server cerrado.
20/10/2007 05:31:21 p.m. server iniciado 0.12.28
20/10/2007 05:32:58 p.m. server cerrado.
20/10/2007 05:33:41 p.m. server iniciado 0.12.28
20/10/2007 05:35:46 p.m. server cerrado.
20/10/2007 05:36:26 p.m. server iniciado 0.12.28
20/10/2007 05:37:14 p.m. server cerrado.
20/10/2007 05:38:22 p.m. server iniciado 0.12.28
20/10/2007 05:39:54 p.m. server cerrado.
20/10/2007 05:40:36 p.m. server iniciado 0.12.28
20/10/2007 05:41:59 p.m. server cerrado.
20/10/2007 05:42:58 p.m. server iniciado 0.12.28
20/10/2007 05:44:13 p.m. server cerrado.
20/10/2007 05:44:44 p.m. server iniciado 0.12.28
20/10/2007 05:45:25 p.m. server cerrado.
20/10/2007 05:45:58 p.m. server iniciado 0.12.28
20/10/2007 05:47:25 p.m. server cerrado.
20/10/2007 05:47:52 p.m. server iniciado 0.12.28
20/10/2007 05:48:27 p.m. server cerrado.
20/10/2007 05:49:22 p.m. server iniciado 0.12.28
20/10/2007 05:49:51 p.m. server cerrado.
20/10/2007 05:53:19 p.m. server iniciado 0.12.28
20/10/2007 05:55:04 p.m. server cerrado.
20/10/2007 05:56:55 p.m. server iniciado 0.12.28
20/10/2007 05:57:35 p.m. server cerrado.
20/10/2007 05:57:59 p.m. server iniciado 0.12.28
21/10/2007 01:03:57 p.m. server iniciado 0.12.28
21/10/2007 01:05:31 p.m. server cerrado.
21/10/2007 01:05:58 p.m. server iniciado 0.12.28
21/10/2007 01:06:53 p.m. server cerrado.
21/10/2007 01:08:38 p.m. server iniciado 0.12.28
21/10/2007 01:12:07 p.m. server cerrado.
21/10/2007 03:30:16 p.m. server iniciado 0.12.29
21/10/2007 03:32:18 p.m. server cerrado.
21/10/2007 03:34:32 p.m. server iniciado 0.12.29
21/10/2007 03:37:09 p.m. server cerrado.
26/10/2007 11:24:58 a.m. server iniciado 0.12.30
26/10/2007 11:45:20 a.m. server cerrado.
26/10/2007 11:46:00 a.m. server iniciado 0.12.30
26/10/2007 11:47:43 a.m. server cerrado.
26/10/2007 11:48:09 a.m. server iniciado 0.12.30
26/10/2007 11:50:03 a.m. server cerrado.
26/10/2007 11:51:00 a.m. server iniciado 0.12.30
26/10/2007 12:01:48 p.m. server iniciado 0.12.30
26/10/2007 12:02:13 p.m. server cerrado.
26/10/2007 12:02:56 p.m. server iniciado 0.12.30
26/10/2007 12:05:13 p.m. server cerrado.
26/10/2007 02:25:05 p.m. server iniciado 0.12.30
26/10/2007 02:25:23 p.m. server cerrado.
26/10/2007 02:29:05 p.m. server iniciado 0.12.30
26/10/2007 02:37:46 p.m. server iniciado 0.12.30
26/10/2007 02:39:22 p.m. server iniciado 0.12.30
26/10/2007 02:40:46 p.m. server iniciado 0.12.30
26/10/2007 02:42:11 p.m. server cerrado.
26/10/2007 02:44:19 p.m. server iniciado 0.12.30
26/10/2007 02:46:11 p.m. server cerrado.
26/10/2007 03:37:54 p.m. server iniciado 0.12.30
26/10/2007 03:40:16 p.m. server iniciado 0.12.30
26/10/2007 03:56:19 p.m. server cerrado.
26/10/2007 03:57:16 p.m. server iniciado 0.12.30
26/10/2007 04:00:20 p.m. server iniciado 0.12.30
26/10/2007 04:17:44 p.m. server iniciado 0.12.30
26/10/2007 04:34:55 p.m. server cerrado.
26/10/2007 10:05:50 p.m. server iniciado 0.12.30
26/10/2007 10:15:26 p.m. server iniciado 0.12.30
26/10/2007 10:18:42 p.m. server iniciado 0.12.30
26/10/2007 10:20:00 p.m. server iniciado 0.12.30
26/10/2007 10:21:41 p.m. server iniciado 0.12.30
26/10/2007 10:23:13 p.m. server iniciado 0.12.30
26/10/2007 10:24:29 p.m. server cerrado.
26/10/2007 10:45:32 p.m. server iniciado 0.12.30
26/10/2007 10:46:51 p.m. server cerrado.
26/10/2007 10:48:10 p.m. server iniciado 0.12.30
26/10/2007 10:49:46 p.m. server cerrado.
26/10/2007 10:57:45 p.m. server iniciado 0.12.30
26/10/2007 11:00:10 p.m. server cerrado.
27/10/2007 02:31:55 p.m. server iniciado 0.12.30
27/10/2007 02:38:28 p.m. server cerrado.
27/10/2007 02:40:27 p.m. server iniciado 0.12.31
27/10/2007 02:40:53 p.m. server cerrado.
27/10/2007 02:41:37 p.m. server iniciado 0.12.31
27/10/2007 02:43:03 p.m. server cerrado.
27/10/2007 02:47:45 p.m. server iniciado 0.12.31
27/10/2007 03:09:07 p.m. server iniciado 0.12.30
27/10/2007 03:10:43 p.m. server cerrado.
27/10/2007 03:11:14 p.m. server iniciado 0.12.30
27/10/2007 03:12:48 p.m. server cerrado.
27/10/2007 03:14:48 p.m. server iniciado 0.12.30
27/10/2007 03:15:36 p.m. server cerrado.
27/10/2007 03:16:02 p.m. server iniciado 0.12.30
27/10/2007 03:18:38 p.m. server cerrado.
27/10/2007 03:25:46 p.m. server iniciado 0.12.30
27/10/2007 03:26:59 p.m. server cerrado.
27/10/2007 03:27:25 p.m. server iniciado 0.12.30
27/10/2007 03:33:02 p.m. server cerrado.
27/10/2007 03:33:32 p.m. server iniciado 0.12.30
27/10/2007 03:35:23 p.m. server cerrado.
27/10/2007 03:36:30 p.m. server iniciado 0.12.30
27/10/2007 03:37:16 p.m. server cerrado.
27/10/2007 03:42:18 p.m. server iniciado 0.12.30
27/10/2007 03:43:28 p.m. server cerrado.
28/10/2007 09:22:13 a.m. server iniciado 0.12.30
28/10/2007 09:23:19 a.m. server cerrado.
28/10/2007 09:23:48 a.m. server iniciado 0.12.30
28/10/2007 09:25:31 a.m. server cerrado.
28/10/2007 09:41:54 a.m. server iniciado 0.12.30
28/10/2007 09:44:10 a.m. server iniciado 0.12.30
28/10/2007 09:47:31 a.m. server iniciado 0.12.31
28/10/2007 09:49:01 a.m. server cerrado.
28/10/2007 09:49:27 a.m. server iniciado 0.12.31
28/10/2007 09:51:05 a.m. server cerrado.
28/10/2007 09:55:02 a.m. server iniciado 0.12.31
28/10/2007 09:56:00 a.m. server cerrado.
28/10/2007 09:56:21 a.m. server iniciado 0.12.31
28/10/2007 09:58:20 a.m. server cerrado.
28/10/2007 09:59:08 a.m. server iniciado 0.12.31
28/10/2007 10:00:19 a.m. server cerrado.
28/10/2007 10:00:48 a.m. server iniciado 0.12.31
28/10/2007 10:02:05 a.m. server cerrado.
28/10/2007 10:02:34 a.m. server iniciado 0.12.31
28/10/2007 10:03:57 a.m. server cerrado.
28/10/2007 10:06:40 a.m. server iniciado 0.12.31
28/10/2007 10:08:09 a.m. server cerrado.
28/10/2007 10:08:33 a.m. server iniciado 0.12.31
28/10/2007 10:09:48 a.m. server cerrado.
28/10/2007 10:11:40 a.m. server iniciado 0.12.31
28/10/2007 10:15:01 a.m. server cerrado.
28/10/2007 02:16:41 p.m. server iniciado 0.12.31
28/10/2007 02:19:30 p.m. server cerrado.
28/10/2007 02:21:16 p.m. server iniciado 0.12.31
28/10/2007 02:22:06 p.m. server cerrado.
28/10/2007 02:33:27 p.m. server iniciado 0.12.31
28/10/2007 02:33:36 p.m. server cerrado.
28/10/2007 02:34:33 p.m. server iniciado 0.12.31
28/10/2007 02:37:57 p.m. server cerrado.
28/10/2007 02:38:42 p.m. server iniciado 0.12.31
28/10/2007 02:39:18 p.m. server cerrado.
28/10/2007 02:40:05 p.m. server iniciado 0.12.31
28/10/2007 02:42:36 p.m. server cerrado.
28/10/2007 02:43:48 p.m. server iniciado 0.12.31
28/10/2007 02:44:52 p.m. server cerrado.
28/10/2007 02:50:49 p.m. server iniciado 0.12.31
28/10/2007 03:06:23 p.m. server cerrado.
28/02/2007 08:36:19 p.m. server iniciado 0.12.31
30/10/2007 09:05:44 p.m. server cerrado.
30/10/2007 09:08:27 p.m. server iniciado 0.12.31
30/10/2007 09:21:12 p.m. server cerrado.
01/11/2007 09:49:19 p.m. server iniciado 0.12.31
02/11/2007 05:58:00 p.m. server iniciado 0.12.31
04/11/2007 05:47:30 p.m. server iniciado 0.12.32
04/11/2007 05:50:17 p.m. server cerrado.
06/11/2007 09:32:58 p.m. server iniciado 0.12.33
06/02/2007 10:44:44 p.m. server cerrado.
07/11/2007 06:54:17 p.m. server iniciado 0.12.33
07/11/2007 10:38:51 p.m. server iniciado 0.12.34
07/11/2007 10:42:39 p.m. server cerrado.
07/11/2007 11:54:22 p.m. server cerrado.
11/11/2007 12:14:28 a.m. server iniciado 0.12.34
11/11/2007 12:35:36 a.m. server cerrado.
11/11/2007 09:11:51 a.m. server iniciado 0.12.34
11/11/2007 09:44:50 a.m. server cerrado.
13/11/2007 05:51:55 p.m. server iniciado 0.12.34
13/11/2007 07:15:05 p.m. server cerrado.
13/11/2007 07:16:31 p.m. server iniciado 0.12.34
13/11/2007 07:26:15 p.m. server cerrado.
13/02/2007 07:46:06 p.m. server iniciado 0.12.34
14/11/2007 10:28:15 p.m. server iniciado 0.12.34
14/11/2007 10:40:35 p.m. server cerrado.
14/11/2007 11:01:00 p.m. server iniciado 0.12.34
14/11/2007 11:13:11 p.m. server iniciado 0.12.34
14/11/2007 11:37:09 p.m. server cerrado.
14/11/2007 11:37:55 p.m. server iniciado 0.12.34
16/11/2007 10:52:53 p.m. server iniciado 0.12.34
16/11/2007 11:26:56 p.m. server cerrado.
17/11/2007 11:42:59 p.m. server iniciado 0.12.34
25/11/2007 11:08:02 a.m. server iniciado 0.12.34
25/11/2007 11:10:38 a.m. server cerrado.
25/11/2007 11:53:29 a.m. server iniciado 0.12.35
25/11/2007 11:54:16 a.m. server cerrado.
25/11/2007 11:55:14 a.m. server iniciado 0.12.35
25/11/2007 11:56:12 a.m. server cerrado.
25/11/2007 12:01:31 p.m. server iniciado 0.12.35
25/11/2007 12:32:27 p.m. server cerrado.
25/11/2007 08:32:45 p.m. server iniciado 0.12.35
25/11/2007 08:54:38 p.m. server cerrado.
01/12/2007 03:30:13 p.m. server iniciado 0.12.36
01/12/2007 03:44:19 p.m. server cerrado.
01/12/2007 03:45:46 p.m. server iniciado 0.12.36
01/12/2007 03:51:37 p.m. server cerrado.
02/12/2007 07:07:58 p.m. server iniciado 0.12.36
02/12/2007 07:13:21 p.m. server cerrado.
02/12/2007 07:33:26 p.m. server iniciado 0.12.36
02/12/2007 07:49:00 p.m. server iniciado 0.12.36
02/12/2007 08:01:41 p.m. server cerrado.
02/12/2007 08:53:30 p.m. server iniciado 0.12.37
02/12/2007 08:58:16 p.m. server cerrado.
02/12/2007 08:59:28 p.m. server iniciado 0.12.38
02/12/2007 09:00:12 p.m. server cerrado.
02/12/2007 09:11:16 p.m. server iniciado 0.12.39
02/12/2007 11:56:40 p.m. server cerrado.
03/12/2007 04:03:10 p.m. server iniciado 0.12.39
03/12/2007 04:29:57 p.m. server cerrado.
04/12/2007 12:52:45 p.m. server iniciado 0.12.39
04/12/2007 01:08:42 p.m. server cerrado.
04/12/2007 02:42:34 p.m. server iniciado 0.12.39
04/12/2007 04:46:12 p.m. server cerrado.
05/12/2007 10:46:36 p.m. server iniciado 0.12.39
06/12/2007 01:48:55 a.m. server cerrado.
06/12/2007 11:48:27 a.m. server iniciado 0.12.39
06/02/2007 03:38:33 p.m. server iniciado 0.12.39
06/02/2007 04:56:28 p.m. server cerrado.
06/02/2007 04:56:29 p.m. server cerrado.
06/12/2007 07:37:48 p.m. server iniciado 0.12.39
06/12/2007 09:16:22 p.m. server iniciado 0.12.39
06/12/2007 09:38:58 p.m. server cerrado.
07/02/2007 10:44:57 a.m. server iniciado 0.12.39
07/12/2007 11:11:59 a.m. server cerrado.
09/12/2007 11:10:37 a.m. server iniciado 0.12.39
09/12/2007 11:22:36 a.m. server cerrado.
11/12/2007 10:50:06 p.m. server iniciado 0.12.39
11/12/2007 11:07:54 p.m. server cerrado.
11/12/2007 11:16:16 p.m. server iniciado 0.12.41
11/12/2007 11:17:33 p.m. server cerrado.
11/12/2007 11:18:27 p.m. server iniciado 0.12.41
11/12/2007 11:20:07 p.m. server cerrado.
11/12/2007 11:21:22 p.m. server iniciado 0.12.41
11/12/2007 11:24:55 p.m. server cerrado.
11/12/2007 11:27:13 p.m. server iniciado 0.12.42
11/12/2007 11:28:23 p.m. server cerrado.
12/12/2007 07:52:42 a.m. server iniciado 0.12.42
12/12/2007 08:26:19 a.m. server cerrado.
12/12/2007 08:27:34 a.m. server iniciado 0.12.43
12/12/2007 08:29:59 a.m. server cerrado.
12/12/2007 08:32:12 a.m. server iniciado 0.12.44
12/12/2007 08:37:07 a.m. server cerrado.
12/12/2007 06:00:25 p.m. server iniciado 0.12.46
12/02/2007 06:13:31 p.m. server cerrado.
13/02/2007 01:04:45 p.m. server iniciado 0.12.46
13/02/2007 01:17:52 p.m. server cerrado.
13/02/2007 11:06:06 p.m. server iniciado 0.12.46
13/02/2007 11:28:43 p.m. server cerrado.
13/02/2007 11:30:44 p.m. server iniciado 0.12.47
13/02/2007 11:40:15 p.m. server cerrado.
13/02/2007 11:41:30 p.m. server iniciado 0.12.48
13/02/2007 11:57:00 p.m. server cerrado.
14/02/2007 12:03:27 a.m. server iniciado 0.12.49
14/02/2007 12:12:11 a.m. server cerrado.
14/02/2007 12:22:08 a.m. server iniciado 0.12.51
14/02/2007 12:23:57 a.m. server cerrado.
14/02/2007 12:41:16 a.m. server iniciado 0.12.51
14/02/2007 01:04:42 a.m. server cerrado.
14/02/2007 01:42:53 a.m. server iniciado 0.12.51
14/02/2007 01:55:01 a.m. server cerrado.
15/12/2007 12:38:34 a.m. server iniciado 0.12.51
15/12/2007 02:11:40 a.m. server cerrado.
17/12/2007 12:31:08 a.m. server iniciado 0.12.51
17/12/2007 01:23:16 a.m. server cerrado.
17/12/2007 02:47:58 p.m. server iniciado 0.12.51
17/12/2007 03:54:00 p.m. server cerrado.
17/12/2007 03:58:00 p.m. server iniciado 0.12.63
17/12/2007 05:01:51 p.m. server iniciado 0.12.62
17/12/2007 05:14:51 p.m. server cerrado.
17/12/2007 10:05:48 p.m. server iniciado 0.12.62
06/02/2007 01:15:14 a.m. server cerrado.
06/02/2007 01:34:35 a.m. server iniciado 0.12.63
06/02/2007 01:38:23 a.m. server cerrado.
06/02/2007 01:41:42 a.m. server iniciado 0.12.64
06/02/2007 01:47:01 a.m. server cerrado.
06/02/2007 01:48:53 a.m. server iniciado 0.12.65
06/02/2007 01:53:42 a.m. server cerrado.
06/02/2007 02:06:45 a.m. server iniciado 0.12.66
06/02/2007 02:13:51 a.m. server cerrado.
06/02/2007 02:15:11 a.m. server iniciado 0.12.67
06/02/2007 02:19:53 a.m. server cerrado.
18/12/2007 12:10:43 p.m. server iniciado 0.12.67
18/12/2007 12:26:24 p.m. server cerrado.
18/12/2007 05:05:57 p.m. server iniciado 0.12.70
18/12/2007 05:20:28 p.m. server cerrado.
18/12/2007 05:20:55 p.m. server iniciado 0.12.71
18/12/2007 05:23:14 p.m. server cerrado.
18/12/2007 05:25:11 p.m. server iniciado 0.12.71
18/12/2007 05:26:08 p.m. server cerrado.
18/12/2007 05:38:30 p.m. server iniciado 0.12.71
18/12/2007 05:40:21 p.m. server cerrado.
18/12/2007 05:40:45 p.m. server iniciado 0.12.71
18/12/2007 05:42:16 p.m. server cerrado.
18/12/2007 05:43:43 p.m. server iniciado 0.12.71
18/12/2007 05:45:52 p.m. server cerrado.
18/12/2007 05:46:25 p.m. server iniciado 0.12.71
18/12/2007 05:48:12 p.m. server cerrado.
18/12/2007 05:49:44 p.m. server iniciado 0.12.71
18/12/2007 05:51:36 p.m. server cerrado.
18/12/2007 05:54:46 p.m. server iniciado 0.12.71
18/12/2007 05:58:39 p.m. server iniciado 0.12.71
18/12/2007 06:02:25 p.m. server iniciado 0.12.71
18/12/2007 06:02:48 p.m. server cerrado.
18/12/2007 06:03:15 p.m. server iniciado 0.12.71
18/12/2007 06:04:28 p.m. server cerrado.
18/12/2007 06:05:52 p.m. server iniciado 0.12.71
18/12/2007 06:09:00 p.m. server cerrado.
18/12/2007 06:22:34 p.m. server iniciado 0.12.71
18/12/2007 06:23:52 p.m. server cerrado.
18/12/2007 06:24:21 p.m. server iniciado 0.12.71
18/12/2007 06:25:24 p.m. server cerrado.
18/12/2007 10:59:51 p.m. server iniciado 0.12.71
18/12/2007 11:00:40 p.m. server cerrado.
18/12/2007 11:01:14 p.m. server iniciado 0.12.71
18/12/2007 11:02:46 p.m. server cerrado.
18/12/2007 11:03:08 p.m. server iniciado 0.12.71
18/12/2007 11:03:57 p.m. server cerrado.
18/12/2007 11:04:25 p.m. server iniciado 0.12.71
18/12/2007 11:04:44 p.m. server cerrado.
18/12/2007 11:05:46 p.m. server iniciado 0.12.71
18/12/2007 11:06:15 p.m. server cerrado.
18/12/2007 11:06:40 p.m. server iniciado 0.12.71
18/12/2007 11:07:53 p.m. server cerrado.
18/12/2007 11:08:20 p.m. server iniciado 0.12.71
18/12/2007 11:08:40 p.m. server cerrado.
18/12/2007 11:09:17 p.m. server iniciado 0.12.71
18/12/2007 11:09:27 p.m. server cerrado.
18/12/2007 11:09:52 p.m. server iniciado 0.12.71
18/12/2007 11:09:59 p.m. server cerrado.
18/12/2007 11:10:25 p.m. server iniciado 0.12.71
18/12/2007 11:10:29 p.m. server cerrado.
18/12/2007 11:11:26 p.m. server iniciado 0.12.71
18/12/2007 11:15:24 p.m. server cerrado.
18/12/2007 11:15:55 p.m. server iniciado 0.12.71
18/12/2007 11:19:14 p.m. server cerrado.
18/12/2007 11:22:38 p.m. server iniciado 0.12.71
18/12/2007 11:23:44 p.m. server cerrado.
18/12/2007 11:27:02 p.m. server iniciado 0.12.71
18/12/2007 11:28:37 p.m. server cerrado.
18/12/2007 11:30:43 p.m. server iniciado 0.12.71
18/12/2007 11:33:06 p.m. server cerrado.
18/12/2007 11:34:15 p.m. server iniciado 0.12.71
18/12/2007 11:37:09 p.m. server cerrado.
18/12/2007 11:39:25 p.m. server iniciado 0.12.71
18/12/2007 11:41:19 p.m. server cerrado.
18/12/2007 11:42:15 p.m. server iniciado 0.12.71
18/12/2007 11:48:43 p.m. server cerrado.
18/12/2007 11:57:18 p.m. server iniciado 0.12.71
18/12/2007 11:59:10 p.m. server cerrado.
19/12/2007 12:03:53 a.m. server iniciado 0.12.71
19/12/2007 12:04:24 a.m. server cerrado.
19/12/2007 12:09:11 a.m. server iniciado 0.12.72
19/12/2007 12:20:01 a.m. server cerrado.
19/12/2007 01:34:52 a.m. server iniciado 0.12.73
19/12/2007 01:42:17 a.m. server cerrado.
19/12/2007 06:56:51 p.m. server iniciado 0.12.75
19/12/2007 06:57:54 p.m. server cerrado.
19/12/2007 06:58:46 p.m. server iniciado 0.12.75
19/12/2007 06:59:26 p.m. server cerrado.
22/12/2007 04:50:28 p.m. server iniciado 0.12.75
22/12/2007 04:51:12 p.m. server cerrado.
22/12/2007 04:53:15 p.m. server iniciado 0.12.76
22/12/2007 05:00:56 p.m. server cerrado.
23/12/2007 12:31:49 p.m. server iniciado 0.12.76
23/12/2007 12:44:14 p.m. server iniciado 0.12.76
23/12/2007 12:48:10 p.m. server cerrado.
23/12/2007 12:49:58 p.m. server iniciado 0.12.76
23/12/2007 12:52:30 p.m. server cerrado.
23/12/2007 12:54:22 p.m. server iniciado 0.12.76
23/12/2007 12:55:56 p.m. server cerrado.
23/12/2007 12:59:15 p.m. server iniciado 0.12.76
23/12/2007 11:26:00 p.m. server iniciado 0.12.76
23/12/2007 11:30:49 p.m. server cerrado.
23/12/2007 11:32:51 p.m. server iniciado 0.12.76
23/12/2007 11:33:44 p.m. server cerrado.
23/12/2007 11:34:48 p.m. server iniciado 0.12.76
23/12/2007 11:36:29 p.m. server cerrado.
23/12/2007 11:38:49 p.m. server iniciado 0.12.76
23/12/2007 11:39:29 p.m. server cerrado.
23/12/2007 11:39:49 p.m. server iniciado 0.12.76
23/12/2007 11:41:34 p.m. server cerrado.
23/12/2007 11:53:44 p.m. server iniciado 0.12.76
23/12/2007 11:55:51 p.m. server cerrado.
25/12/2007 03:58:21 p.m. server iniciado 0.12.78
25/12/2007 04:04:36 p.m. server iniciado 0.12.78
25/12/2007 04:07:32 p.m. server iniciado 0.12.78
25/12/2007 04:13:52 p.m. server cerrado.
25/12/2007 04:14:45 p.m. server iniciado 0.12.78
25/12/2007 04:16:03 p.m. server cerrado.
25/12/2007 04:16:43 p.m. server iniciado 0.12.78
25/12/2007 04:17:36 p.m. server cerrado.
25/12/2007 04:18:13 p.m. server iniciado 0.12.78
25/12/2007 04:19:03 p.m. server cerrado.
25/12/2007 04:19:39 p.m. server iniciado 0.12.78
25/12/2007 04:21:08 p.m. server cerrado.
25/12/2007 04:22:20 p.m. server iniciado 0.12.78
25/12/2007 04:23:26 p.m. server cerrado.
26/12/2007 12:22:10 a.m. server iniciado 0.12.78
26/12/2007 12:29:04 a.m. server iniciado 0.12.78
26/12/2007 12:31:19 a.m. server cerrado.
26/12/2007 12:31:39 a.m. server iniciado 0.12.78
26/12/2007 12:37:40 a.m. server cerrado.
26/12/2007 12:38:21 a.m. server iniciado 0.12.78
26/12/2007 12:38:40 a.m. server cerrado.
26/12/2007 12:39:29 a.m. server iniciado 0.12.78
26/12/2007 12:40:50 a.m. server cerrado.
26/12/2007 12:45:52 a.m. server iniciado 0.12.78
26/12/2007 12:51:24 a.m. server cerrado.
26/12/2007 12:52:20 a.m. server iniciado 0.12.78
26/12/2007 12:54:46 a.m. server cerrado.
26/12/2007 12:55:54 a.m. server iniciado 0.12.78
26/12/2007 12:57:02 a.m. server cerrado.
26/12/2007 12:58:43 a.m. server iniciado 0.12.78
26/12/2007 01:09:10 a.m. server cerrado.
26/12/2007 01:09:33 a.m. server iniciado 0.12.78
26/12/2007 01:20:35 a.m. server cerrado.
26/12/2007 01:23:59 a.m. server iniciado 0.12.78
26/12/2007 01:27:13 a.m. server cerrado.
26/12/2007 01:48:23 p.m. server iniciado 0.12.79
26/12/2007 01:50:23 p.m. server cerrado.
26/12/2007 02:16:00 p.m. server iniciado 0.12.81
26/12/2007 02:17:19 p.m. server cerrado.
26/12/2007 03:06:05 p.m. server iniciado 0.12.82
26/12/2007 03:15:01 p.m. server cerrado.
26/12/2007 03:15:42 p.m. server iniciado 0.12.82
26/12/2007 03:25:24 p.m. server cerrado.
26/12/2007 03:38:23 p.m. server iniciado 0.12.82
26/12/2007 03:45:59 p.m. server cerrado.
26/12/2007 03:46:35 p.m. server iniciado 0.12.82
26/12/2007 03:53:21 p.m. server cerrado.
26/12/2007 03:54:48 p.m. server iniciado 0.12.82
26/12/2007 03:55:40 p.m. server cerrado.
26/12/2007 04:12:29 p.m. server iniciado 0.12.82
26/12/2007 05:13:35 p.m. server cerrado.
26/12/2007 05:19:19 p.m. server iniciado 0.12.82
26/12/2007 05:20:57 p.m. server cerrado.
26/12/2007 05:24:12 p.m. server iniciado 0.12.82
26/12/2007 05:31:51 p.m. server cerrado.
26/12/2007 05:35:53 p.m. server iniciado 0.12.82
26/12/2007 05:39:31 p.m. server cerrado.
26/12/2007 05:44:26 p.m. server iniciado 0.12.82
26/12/2007 05:46:26 p.m. server cerrado.
26/12/2007 05:47:39 p.m. server iniciado 0.12.83
26/12/2007 05:48:56 p.m. server cerrado.
26/12/2007 05:56:07 p.m. server iniciado 0.12.83
26/12/2007 05:56:37 p.m. server cerrado.
26/12/2007 06:01:54 p.m. server iniciado 0.12.83
26/12/2007 06:07:41 p.m. server cerrado.
26/12/2007 06:09:16 p.m. server iniciado 0.12.83
26/12/2007 06:09:38 p.m. server cerrado.
26/12/2007 06:09:59 p.m. server iniciado 0.12.83
26/12/2007 06:12:01 p.m. server cerrado.
26/12/2007 06:12:50 p.m. server iniciado 0.12.83
26/12/2007 06:14:26 p.m. server cerrado.
26/12/2007 06:16:50 p.m. server iniciado 0.12.83
26/12/2007 06:17:24 p.m. server cerrado.
26/12/2007 06:17:55 p.m. server iniciado 0.12.83
26/12/2007 06:19:36 p.m. server cerrado.
26/12/2007 06:20:44 p.m. server iniciado 0.12.83
26/12/2007 06:21:19 p.m. server cerrado.
26/12/2007 06:27:35 p.m. server iniciado 0.12.82
26/12/2007 06:31:05 p.m. server cerrado.
26/12/2007 06:31:34 p.m. server iniciado 0.12.82
26/12/2007 06:50:01 p.m. server cerrado.
26/12/2007 09:24:49 p.m. server iniciado 0.12.82
26/12/2007 09:31:47 p.m. server cerrado.
26/12/2007 09:32:08 p.m. server iniciado 0.12.82
26/12/2007 09:32:17 p.m. server cerrado.
26/12/2007 09:32:36 p.m. server iniciado 0.12.82
26/12/2007 09:34:02 p.m. server cerrado.
26/12/2007 09:35:42 p.m. server iniciado 0.12.82
26/12/2007 09:51:05 p.m. server cerrado.
26/12/2007 10:41:30 p.m. server iniciado 0.12.82
26/12/2007 10:48:35 p.m. server cerrado.
01/01/2008 09:05:59 p.m. server iniciado 0.12.82
01/01/2008 09:12:55 p.m. server cerrado.
01/01/2008 11:26:26 p.m. server iniciado 0.12.82
01/01/2008 11:30:47 p.m. server cerrado.
03/01/2008 08:29:10 p.m. server iniciado 0.12.83
03/01/2008 08:35:42 p.m. server cerrado.
03/01/2008 08:37:13 p.m. server iniciado 0.12.84
03/01/2008 08:38:48 p.m. server cerrado.
03/01/2008 08:42:17 p.m. server iniciado 0.12.85
03/01/2008 08:43:07 p.m. server cerrado.
03/01/2008 08:45:22 p.m. server iniciado 0.12.85
03/01/2008 08:46:36 p.m. server cerrado.
03/01/2008 08:47:24 p.m. server iniciado 0.12.86
03/01/2008 08:51:45 p.m. server cerrado.
03/01/2008 08:52:12 p.m. server iniciado 0.12.86
03/01/2008 08:53:00 p.m. server cerrado.
03/01/2008 08:55:28 p.m. server iniciado 0.12.86
03/01/2008 08:55:57 p.m. server cerrado.
03/01/2008 08:57:00 p.m. server iniciado 0.12.86
03/01/2008 08:57:40 p.m. server cerrado.
03/01/2008 09:19:37 p.m. server iniciado 0.12.86
03/01/2008 09:19:55 p.m. server cerrado.
03/01/2008 09:20:51 p.m. server iniciado 0.12.86
03/01/2008 09:21:37 p.m. server cerrado.
03/01/2008 09:30:55 p.m. server iniciado 0.12.86
03/01/2008 09:43:16 p.m. server cerrado.
03/01/2008 09:51:06 p.m. server iniciado 0.12.86
03/01/2008 10:07:39 p.m. server iniciado 0.12.84
03/01/2008 10:08:37 p.m. server iniciado 0.12.84
03/01/2008 10:09:38 p.m. server cerrado.
03/01/2008 10:11:36 p.m. server iniciado 0.12.84
03/01/2008 10:14:16 p.m. server iniciado 0.12.84
03/01/2008 10:16:26 p.m. server iniciado 0.12.84
03/01/2008 10:18:31 p.m. server cerrado.
03/01/2008 10:20:53 p.m. server iniciado 0.12.84
03/01/2008 10:22:29 p.m. server cerrado.
03/01/2008 10:23:22 p.m. server iniciado 0.12.84
03/01/2008 10:24:12 p.m. server cerrado.
03/01/2008 10:26:27 p.m. server iniciado 0.12.84
03/01/2008 10:26:56 p.m. server cerrado.
03/01/2008 10:29:56 p.m. server iniciado 0.12.84
03/01/2008 10:35:12 p.m. server cerrado.
03/01/2008 10:36:38 p.m. server iniciado 0.12.84
03/01/2008 10:37:38 p.m. server cerrado.
03/01/2008 10:40:15 p.m. server iniciado 0.12.84
03/01/2008 10:41:12 p.m. server cerrado.
03/01/2008 10:43:32 p.m. server iniciado 0.12.84
03/01/2008 10:45:09 p.m. server cerrado.
03/01/2008 11:31:24 p.m. server iniciado 0.12.86
04/01/2008 12:01:18 a.m. server cerrado.
04/01/2008 12:05:25 p.m. server iniciado 0.12.86
04/01/2008 01:41:14 p.m. server cerrado.
04/01/2008 04:32:16 p.m. server iniciado 0.12.86
04/01/2008 04:33:33 p.m. server cerrado.
04/01/2008 04:36:30 p.m. server iniciado 0.12.86
04/01/2008 04:43:42 p.m. server cerrado.
04/01/2008 04:44:28 p.m. server iniciado 0.12.86
04/01/2008 04:45:07 p.m. server cerrado.
04/01/2008 04:46:22 p.m. server iniciado 0.12.86
04/01/2008 04:47:06 p.m. server cerrado.
04/01/2008 04:48:29 p.m. server iniciado 0.12.86
04/01/2008 04:50:11 p.m. server cerrado.
04/01/2008 10:47:01 p.m. server iniciado 0.12.86
05/01/2008 01:41:52 a.m. server cerrado.
05/01/2008 10:57:30 a.m. server iniciado 0.12.87
05/01/2008 11:22:28 a.m. server cerrado.
05/01/2008 01:14:13 p.m. server iniciado 0.12.88
05/01/2008 01:47:10 p.m. server cerrado.
06/01/2008 11:12:50 p.m. server iniciado 0.12.88
06/01/2008 11:13:32 p.m. server cerrado.
06/01/2008 11:16:32 p.m. server iniciado 0.12.89
07/01/2008 12:44:59 a.m. server cerrado.
07/01/2008 02:46:37 p.m. server iniciado 0.12.89
07/01/2008 03:11:19 p.m. server cerrado.
08/01/2008 04:10:36 p.m. server iniciado 0.12.91
08/01/2008 04:12:06 p.m. server cerrado.
08/01/2008 04:26:25 p.m. server iniciado 0.12.91
08/01/2008 05:05:36 p.m. server cerrado.
09/01/2008 12:47:42 p.m. server iniciado 0.12.91
09/01/2008 01:45:44 p.m. server iniciado 0.12.91
09/01/2008 01:45:59 p.m. server cerrado.
09/01/2008 01:46:01 p.m. server cerrado.
09/01/2008 01:46:20 p.m. server iniciado 0.12.91
09/01/2008 01:53:47 p.m. server cerrado.
09/01/2008 10:04:25 p.m. server iniciado 0.12.91
09/01/2008 10:17:42 p.m. server cerrado.
09/01/2008 10:18:13 p.m. server iniciado 0.12.91
09/01/2008 10:23:35 p.m. server cerrado.
10/01/2008 03:41:06 p.m. server iniciado 0.12.91
10/01/2008 03:45:34 p.m. server cerrado.
10/01/2008 03:46:14 p.m. server iniciado 0.12.91
10/01/2008 03:46:44 p.m. server cerrado.
10/01/2008 04:16:46 p.m. server iniciado 0.12.91
10/01/2008 04:19:34 p.m. server cerrado.
10/01/2008 04:21:37 p.m. server iniciado 0.12.91
10/01/2008 04:22:22 p.m. server cerrado.
10/01/2008 08:34:27 p.m. server iniciado 0.12.91
10/01/2008 08:46:59 p.m. server cerrado.
10/01/2008 09:14:40 p.m. server iniciado 0.12.91
10/01/2008 09:29:55 p.m. server cerrado.
16/01/2008 04:15:41 p.m. server iniciado 0.12.91
16/01/2008 04:31:21 p.m. server cerrado.
17/01/2008 08:58:48 a.m. server iniciado 0.12.91
17/01/2008 09:32:22 a.m. server cerrado.
17/01/2008 09:45:08 a.m. server iniciado 0.12.92
17/01/2008 09:45:12 a.m. server cerrado.
17/01/2008 09:47:44 a.m. server iniciado 0.12.94
17/01/2008 09:49:05 a.m. server cerrado.
17/01/2008 09:50:14 a.m. server iniciado 0.12.95
17/01/2008 09:51:22 a.m. server cerrado.
17/01/2008 09:52:35 a.m. server iniciado 0.12.95
17/01/2008 09:53:44 a.m. server cerrado.
17/01/2008 09:54:10 a.m. server iniciado 0.12.95
17/01/2008 10:01:58 a.m. server cerrado.
21/01/2008 01:00:48 a.m. server iniciado 0.12.95
21/01/2008 01:35:18 a.m. server cerrado.
21/01/2008 12:05:31 p.m. server iniciado 0.12.95
21/01/2008 12:37:13 p.m. server cerrado.
21/01/2008 03:44:38 p.m. server iniciado 0.12.95
21/01/2007 04:56:50 p.m. server iniciado 0.12.95
21/01/2007 05:22:52 p.m. server cerrado.
21/01/2008 05:24:51 p.m. server cerrado.
21/01/2008 08:35:42 p.m. server iniciado 0.12.95
21/01/2008 11:17:44 p.m. server cerrado.
22/01/2007 01:23:10 p.m. server iniciado 0.12.95
22/01/2008 05:14:35 p.m. server cerrado.
23/01/2008 04:59:52 p.m. server iniciado 0.12.95
23/01/2008 06:14:33 p.m. server cerrado.
23/01/2008 08:44:27 p.m. server iniciado 0.12.95
23/01/2008 08:58:45 p.m. server iniciado 0.12.95
23/01/2008 09:03:35 p.m. server cerrado.
23/01/2008 09:04:50 p.m. server iniciado 0.12.95
23/01/2008 09:13:12 p.m. server cerrado.
23/01/2008 09:13:45 p.m. server iniciado 0.12.95
23/01/2008 09:21:22 p.m. server cerrado.
23/01/2008 10:19:21 p.m. server cerrado.
24/01/2008 03:06:18 p.m. server iniciado 0.12.95
24/01/2008 03:15:47 p.m. server cerrado.
24/01/2008 04:18:13 p.m. server iniciado 0.12.95
24/01/2008 04:40:56 p.m. server cerrado.
24/01/2008 04:48:57 p.m. server iniciado 0.12.95
24/01/2008 04:56:07 p.m. server cerrado.
24/01/2008 04:56:35 p.m. server iniciado 0.12.95
24/01/2008 05:22:18 p.m. server cerrado.
24/01/2008 05:25:35 p.m. server iniciado 0.12.96
24/01/2008 05:27:39 p.m. server cerrado.
24/01/2008 05:28:51 p.m. server iniciado 0.12.97
24/01/2008 05:31:33 p.m. server cerrado.
24/01/2008 05:38:55 p.m. server iniciado 0.12.97
24/01/2008 05:50:38 p.m. server cerrado.
24/01/2008 08:11:04 p.m. server iniciado 0.12.97
24/01/2008 11:30:05 p.m. server cerrado.
25/01/2008 12:55:23 a.m. server iniciado 0.12.97
25/01/2008 01:14:58 a.m. server cerrado.
25/01/2008 09:06:38 a.m. server iniciado 0.12.97
25/01/2008 09:33:21 a.m. server cerrado.
25/01/2008 09:34:44 a.m. server iniciado 0.12.98
25/01/2008 09:44:13 a.m. server cerrado.
25/01/2008 09:45:06 a.m. server iniciado 0.12.99
25/01/2008 09:46:09 a.m. server cerrado.
25/01/2008 09:54:41 a.m. server iniciado 0.12.100
25/01/2008 09:55:20 a.m. server cerrado.
25/01/2008 09:56:20 a.m. server iniciado 0.12.100
25/01/2008 09:58:29 a.m. server cerrado.
25/01/2008 12:02:00 p.m. server iniciado 0.12.101
25/01/2008 12:03:08 p.m. server cerrado.
25/01/2008 12:04:09 p.m. server iniciado 0.12.101
25/01/2008 12:07:22 p.m. server iniciado 0.12.101
25/01/2008 12:08:41 p.m. server cerrado.
25/01/2008 12:09:10 p.m. server iniciado 0.12.101
25/01/2008 12:09:49 p.m. server cerrado.
25/01/2008 12:10:24 p.m. server iniciado 0.12.101
25/01/2008 12:11:50 p.m. server cerrado.
25/01/2008 12:12:27 p.m. server iniciado 0.12.101
25/01/2008 12:13:31 p.m. server cerrado.
25/01/2008 12:14:07 p.m. server iniciado 0.12.101
25/01/2008 12:14:39 p.m. server cerrado.
25/01/2008 12:16:21 p.m. server iniciado 0.12.101
25/01/2008 12:17:49 p.m. server cerrado.
25/01/2008 12:19:06 p.m. server iniciado 0.12.101
25/01/2008 12:19:56 p.m. server cerrado.
25/01/2008 12:26:12 p.m. server iniciado 0.12.101
25/01/2008 12:27:03 p.m. server cerrado.
25/01/2008 12:29:08 p.m. server iniciado 0.12.101
25/01/2008 12:42:27 p.m. server cerrado.
25/01/2008 12:43:33 p.m. server iniciado 0.12.101
25/01/2008 12:44:34 p.m. server cerrado.
25/01/2008 12:50:17 p.m. server iniciado 0.12.101
25/01/2008 12:55:39 p.m. server cerrado.
25/01/2008 01:39:35 p.m. server iniciado 0.12.100
25/01/2008 01:40:26 p.m. server cerrado.
25/01/2008 01:41:17 p.m. server iniciado 0.12.101
25/01/2008 02:03:02 p.m. server cerrado.
25/01/2008 03:50:35 p.m. server iniciado 0.12.101
25/01/2008 04:10:05 p.m. server cerrado.
25/01/2008 11:22:56 p.m. server iniciado 0.12.101
25/01/2008 11:47:04 p.m. server cerrado.
26/01/2008 01:58:34 p.m. server iniciado 0.12.101
26/01/2008 03:25:00 p.m. server cerrado.
26/01/2008 03:25:31 p.m. server iniciado 0.12.101
26/01/2008 05:47:18 p.m. server cerrado.
27/01/2008 10:51:50 a.m. server iniciado 0.12.101
27/01/2008 10:23:55 p.m. server iniciado 0.12.101
27/01/2008 11:57:32 p.m. server cerrado.
28/01/2008 09:52:29 p.m. server iniciado 0.12.101
28/01/2008 11:33:01 p.m. server cerrado.
28/01/2008 11:34:31 p.m. server iniciado 0.12.101
29/01/2008 12:22:00 a.m. server cerrado.
29/01/2008 10:05:58 a.m. server iniciado 0.12.101
29/01/2008 11:50:46 a.m. server iniciado 0.12.103
29/01/2008 12:03:36 p.m. server cerrado.
29/01/2008 12:04:46 p.m. server iniciado 0.12.104
29/01/2008 12:08:15 p.m. server cerrado.
29/01/2008 12:09:26 p.m. server iniciado 0.12.105
29/01/2008 02:03:49 p.m. server cerrado.
29/01/2008 09:20:46 p.m. server iniciado 0.12.105
29/01/2008 10:36:39 p.m. server cerrado.
29/01/2008 10:38:40 p.m. server iniciado 0.12.106
29/01/2008 11:22:18 p.m. server cerrado.
29/01/2008 11:22:53 p.m. server iniciado 0.12.106
29/01/2008 11:38:46 p.m. server cerrado.
30/01/2008 01:45:54 p.m. server iniciado 0.12.106
30/01/2008 03:58:46 p.m. server cerrado.
30/01/2008 07:53:19 p.m. server iniciado 0.12.106
30/01/2008 11:51:11 p.m. server cerrado.
31/01/2008 12:14:54 p.m. server iniciado 0.12.106
31/01/2008 02:20:40 p.m. server iniciado 0.12.106
31/01/2008 02:22:08 p.m. server cerrado.
31/01/2008 02:22:35 p.m. server iniciado 0.12.106
31/01/2008 02:45:55 p.m. server cerrado.
31/01/2008 02:47:03 p.m. server iniciado 0.12.106
31/01/2008 02:50:16 p.m. server cerrado.
31/01/2008 02:51:12 p.m. server iniciado 0.12.106
31/01/2008 03:04:39 p.m. server cerrado.
31/01/2008 03:06:22 p.m. server iniciado 0.12.106
31/01/2008 03:24:34 p.m. server cerrado.
31/01/2008 03:25:45 p.m. server iniciado 0.12.106
31/01/2008 03:32:10 p.m. server cerrado.
31/01/2008 03:33:17 p.m. server iniciado 0.12.106
31/01/2008 03:36:13 p.m. server cerrado.
31/01/2008 03:36:59 p.m. server iniciado 0.12.106
31/01/2008 03:38:49 p.m. server cerrado.
31/01/2008 03:39:37 p.m. server iniciado 0.12.106
31/01/2008 03:43:00 p.m. server cerrado.
31/01/2008 03:44:24 p.m. server iniciado 0.12.106
31/01/2008 03:57:58 p.m. server cerrado.
31/01/2008 03:59:04 p.m. server cerrado.
02/02/2008 11:12:42 a.m. server iniciado 0.12.106
02/02/2008 12:05:21 p.m. server cerrado.
03/02/2008 05:22:27 p.m. server iniciado 0.12.106
03/02/2007 05:56:00 p.m. server cerrado.
03/02/2007 07:18:37 p.m. server iniciado 0.12.108
03/02/2007 07:22:51 p.m. server cerrado.
03/02/2007 08:00:37 p.m. server iniciado 0.12.111
03/02/2007 08:49:25 p.m. server cerrado.
05/02/2008 10:59:12 p.m. server iniciado 0.12.111
05/02/2008 11:44:24 p.m. server cerrado.
06/02/2008 11:14:55 p.m. server iniciado 0.12.112
06/02/2008 11:18:20 p.m. server cerrado.
06/02/2008 11:19:15 p.m. server iniciado 0.12.113
06/02/2008 11:30:16 p.m. server cerrado.
06/02/2008 11:35:20 p.m. server iniciado 0.12.114
06/02/2008 11:40:41 p.m. server cerrado.
06/02/2008 11:42:03 p.m. server iniciado 0.12.115
06/02/2008 11:43:24 p.m. server cerrado.
06/02/2008 11:49:18 p.m. server iniciado 0.12.116
06/02/2008 11:50:06 p.m. server cerrado.
06/02/2008 11:54:40 p.m. server iniciado 0.12.116
06/02/2008 11:58:01 p.m. server cerrado.
07/02/2008 12:01:07 a.m. server iniciado 0.12.116
07/02/2008 12:02:14 a.m. server cerrado.
07/02/2008 12:03:23 a.m. server iniciado 0.12.116
07/02/2008 12:04:10 a.m. server cerrado.
07/02/2008 12:11:26 a.m. server iniciado 0.12.116
07/02/2008 12:14:33 a.m. server cerrado.
07/02/2008 12:15:16 a.m. server iniciado 0.12.116
07/02/2008 12:16:11 a.m. server cerrado.
07/02/2008 12:17:02 a.m. server iniciado 0.12.116
07/02/2008 12:18:29 a.m. server cerrado.
07/02/2008 12:19:25 a.m. server iniciado 0.12.116
07/02/2008 12:24:02 a.m. server cerrado.
07/02/2008 12:24:57 a.m. server iniciado 0.12.116
07/02/2008 12:26:42 a.m. server cerrado.
07/02/2008 11:33:41 a.m. server iniciado 0.12.116
07/02/2008 11:34:55 a.m. server cerrado.
07/02/2008 11:35:40 a.m. server iniciado 0.12.116
07/02/2008 11:36:19 a.m. server cerrado.
07/02/2008 11:37:02 a.m. server iniciado 0.12.116
07/02/2008 11:38:20 a.m. server cerrado.
07/02/2008 11:47:45 a.m. server iniciado 0.12.118
07/02/2008 11:49:09 a.m. server cerrado.
07/02/2008 11:58:01 a.m. server iniciado 0.12.117
07/02/2008 12:09:20 p.m. server cerrado.
07/02/2008 12:10:33 p.m. server iniciado 0.12.117
07/02/2008 12:12:36 p.m. server cerrado.
07/02/2008 06:31:39 p.m. server iniciado 0.12.119
07/02/2008 09:10:47 p.m. server cerrado.
09/02/2008 11:32:28 a.m. server iniciado 0.12.119
09/02/2008 11:35:04 a.m. server cerrado.
09/02/2008 11:37:24 a.m. server iniciado 0.12.119
09/02/2008 11:39:20 a.m. server cerrado.
11/02/2008 10:45:37 a.m. server iniciado 0.12.127
11/02/2008 10:45:40 a.m. server cerrado.
12/02/2008 06:30:18 p.m. server iniciado 0.12.128
12/02/2008 06:30:21 p.m. server cerrado.
13/02/2008 10:42:25 a.m. server iniciado 0.12.129
13/02/2008 10:42:46 a.m. server cerrado.
13/02/2008 10:43:07 a.m. server iniciado 0.12.129
13/02/2008 10:44:35 a.m. server cerrado.
13/02/2008 10:45:42 a.m. server iniciado 0.12.130
13/02/2008 10:49:29 a.m. server cerrado.
13/02/2008 10:50:14 a.m. server iniciado 0.12.131
13/02/2008 10:52:41 a.m. server cerrado.
13/02/2008 10:53:26 a.m. server iniciado 0.12.132
13/02/2008 10:54:23 a.m. server cerrado.
13/02/2008 01:50:18 p.m. server iniciado 0.12.133
13/02/2008 01:50:56 p.m. server cerrado.
13/02/2008 02:50:22 p.m. server iniciado 0.12.133
13/02/2008 02:52:19 p.m. server cerrado.
13/02/2008 11:53:32 p.m. server iniciado 0.12.134
13/02/2008 11:54:26 p.m. server cerrado.
13/02/2008 11:56:10 p.m. server iniciado 0.12.134
14/02/2008 12:46:56 a.m. server cerrado.
15/02/2008 08:33:45 a.m. server iniciado 0.12.135
15/02/2008 08:54:35 a.m. server cerrado.
16/02/2008 10:15:44 a.m. server iniciado 0.12.136
16/02/2008 10:48:19 a.m. server cerrado.
16/02/2008 02:50:26 p.m. server iniciado 0.12.136
16/02/2008 04:32:07 p.m. server cerrado.
18/02/2008 03:33:04 p.m. server iniciado 0.12.136
18/02/2008 06:12:26 p.m. server cerrado.
21/02/2008 08:14:43 p.m. server iniciado 0.12.137
21/02/2008 11:22:39 p.m. server cerrado.
24/02/2008 11:06:16 a.m. server iniciado 0.12.137
24/02/2008 11:16:07 a.m. server iniciado 0.12.137
24/02/2008 11:27:25 a.m. server cerrado.
25/02/2008 10:59:36 a.m. server iniciado 0.12.137
25/02/2008 12:05:38 p.m. server iniciado 0.12.137
25/02/2008 12:07:33 p.m. server cerrado.
25/02/2008 12:07:35 p.m. server cerrado.
25/02/2008 12:08:16 p.m. server iniciado 0.12.137
25/02/2008 12:20:26 p.m. server cerrado.
26/02/2008 11:12:44 a.m. server iniciado 0.12.140
26/02/2008 11:16:07 a.m. server cerrado.
26/02/2008 11:18:57 a.m. server iniciado 0.12.141
26/02/2008 11:20:38 a.m. server cerrado.
26/02/2008 11:29:15 a.m. server iniciado 0.12.141
26/02/2008 11:37:22 a.m. server cerrado.
26/02/2008 11:37:50 a.m. server iniciado 0.12.141
26/02/2008 12:52:34 p.m. server cerrado.
26/02/2008 04:46:40 p.m. server iniciado 0.12.141
26/02/2008 04:58:16 p.m. server cerrado.
26/02/2008 09:33:26 p.m. server iniciado 0.12.141
26/02/2008 10:02:47 p.m. server cerrado.
26/02/2008 10:04:06 p.m. server iniciado 0.12.141
27/02/2008 12:29:24 a.m. server cerrado.
27/02/2008 10:10:21 a.m. server iniciado 0.12.142
27/02/2008 10:13:43 a.m. server cerrado.
27/02/2008 10:15:25 a.m. server iniciado 0.12.143
27/02/2008 10:46:08 a.m. server cerrado.
27/02/2008 10:47:46 a.m. server iniciado 0.12.142
27/02/2008 10:51:04 a.m. server cerrado.
27/02/2008 10:51:27 a.m. server iniciado 0.12.142
27/02/2008 10:52:41 a.m. server cerrado.
27/02/2008 11:07:33 a.m. server iniciado 0.12.142
27/02/2008 11:11:34 a.m. server iniciado 0.12.142
27/02/2008 11:15:36 a.m. server cerrado.
27/02/2008 11:15:40 a.m. server cerrado.
27/02/2008 11:16:29 a.m. server iniciado 0.12.143
27/02/2008 11:16:59 a.m. server cerrado.
27/02/2008 11:18:59 a.m. server iniciado 0.12.144
27/02/2008 11:21:45 a.m. server cerrado.
27/02/2008 11:34:27 a.m. server iniciado 0.12.143
27/02/2008 11:35:25 a.m. server cerrado.
27/02/2008 11:36:34 a.m. server iniciado 0.12.144
27/02/2008 11:37:15 a.m. server cerrado.
27/02/2008 11:39:22 a.m. server iniciado 0.12.145
27/02/2008 11:41:20 a.m. server cerrado.
27/02/2008 12:17:07 p.m. server iniciado 0.12.143
27/02/2008 12:17:45 p.m. server cerrado.
27/02/2008 12:20:01 p.m. server iniciado 0.12.144
27/02/2008 12:25:36 p.m. server cerrado.
27/02/2008 12:26:37 p.m. server iniciado 0.12.145
27/02/2008 12:27:17 p.m. server cerrado.
27/02/2008 12:28:47 p.m. server iniciado 0.12.146
27/02/2008 12:29:07 p.m. server cerrado.
27/02/2008 12:30:50 p.m. server iniciado 0.12.147
27/02/2008 12:31:12 p.m. server cerrado.
27/02/2008 12:57:26 p.m. server iniciado 0.12.147
27/02/2008 12:58:32 p.m. server cerrado.
27/02/2008 11:16:52 p.m. server iniciado 0.12.146
27/02/2008 11:18:49 p.m. server cerrado.
27/02/2008 11:21:30 p.m. server iniciado 0.12.147
28/02/2008 02:30:21 a.m. server cerrado.
28/02/2007 12:02:51 p.m. server iniciado 0.12.149
28/02/2007 12:19:07 p.m. server cerrado.
28/02/2007 12:19:46 p.m. server iniciado 0.12.149
28/02/2007 12:25:38 p.m. server cerrado.
28/02/2007 12:26:29 p.m. server iniciado 0.12.150
28/02/2007 12:39:50 p.m. server cerrado.
28/02/2007 12:40:40 p.m. server iniciado 0.12.151
28/02/2007 12:41:26 p.m. server cerrado.
28/02/2007 12:43:55 p.m. server iniciado 0.12.152
28/02/2007 01:22:55 p.m. server cerrado.
28/02/2007 01:24:06 p.m. server iniciado 0.12.153
28/02/2007 01:30:32 p.m. server cerrado.
28/02/2007 01:31:45 p.m. server iniciado 0.12.154
28/02/2007 01:34:26 p.m. server cerrado.
28/02/2007 01:35:48 p.m. server iniciado 0.12.155
28/02/2007 01:43:45 p.m. server cerrado.
28/02/2007 01:51:18 p.m. server iniciado 0.12.156
28/02/2007 01:54:50 p.m. server cerrado.
28/02/2007 02:05:58 p.m. server iniciado 0.12.158
28/02/2007 02:16:21 p.m. server cerrado.
28/02/2007 02:32:35 p.m. server iniciado 0.12.160
28/02/2007 02:34:35 p.m. server cerrado.
28/02/2007 02:36:30 p.m. server iniciado 0.12.161
28/02/2007 02:38:16 p.m. server cerrado.
28/02/2007 02:46:32 p.m. server iniciado 0.12.162
28/02/2007 02:47:36 p.m. server cerrado.
28/02/2007 02:48:46 p.m. server iniciado 0.12.162
28/02/2007 02:50:36 p.m. server cerrado.
28/02/2007 02:52:52 p.m. server iniciado 0.12.164
28/02/2007 02:56:06 p.m. server cerrado.
28/02/2007 02:57:09 p.m. server iniciado 0.12.165
28/02/2007 03:00:49 p.m. server cerrado.
02/03/2008 01:09:11 p.m. server iniciado 0.12.166
02/03/2008 03:01:02 p.m. server cerrado.
06/03/2008 02:02:51 p.m. server iniciado 0.12.168
06/03/2008 02:32:14 p.m. server iniciado 0.12.168
06/03/2008 03:30:43 p.m. server cerrado.
06/03/2008 03:31:14 p.m. server iniciado 0.12.168
06/03/2008 03:59:53 p.m. server cerrado.
06/03/2008 04:14:30 p.m. server iniciado 0.12.168
06/03/2008 04:15:09 p.m. server cerrado.
07/03/2008 10:11:20 a.m. server iniciado 0.12.169
07/03/2008 10:58:04 a.m. server cerrado.
07/03/2008 10:59:44 a.m. server iniciado 0.12.169
07/03/2008 11:04:18 a.m. server cerrado.
07/03/2008 11:43:32 a.m. server iniciado 0.12.169
07/03/2008 01:05:05 p.m. server cerrado.
07/03/2008 01:06:17 p.m. server iniciado 0.12.169
07/03/2008 01:37:08 p.m. server cerrado.
07/03/2008 06:17:02 p.m. server iniciado 0.12.169
07/03/2008 06:23:18 p.m. server cerrado.
12/03/2008 08:07:03 p.m. server iniciado 0.12.176
12/03/2008 08:38:28 p.m. server cerrado.
20/03/2008 09:09:35 a.m. server iniciado 0.12.182
20/03/2008 09:32:03 a.m. server cerrado.
20/03/2008 09:40:42 a.m. server iniciado 0.12.183
20/03/2008 09:50:59 a.m. server cerrado.
20/03/2008 12:50:51 p.m. server iniciado 0.12.187
20/03/2008 12:53:52 p.m. server cerrado.
20/03/2008 06:57:36 p.m. server iniciado 0.12.188
20/03/2008 07:02:54 p.m. server cerrado.
20/03/2008 07:54:10 p.m. server iniciado 0.12.190
20/03/2008 07:59:06 p.m. server cerrado.
20/03/2008 08:59:38 p.m. server iniciado 0.12.192
20/03/2008 09:02:53 p.m. server cerrado.
21/03/2008 12:49:18 p.m. server iniciado 0.12.194
21/03/2008 12:58:00 p.m. server cerrado.
21/03/2008 12:59:45 p.m. server iniciado 0.12.195
21/03/2008 12:59:58 p.m. server cerrado.
21/03/2008 01:00:56 p.m. server iniciado 0.12.196
21/03/2008 01:02:56 p.m. server cerrado.
21/03/2008 02:19:37 p.m. server iniciado 0.12.197
21/03/2008 03:11:20 p.m. server cerrado.
21/03/2008 03:11:57 p.m. server iniciado 0.12.197
21/03/2008 03:19:46 p.m. server cerrado.
21/03/2008 03:20:51 p.m. server iniciado 0.12.198
21/03/2008 04:10:46 p.m. server cerrado.
21/03/2008 04:15:36 p.m. server iniciado 0.12.199
21/03/2008 04:21:46 p.m. server cerrado.
21/03/2008 04:25:12 p.m. server iniciado 0.12.199
21/03/2008 04:25:15 p.m. server cerrado.
21/03/2008 04:27:17 p.m. server iniciado 0.12.200
21/03/2008 04:28:51 p.m. server cerrado.
21/03/2008 04:30:02 p.m. server iniciado 0.12.201
21/03/2008 04:30:54 p.m. server cerrado.
21/03/2008 04:31:59 p.m. server iniciado 0.12.201
21/03/2008 04:33:08 p.m. server cerrado.
21/03/2008 04:35:16 p.m. server iniciado 0.12.203
21/03/2008 04:51:38 p.m. server cerrado.
21/03/2008 04:53:14 p.m. server iniciado 0.12.204
21/03/2008 04:56:28 p.m. server cerrado.
21/03/2008 04:57:58 p.m. server iniciado 0.12.205
21/03/2008 05:18:26 p.m. server cerrado.
21/03/2008 05:30:55 p.m. server iniciado 0.12.206
21/03/2008 05:48:20 p.m. server cerrado.
22/03/2008 11:31:00 a.m. server iniciado 0.12.209
22/03/2008 11:36:58 a.m. server cerrado.
22/03/2008 11:39:12 a.m. server iniciado 0.12.210
22/03/2008 11:43:43 a.m. server cerrado.
22/03/2008 08:22:36 p.m. server iniciado 0.12.210
22/03/2008 08:23:37 p.m. server cerrado.
22/03/2008 09:03:30 p.m. server iniciado 0.12.210
22/03/2008 09:05:04 p.m. server cerrado.
22/03/2008 09:07:08 p.m. server iniciado 0.12.211
22/03/2008 09:09:40 p.m. server cerrado.
22/03/2008 10:00:07 p.m. server iniciado 0.12.211
22/03/2008 10:22:37 p.m. server cerrado.
22/03/2008 10:25:12 p.m. server iniciado 0.12.211
22/03/2008 10:32:24 p.m. server cerrado.
22/03/2008 10:32:56 p.m. server iniciado 0.12.10
22/03/2008 10:33:26 p.m. server cerrado.
22/03/2008 10:33:49 p.m. server iniciado 0.12.211
22/03/2008 10:35:43 p.m. server cerrado.
22/03/2008 10:37:56 p.m. server iniciado 0.12.211
22/03/2008 10:40:01 p.m. server cerrado.
22/03/2008 10:44:31 p.m. server iniciado 0.12.211
22/03/2008 10:46:17 p.m. server cerrado.
22/03/2008 10:47:00 p.m. server iniciado 0.12.211
22/03/2008 10:49:32 p.m. server cerrado.
22/03/2008 10:51:34 p.m. server iniciado 0.12.211
22/03/2008 10:55:06 p.m. server cerrado.
22/03/2008 10:56:29 p.m. server iniciado 0.12.211
22/03/2008 11:55:44 p.m. server cerrado.
23/03/2008 10:10:42 a.m. server iniciado 0.12.10
23/03/2008 10:14:57 a.m. server cerrado.
23/03/2008 10:15:21 a.m. server iniciado 0.12.10
23/03/2008 10:21:16 a.m. server cerrado.
23/03/2008 10:21:45 a.m. server iniciado 0.12.10
23/03/2008 10:25:53 a.m. server iniciado 0.12.10
23/03/2008 10:28:50 a.m. server cerrado.
23/03/2008 10:38:40 a.m. server cerrado.
23/03/2008 11:04:20 a.m. server iniciado 0.12.211
23/03/2008 11:09:24 a.m. server cerrado.
23/03/2008 11:10:30 a.m. server iniciado 0.12.212
23/03/2008 11:14:21 a.m. server cerrado.
23/03/2008 04:27:05 p.m. server iniciado 0.12.211
23/03/2008 04:37:44 p.m. server cerrado.
24/03/2008 02:58:38 p.m. server iniciado 0.12.215
24/03/2008 03:25:14 p.m. server cerrado.
24/03/2008 03:36:37 p.m. server iniciado 0.12.216
24/03/2008 03:44:27 p.m. server cerrado.
24/03/2008 03:46:05 p.m. server iniciado 0.12.217
24/03/2008 03:48:28 p.m. server cerrado.
24/03/2008 03:49:56 p.m. server iniciado 0.12.217
24/03/2008 03:55:29 p.m. server cerrado.
24/03/2008 04:36:04 p.m. server iniciado 0.12.218
24/03/2008 05:00:45 p.m. server cerrado.
24/03/2008 07:38:11 p.m. server iniciado 0.12.220
24/03/2008 07:49:46 p.m. server cerrado.
24/03/2008 08:07:44 p.m. server iniciado 0.12.221
24/03/2008 08:21:20 p.m. server cerrado.
25/03/2008 06:44:48 p.m. server iniciado 0.12.222
25/03/2008 07:06:22 p.m. server cerrado.
26/03/2008 07:30:11 p.m. server iniciado 0.12.222
26/03/2008 08:11:25 p.m. server iniciado 0.12.222
26/03/2008 10:53:53 p.m. server cerrado.
28/02/2007 10:41:48 p.m. server iniciado 0.12.223
28/02/2007 11:01:56 p.m. server cerrado.
29/03/2008 04:14:59 p.m. server iniciado 0.12.223
29/03/2008 04:28:44 p.m. server cerrado.
28/03/2008 06:47:14 p.m. server iniciado 0.12.223
28/03/2008 06:53:55 p.m. server cerrado.
28/03/2008 07:04:43 p.m. server iniciado 0.12.224
28/03/2008 07:12:09 p.m. server cerrado.
28/03/2008 07:24:09 p.m. server iniciado 0.12.225
28/03/2008 07:26:15 p.m. server cerrado.
28/03/2008 07:51:48 p.m. server iniciado 0.12.226
28/03/2008 10:18:07 p.m. server cerrado.
29/03/2008 07:30:20 p.m. server iniciado 0.12.226
28/02/2007 07:43:20 p.m. server cerrado.
28/02/2007 07:43:48 p.m. server iniciado 0.12.226
28/02/2007 07:47:36 p.m. server cerrado.
28/02/2007 07:59:28 p.m. server iniciado 0.12.226
28/02/2007 08:56:16 p.m. server iniciado 0.12.226
28/02/2007 08:56:41 p.m. server cerrado.
28/02/2007 08:57:04 p.m. server iniciado 0.12.226
28/02/2007 09:01:34 p.m. server cerrado.
28/02/2007 09:03:01 p.m. server iniciado 0.12.226
28/03/2008 09:36:40 p.m. server cerrado.
29/03/2008 06:00:30 p.m. server iniciado 0.12.226
29/03/2008 06:34:07 p.m. server cerrado.
31/03/2008 09:35:20 a.m. server iniciado 0.12.226
31/03/2008 09:52:54 a.m. server cerrado.
31/03/2008 09:54:06 a.m. server iniciado 0.12.226
31/03/2008 10:02:15 a.m. server iniciado 0.12.226
31/03/2008 10:02:40 a.m. server cerrado.
31/03/2008 10:03:15 a.m. server iniciado 0.12.226
31/03/2008 10:06:04 a.m. server cerrado.
31/03/2008 10:07:17 a.m. server iniciado 0.12.226
31/03/2008 10:21:00 a.m. server cerrado.
31/03/2008 10:21:31 a.m. server iniciado 0.12.226
31/03/2008 10:29:05 a.m. server cerrado.
31/03/2008 09:07:39 p.m. server iniciado 0.12.226
31/03/2008 09:34:05 p.m. server cerrado.
31/03/2008 09:36:09 p.m. server iniciado 0.12.227
31/03/2008 09:37:16 p.m. server cerrado.
31/03/2008 09:59:49 p.m. server iniciado 0.12.227
31/03/2008 10:07:07 p.m. server cerrado.
31/03/2008 10:50:33 p.m. server iniciado 0.12.227
31/03/2008 11:08:00 p.m. server cerrado.
31/03/2008 11:09:03 p.m. server iniciado 0.12.227
31/03/2008 11:10:13 p.m. server cerrado.
01/04/2008 06:13:19 p.m. server iniciado 0.12.231
01/04/2008 06:19:58 p.m. server cerrado.
01/04/2008 06:20:42 p.m. server iniciado 0.12.231
01/04/2008 06:23:24 p.m. server cerrado.
01/04/2008 06:25:18 p.m. server iniciado 0.12.231
01/04/2008 06:27:44 p.m. server cerrado.
01/04/2008 06:39:37 p.m. server iniciado 0.12.231
01/04/2008 06:41:53 p.m. server cerrado.
01/04/2008 06:42:42 p.m. server iniciado 0.12.231
01/04/2008 06:47:17 p.m. server cerrado.
01/04/2008 07:12:32 p.m. server iniciado 0.12.231
01/04/2008 07:12:35 p.m. server cerrado.
04/04/2008 09:29:45 p.m. server iniciado 0.12.233
04/04/2008 09:41:23 p.m. server cerrado.
04/04/2008 09:42:09 p.m. server iniciado 0.12.234
04/04/2008 09:42:50 p.m. server cerrado.
04/04/2008 10:07:48 p.m. server iniciado 0.12.235
04/04/2008 10:25:32 p.m. server cerrado.
04/04/2008 11:52:11 p.m. server iniciado 0.12.235
04/04/2008 11:52:21 p.m. server cerrado.
05/04/2008 03:21:55 p.m. server iniciado 0.12.237
05/04/2008 03:50:46 p.m. server cerrado.
06/04/2008 06:13:43 p.m. server iniciado 0.12.238
06/04/2008 06:19:20 p.m. server cerrado.
06/04/2008 06:20:28 p.m. server iniciado 0.12.238
06/04/2008 07:40:45 p.m. server cerrado.
07/04/2008 06:14:54 p.m. server iniciado 0.12.238
07/04/2008 07:04:26 p.m. server cerrado.
07/04/2008 07:07:01 p.m. server iniciado 0.12.239
07/04/2008 07:36:15 p.m. server cerrado.
08/04/2008 08:25:48 p.m. server iniciado 0.12.245
08/04/2008 08:31:04 p.m. server cerrado.
11/04/2008 10:51:28 p.m. server iniciado 0.12.248
11/04/2008 10:53:43 p.m. server cerrado.
12/04/2008 01:27:19 a.m. server iniciado 0.12.248
12/04/2008 01:27:40 a.m. server cerrado.
12/04/2008 07:32:08 p.m. server iniciado 0.12.249
12/04/2008 07:37:58 p.m. server cerrado.
13/04/2008 07:41:26 p.m. server iniciado 0.12.251
13/04/2008 07:57:26 p.m. server cerrado.
15/04/2008 06:31:19 p.m. server iniciado 0.12.251
15/04/2008 06:59:24 p.m. server cerrado.
19/04/2008 04:35:57 p.m. server iniciado 0.12.253
19/04/2008 05:35:48 p.m. server cerrado.
19/04/2008 11:22:59 p.m. server iniciado 0.12.254
20/04/2008 12:07:00 a.m. server cerrado.
26/04/2008 09:32:45 a.m. server iniciado 0.12.258
26/04/2008 10:11:14 a.m. server cerrado.
26/04/2008 10:21:32 a.m. server iniciado 0.12.258
26/04/2008 10:48:08 a.m. server cerrado.
26/04/2008 09:26:41 p.m. server iniciado 0.12.263
27/04/2008 12:35:56 a.m. server iniciado 0.12.263
27/04/2008 12:45:43 a.m. server cerrado.
27/04/2008 11:24:06 a.m. server iniciado 0.12.263
27/04/2008 11:51:55 a.m. server cerrado.
27/04/2008 06:49:35 p.m. server iniciado 0.12.264
27/04/2008 11:15:48 p.m. server cerrado.
28/04/2008 06:48:41 p.m. server iniciado 0.12.264
28/04/2008 07:50:26 p.m. server cerrado.
28/04/2008 07:50:48 p.m. server iniciado 0.12.264
28/04/2008 07:51:56 p.m. server cerrado.
30/04/2008 11:44:27 a.m. server iniciado 0.12.264
30/04/2008 11:45:52 a.m. server cerrado.
30/04/2008 12:58:56 p.m. server iniciado 0.12.264
30/04/2008 01:45:20 p.m. server cerrado.
30/04/2008 01:45:56 p.m. server iniciado 0.12.264
30/04/2008 02:21:54 p.m. server cerrado.
03/05/2008 10:38:11 p.m. server iniciado 0.12.264
03/05/2008 11:23:42 p.m. server cerrado.
03/05/2008 11:24:28 p.m. server iniciado 0.12.264
03/05/2008 11:26:35 p.m. server cerrado.
04/05/2008 06:55:24 p.m. server iniciado 0.12.265
04/05/2008 09:04:09 p.m. server cerrado.
11/05/2008 12:09:20 a.m. server iniciado 0.12.269
11/05/2008 12:53:09 a.m. server cerrado.
11/05/2008 12:53:43 a.m. server iniciado 0.12.269
11/05/2008 01:16:28 a.m. server cerrado.
11/05/2008 08:59:09 a.m. server iniciado 0.12.269
11/05/2008 09:46:41 a.m. server cerrado.
11/05/2008 09:47:14 a.m. server iniciado 0.12.269
11/05/2008 10:02:56 a.m. server cerrado.
11/05/2008 07:51:57 p.m. server iniciado 0.12.269
11/05/2008 08:29:23 p.m. server cerrado.
12/05/2008 08:43:48 p.m. server iniciado 0.12.269
12/05/2008 09:18:11 p.m. server cerrado.
12/05/2008 10:49:48 p.m. server iniciado 0.12.269
12/05/2008 11:20:18 p.m. server cerrado.
13/05/2008 06:15:02 p.m. server iniciado 0.12.269
13/05/2008 06:45:18 p.m. server cerrado.
14/05/2008 12:13:48 a.m. server iniciado 0.12.269
14/05/2008 12:39:12 a.m. server cerrado.
14/05/2008 04:31:14 p.m. server iniciado 0.12.269
14/05/2008 05:12:56 p.m. server cerrado.
15/05/2008 05:47:26 p.m. server iniciado 0.12.270
15/05/2008 06:10:59 p.m. server cerrado.
17/05/2008 12:11:33 a.m. server iniciado 0.12.270
17/05/2008 12:37:06 a.m. server cerrado.
18/05/2008 12:08:55 a.m. server iniciado 0.12.272
18/05/2008 01:07:47 a.m. server cerrado.
21/05/2008 11:22:40 p.m. server iniciado 0.12.272
21/05/2008 11:28:28 p.m. server cerrado.
21/05/2008 11:29:27 p.m. server iniciado 0.12.272
21/05/2008 11:33:42 p.m. server cerrado.
21/05/2008 11:34:15 p.m. server iniciado 0.12.272
21/05/2008 11:56:42 p.m. server cerrado.
21/05/2008 11:58:55 p.m. server iniciado 0.12.272
22/05/2008 12:08:14 a.m. server cerrado.
22/05/2008 09:22:11 a.m. server iniciado 0.12.272
22/05/2008 10:18:51 a.m. server cerrado.
22/05/2008 10:21:43 a.m. server iniciado 0.12.272
22/05/2008 10:28:29 a.m. server cerrado.
22/05/2008 10:29:54 a.m. server iniciado 0.12.273
22/05/2008 10:48:46 a.m. server cerrado.
22/05/2008 10:49:41 a.m. server iniciado 0.12.274
22/05/2008 10:51:40 a.m. server cerrado.
22/05/2008 10:52:02 a.m. server iniciado 0.12.274
22/05/2008 10:52:34 a.m. server cerrado.
22/05/2008 10:56:56 a.m. server iniciado 0.12.275
22/05/2008 10:59:19 a.m. server cerrado.
22/05/2008 07:11:23 p.m. server iniciado 0.12.276
22/05/2008 07:13:16 p.m. server cerrado.
22/05/2008 07:16:25 p.m. server iniciado 0.12.277
22/05/2008 07:20:29 p.m. server cerrado.
22/05/2008 07:20:59 p.m. server iniciado 0.12.277
22/05/2008 07:23:04 p.m. server cerrado.
22/05/2008 10:29:46 p.m. server iniciado 0.12.278
22/05/2008 10:34:39 p.m. server cerrado.
22/05/2008 10:35:33 p.m. server iniciado 0.12.279
22/05/2008 10:36:30 p.m. server cerrado.
22/05/2008 10:37:38 p.m. server iniciado 0.12.279
22/05/2008 10:38:50 p.m. server cerrado.
22/05/2008 10:42:14 p.m. server iniciado 0.12.279
22/05/2008 10:42:16 p.m. server cerrado.
22/05/2008 10:43:32 p.m. server iniciado 0.12.279
22/05/2008 10:43:35 p.m. server cerrado.
22/05/2008 10:44:34 p.m. server iniciado 0.12.279
22/05/2008 10:46:51 p.m. server cerrado.
22/05/2008 10:47:22 p.m. server iniciado 0.12.279
22/05/2008 10:48:11 p.m. server cerrado.
22/05/2008 10:49:05 p.m. server iniciado 0.12.279
22/05/2008 10:49:57 p.m. server cerrado.
23/05/2008 02:34:15 p.m. server iniciado 0.12.281
23/05/2008 06:19:29 p.m. server cerrado.
23/05/2008 08:28:54 p.m. server iniciado 0.12.281
23/05/2008 09:48:59 p.m. server cerrado.
23/05/2008 09:54:32 p.m. server iniciado 0.12.281
23/05/2008 10:23:50 p.m. server cerrado.
23/05/2008 11:44:09 p.m. server iniciado 0.12.281
24/05/2008 12:44:31 a.m. server cerrado.
24/05/2008 08:53:32 a.m. server iniciado 0.12.281
24/05/2008 11:59:00 a.m. server cerrado.
24/05/2008 07:02:19 p.m. server iniciado 0.12.281
24/05/2008 07:59:39 p.m. server cerrado.
24/05/2008 09:52:08 p.m. server iniciado 0.12.281
25/05/2008 01:01:06 a.m. server cerrado.
25/05/2008 02:02:55 p.m. server iniciado 0.12.281
25/05/2008 04:31:00 p.m. server cerrado.
25/05/2008 04:41:24 p.m. server iniciado 0.12.281
25/05/2008 04:49:07 p.m. server cerrado.
25/05/2008 07:44:07 p.m. server iniciado 0.12.281
25/05/2008 07:48:02 p.m. server cerrado.
25/05/2008 07:48:29 p.m. server iniciado 0.12.281
25/05/2008 08:02:03 p.m. server cerrado.
28/05/2008 07:13:59 p.m. server iniciado 0.12.282
28/05/2008 10:57:26 p.m. server iniciado 0.12.282
28/05/2008 11:10:44 p.m. server cerrado.
31/05/2008 04:06:30 p.m. server iniciado 0.12.279
31/05/2008 04:29:29 p.m. server cerrado.
01/06/2008 01:08:47 a.m. server iniciado 0.12.279
01/06/2008 01:14:41 a.m. server cerrado.
01/06/2008 01:15:08 a.m. server iniciado 0.12.279
01/06/2008 01:16:08 a.m. server cerrado.
01/06/2008 01:17:09 a.m. server iniciado 0.12.280
01/06/2008 01:19:30 a.m. server iniciado 0.12.280
01/06/2008 01:19:35 a.m. server cerrado.
01/06/2008 01:19:57 a.m. server iniciado 0.12.280
01/06/2008 01:36:12 a.m. server cerrado.
01/06/2008 10:39:39 a.m. server iniciado 0.12.280
01/06/2008 10:42:48 a.m. server cerrado.
01/06/2008 10:45:10 a.m. server iniciado 0.12.280
01/06/2008 12:59:59 p.m. server cerrado.
02/06/2008 06:21:40 p.m. server iniciado 0.12.280
02/06/2008 07:55:47 p.m. server cerrado.
07/06/2008 02:38:36 p.m. server iniciado 0.12.280
07/06/2008 02:40:01 p.m. server cerrado.
07/06/2008 03:23:14 p.m. server iniciado 0.12.280
07/06/2008 03:48:03 p.m. server cerrado.
07/06/2008 03:48:50 p.m. server iniciado 0.12.280
07/06/2008 03:51:57 p.m. server cerrado.
07/06/2008 04:11:08 p.m. server iniciado 0.12.280
07/06/2008 04:43:39 p.m. server cerrado.
07/06/2008 08:53:27 p.m. server iniciado 0.12.280
07/06/2008 09:25:34 p.m. server cerrado.
09/06/2008 06:17:54 p.m. server iniciado 0.12.280
09/06/2008 06:19:20 p.m. server cerrado.
11/06/2008 08:18:09 p.m. server iniciado 0.12.280
11/06/2008 09:11:05 p.m. server cerrado.
12/06/2008 10:44:47 p.m. server iniciado 0.12.280
12/06/2008 10:56:15 p.m. server cerrado.
13/06/2008 11:52:03 p.m. server iniciado 0.12.280
14/06/2008 01:05:23 a.m. server cerrado.
14/06/2008 08:43:44 a.m. server iniciado 0.12.280
14/06/2008 09:24:08 a.m. server cerrado.
14/06/2008 09:25:33 a.m. server iniciado 0.12.281
14/06/2008 09:27:42 a.m. server cerrado.
14/06/2008 09:28:37 a.m. server iniciado 0.12.282
14/06/2008 09:29:10 a.m. server cerrado.
14/06/2008 09:31:49 a.m. server iniciado 0.12.283
14/06/2008 09:32:44 a.m. server cerrado.
14/06/2008 09:33:36 a.m. server iniciado 0.12.284
14/06/2008 09:54:50 a.m. server cerrado.
14/06/2008 10:16:01 a.m. server iniciado 0.12.286
14/06/2008 10:21:22 a.m. server cerrado.
14/06/2008 10:39:56 a.m. server iniciado 0.12.287
14/06/2008 11:25:24 a.m. server iniciado 0.12.287
14/06/2008 11:25:36 a.m. server cerrado.
14/06/2008 11:31:15 a.m. server iniciado 0.12.289
14/06/2008 11:35:45 a.m. server cerrado.
14/06/2008 12:24:46 p.m. server iniciado 0.12.289
14/06/2008 12:25:50 p.m. server cerrado.
14/06/2008 12:29:16 p.m. server iniciado 0.12.289
14/06/2008 12:50:51 p.m. server cerrado.
14/06/2008 01:37:20 p.m. server iniciado 0.12.289
14/06/2008 02:11:18 p.m. server cerrado.
16/06/2008 08:43:29 p.m. server iniciado 0.12.290
16/06/2008 10:55:53 p.m. server cerrado.
17/06/2008 06:12:19 p.m. server iniciado 0.12.290
17/06/2008 06:44:56 p.m. server cerrado.
17/06/2008 06:45:30 p.m. server iniciado 0.12.290
17/06/2008 06:58:10 p.m. server cerrado.
18/06/2008 07:57:06 p.m. server iniciado 0.12.290
18/06/2008 08:07:43 p.m. server cerrado.
18/06/2008 08:09:23 p.m. server iniciado 0.12.292
18/06/2008 08:25:09 p.m. server cerrado.
21/06/2008 03:23:17 p.m. server iniciado 0.12.295
21/06/2008 03:26:46 p.m. server cerrado.
21/06/2008 03:28:53 p.m. server iniciado 0.12.296
21/06/2008 03:31:07 p.m. server cerrado.
21/06/2008 03:32:06 p.m. server iniciado 0.12.297
21/06/2008 03:32:40 p.m. server cerrado.
21/06/2008 03:35:40 p.m. server iniciado 0.12.298
21/06/2008 03:40:00 p.m. server cerrado.
21/06/2008 03:40:45 p.m. server iniciado 0.12.299
21/06/2008 03:50:58 p.m. server cerrado.
21/06/2008 03:51:52 p.m. server iniciado 0.12.300
21/06/2008 03:53:55 p.m. server cerrado.
21/06/2008 03:58:44 p.m. server iniciado 0.12.300
21/06/2008 04:20:16 p.m. server cerrado.
27/06/2008 10:10:08 p.m. server iniciado 0.12.311
27/06/2008 10:21:34 p.m. server iniciado 0.12.311
27/06/2008 10:22:47 p.m. server cerrado.
27/06/2008 10:23:12 p.m. server iniciado 0.12.312
27/06/2008 10:25:08 p.m. server iniciado 0.12.312
27/06/2008 10:26:35 p.m. server cerrado.
27/06/2008 10:26:59 p.m. server iniciado 0.12.312
27/06/2008 10:28:30 p.m. server cerrado.
27/06/2008 10:42:43 p.m. server iniciado 0.12.314
27/06/2008 11:14:36 p.m. server cerrado.
29/06/2008 04:32:00 p.m. server iniciado 0.12.319
29/06/2008 04:42:24 p.m. server cerrado.
28/02/2007 05:56:14 p.m. server iniciado 0.12.319
28/02/2007 05:56:18 p.m. server cerrado.
28/02/2007 05:56:53 p.m. server iniciado 0.12.320
28/02/2007 06:16:09 p.m. server cerrado.
28/02/2007 06:20:18 p.m. server iniciado 0.12.321
28/02/2007 06:29:35 p.m. server cerrado.
28/02/2007 06:35:41 p.m. server iniciado 0.12.323
28/02/2007 06:39:25 p.m. server cerrado.
28/02/2007 06:50:58 p.m. server iniciado 0.12.323
28/02/2007 06:54:24 p.m. server cerrado.
28/02/2007 07:17:12 p.m. server iniciado 0.12.322
28/02/2007 07:21:00 p.m. server cerrado.
07/07/2008 10:55:33 a.m. server iniciado 0.12.322
07/07/2008 11:20:37 a.m. server cerrado.
07/07/2008 11:28:54 p.m. server iniciado 0.12.325
07/07/2008 11:43:33 p.m. server cerrado.
08/07/2008 11:30:55 a.m. server iniciado 0.12.326
08/07/2008 11:38:33 a.m. server cerrado.
08/07/2008 11:47:48 a.m. server iniciado 0.12.327
08/07/2008 11:50:18 a.m. server cerrado.
08/07/2008 11:28:08 p.m. server iniciado 0.12.327
08/07/2008 11:32:05 p.m. server cerrado.
08/07/2008 11:33:03 p.m. server iniciado 0.12.327
08/07/2008 11:36:42 p.m. server cerrado.
08/07/2008 11:40:40 p.m. server iniciado 0.12.328
08/07/2008 11:45:28 p.m. server cerrado.
08/07/2008 11:47:18 p.m. server iniciado 0.12.329
08/07/2008 11:48:19 p.m. server cerrado.
08/07/2008 11:50:08 p.m. server iniciado 0.12.330
08/07/2008 11:50:36 p.m. server cerrado.
08/07/2008 11:52:58 p.m. server iniciado 0.12.331
08/07/2008 11:56:56 p.m. server cerrado.
14/07/2008 01:24:06 a.m. server iniciado 0.12.332
14/07/2008 01:33:00 a.m. server cerrado.
14/07/2008 04:03:52 p.m. server iniciado 0.12.332
14/07/2008 04:09:34 p.m. server cerrado.
14/07/2008 04:10:26 p.m. server iniciado 0.12.332
14/07/2008 04:15:14 p.m. server cerrado.
14/07/2008 11:52:50 p.m. server iniciado 0.12.332
14/07/2008 11:52:54 p.m. server cerrado.
15/07/2008 12:05:58 a.m. server iniciado 0.12.332
15/07/2008 12:11:35 a.m. server iniciado 0.12.332
15/07/2008 12:20:23 a.m. server cerrado.
15/07/2008 12:21:13 a.m. server iniciado 0.12.332
15/07/2008 12:35:29 a.m. server cerrado.
15/07/2008 08:26:50 p.m. server iniciado 0.12.332
15/07/2008 08:29:58 p.m. server cerrado.
15/07/2008 08:34:21 p.m. server iniciado 0.12.332
15/07/2008 08:35:33 p.m. server cerrado.
16/07/2008 01:01:05 a.m. server iniciado 0.12.332
16/07/2008 01:06:09 a.m. server cerrado.
16/07/2008 01:13:49 a.m. server iniciado 0.12.332
16/07/2008 01:18:06 a.m. server cerrado.
16/02/2007 10:33:18 p.m. server iniciado 0.12.332
16/02/2007 10:38:34 p.m. server cerrado.
16/02/2007 10:39:02 p.m. server iniciado 0.12.333
16/02/2007 10:39:07 p.m. server cerrado.
23/07/2008 03:23:16 p.m. server iniciado 0.12.333
23/07/2008 03:31:40 p.m. server cerrado.
23/07/2008 03:46:26 p.m. server iniciado 0.12.333
23/07/2008 03:57:10 p.m. server cerrado.
15/02/2007 05:07:54 p.m. server iniciado 0.12.333
23/07/2008 05:58:36 p.m. server cerrado.
25/07/2008 09:04:05 p.m. server iniciado 0.12.333
25/07/2008 10:15:04 p.m. server cerrado.
26/07/2008 03:26:40 p.m. server iniciado 0.12.335
26/07/2008 03:31:57 p.m. server cerrado.
26/07/2008 03:33:13 p.m. server iniciado 0.12.335
26/07/2008 03:41:56 p.m. server cerrado.
26/07/2008 03:42:18 p.m. server iniciado 0.12.336
26/07/2008 03:52:39 p.m. server iniciado 0.12.335
26/07/2008 03:54:58 p.m. server iniciado 0.12.335
26/07/2008 03:56:05 p.m. server cerrado.
26/07/2008 03:56:30 p.m. server iniciado 0.12.335
26/07/2008 03:57:26 p.m. server cerrado.
26/07/2008 03:58:01 p.m. server iniciado 0.12.335
26/07/2008 03:59:02 p.m. server cerrado.
26/07/2008 03:59:49 p.m. server iniciado 0.12.335
26/07/2008 04:04:33 p.m. server cerrado.
26/07/2008 04:13:58 p.m. server iniciado 0.12.335
26/07/2008 04:15:52 p.m. server cerrado.
26/07/2008 04:16:39 p.m. server iniciado 0.12.335
26/07/2008 04:18:58 p.m. server cerrado.
26/07/2008 04:19:25 p.m. server iniciado 0.12.335
26/07/2008 04:29:22 p.m. server cerrado.
26/07/2008 04:32:13 p.m. server iniciado 0.12.335
26/07/2008 04:41:32 p.m. server cerrado.
26/07/2008 04:48:17 p.m. server iniciado 0.12.335
26/07/2008 04:52:32 p.m. server cerrado.
26/07/2008 07:38:02 p.m. server iniciado 0.12.335
26/07/2008 07:48:49 p.m. server cerrado.
26/07/2008 07:49:35 p.m. server iniciado 0.12.335
26/07/2008 08:28:46 p.m. server cerrado.
26/07/2008 08:29:10 p.m. server iniciado 0.12.335
26/07/2008 09:39:35 p.m. server cerrado.
27/07/2008 12:34:43 a.m. server iniciado 0.12.335
27/07/2008 01:42:12 a.m. server cerrado.
27/07/2008 01:52:54 a.m. server iniciado 0.12.335
27/07/2008 02:14:30 a.m. server cerrado.
27/07/2008 03:43:30 p.m. server iniciado 0.12.335
27/07/2008 03:45:38 p.m. server cerrado.
27/07/2008 05:05:27 p.m. server iniciado 0.12.335
27/07/2008 06:45:30 p.m. server iniciado 0.12.335
27/07/2008 07:41:12 p.m. server cerrado.
28/07/2008 08:01:56 p.m. server iniciado 0.12.337
28/07/2008 08:10:25 p.m. server cerrado.
28/07/2008 08:24:10 p.m. server iniciado 0.12.337
28/07/2008 08:25:16 p.m. server cerrado.
28/07/2008 08:26:05 p.m. server iniciado 0.12.337
28/07/2008 08:27:15 p.m. server cerrado.
28/07/2008 08:31:05 p.m. server iniciado 0.12.337
28/07/2008 08:34:56 p.m. server cerrado.
28/07/2008 08:51:30 p.m. server iniciado 0.12.338
28/07/2008 09:01:18 p.m. server cerrado.
28/07/2008 09:02:33 p.m. server iniciado 0.12.339
28/07/2008 09:03:02 p.m. server cerrado.
28/07/2008 09:03:25 p.m. server iniciado 0.12.339
28/07/2008 09:04:39 p.m. server cerrado.
28/07/2008 09:06:35 p.m. server iniciado 0.12.339
28/07/2008 09:13:44 p.m. server cerrado.
28/07/2008 09:39:57 p.m. server iniciado 0.12.339
28/07/2008 09:40:37 p.m. server cerrado.
01/08/2008 11:39:24 p.m. server iniciado 0.12.341
01/08/2008 11:45:20 p.m. server cerrado.
02/08/2008 08:41:34 p.m. server iniciado 0.12.342
02/08/2008 08:56:18 p.m. server cerrado.
10/02/2007 07:01:47 p.m. server iniciado 0.12.344
10/02/2007 07:02:11 p.m. server cerrado.
10/02/2007 07:03:05 p.m. server iniciado 0.12.344
10/02/2007 07:03:24 p.m. server cerrado.
10/08/2008 09:56:56 p.m. server iniciado 0.12.300
10/08/2008 10:01:45 p.m. server cerrado.
11/08/2008 08:59:40 p.m. server iniciado 0.12.352
11/08/2008 09:01:52 p.m. server cerrado.
11/08/2008 09:04:47 p.m. server iniciado 0.12.352
11/08/2008 09:05:07 p.m. server cerrado.
11/08/2008 09:05:34 p.m. server iniciado 0.12.352
11/08/2008 09:05:56 p.m. server cerrado.
11/08/2008 09:13:00 p.m. server iniciado 0.12.352
11/08/2008 09:15:37 p.m. server cerrado.
11/08/2008 09:16:10 p.m. server iniciado 0.12.352
11/08/2008 09:16:50 p.m. server cerrado.
12/08/2008 06:34:02 p.m. server iniciado 0.12.356
12/08/2008 06:38:06 p.m. server cerrado.
12/08/2008 09:08:46 p.m. server iniciado 0.12.357
12/08/2008 09:15:14 p.m. server iniciado 0.12.357
12/08/2008 09:19:58 p.m. server cerrado.
12/08/2008 09:20:20 p.m. server iniciado 0.12.357
12/08/2008 09:21:42 p.m. server cerrado.
12/08/2008 09:22:10 p.m. server iniciado 0.12.357
12/08/2008 09:24:01 p.m. server cerrado.
12/08/2008 09:26:43 p.m. server iniciado 0.12.357
12/08/2008 09:27:33 p.m. server cerrado.
16/08/2008 10:53:52 a.m. server iniciado 0.12.360
16/08/2008 10:56:58 a.m. server cerrado.
16/08/2008 10:59:16 a.m. server iniciado 0.12.361
16/08/2008 11:02:10 a.m. server cerrado.
16/08/2008 11:03:05 a.m. server iniciado 0.12.361
16/08/2008 11:03:07 a.m. server cerrado.
16/08/2008 11:03:37 a.m. server iniciado 0.12.361
16/08/2008 11:03:50 a.m. server cerrado.
16/08/2008 11:04:42 a.m. server iniciado 0.12.361
16/08/2008 11:11:33 a.m. server cerrado.
16/08/2008 11:12:22 a.m. server iniciado 0.12.361
16/08/2008 11:46:03 a.m. server cerrado.
16/08/2008 12:43:07 p.m. server iniciado 0.12.361
16/08/2008 12:59:43 p.m. server iniciado 0.12.361
16/08/2008 01:05:10 p.m. server cerrado.
16/08/2008 01:05:33 p.m. server iniciado 0.12.361
16/08/2008 01:06:37 p.m. server cerrado.
16/08/2008 01:08:50 p.m. server iniciado 0.12.361
16/08/2008 01:09:27 p.m. server cerrado.
18/08/2008 02:25:38 p.m. server iniciado 0.12.368
18/08/2008 02:46:26 p.m. server cerrado.
18/08/2008 02:46:55 p.m. server iniciado 0.12.368
18/08/2008 02:48:43 p.m. server cerrado.
18/08/2008 02:49:13 p.m. server iniciado 0.12.368
18/08/2008 02:49:41 p.m. server cerrado.
18/08/2008 02:50:00 p.m. server iniciado 0.12.368
18/08/2008 02:51:30 p.m. server cerrado.
18/08/2008 02:52:01 p.m. server iniciado 0.12.368
18/08/2008 02:54:39 p.m. server cerrado.
18/08/2008 02:55:01 p.m. server iniciado 0.12.368
18/08/2008 02:57:33 p.m. server cerrado.
18/08/2008 03:48:51 p.m. server iniciado 0.12.368
18/08/2008 03:56:24 p.m. server iniciado 0.12.368
18/08/2008 03:56:46 p.m. server cerrado.
18/08/2008 03:58:41 p.m. server iniciado 0.12.368
18/08/2008 03:59:35 p.m. server cerrado.
18/08/2008 04:00:39 p.m. server iniciado 0.12.368
18/08/2008 04:07:44 p.m. server cerrado.
18/08/2008 08:20:19 p.m. server iniciado 0.12.368
18/08/2008 08:22:59 p.m. server cerrado.
20/08/2008 03:40:05 p.m. server iniciado 0.12.368
23/08/2008 08:07:46 p.m. server iniciado 0.12.370
23/08/2008 08:39:29 p.m. server cerrado.
23/08/2008 08:47:47 p.m. server iniciado 0.12.370
23/08/2008 08:48:38 p.m. server cerrado.
24/08/2008 12:53:48 p.m. server iniciado 0.12.370
24/08/2008 01:15:48 p.m. server cerrado.
24/08/2008 01:17:05 p.m. server iniciado 0.12.370
24/08/2008 01:21:09 p.m. server cerrado.
24/08/2008 01:21:38 p.m. server iniciado 0.12.370
24/08/2008 01:23:16 p.m. server cerrado.
24/08/2008 01:26:30 p.m. server iniciado 0.12.370
24/08/2008 01:28:04 p.m. server cerrado.
24/08/2008 07:59:43 p.m. server iniciado 0.12.370
24/08/2008 08:00:59 p.m. server cerrado.
25/08/2008 06:30:41 p.m. server iniciado 0.12.370
25/08/2008 07:04:51 p.m. server iniciado 0.12.370
25/08/2008 08:05:16 p.m. server cerrado.
26/08/2008 11:38:19 p.m. server iniciado 0.12.370
26/08/2008 11:39:14 p.m. server cerrado.
26/08/2008 11:39:47 p.m. server iniciado 0.12.370
27/08/2008 12:00:11 a.m. server cerrado.
27/08/2008 12:04:52 a.m. server iniciado 0.12.370
27/08/2008 12:13:00 a.m. server cerrado.
27/08/2008 12:13:25 a.m. server iniciado 0.12.370
29/11/2008 18:27:54 server iniciado 0.12.369
29/11/2008 19:52:38 server cerrado.
29/11/2008 15:09:55 server iniciado 0.12.369
29/11/2008 15:13:39 server cerrado.
29/11/2008 15:15:30 server iniciado 0.12.369
29/11/2008 17:30:47 server cerrado.
30/11/2008 0:04:26 server iniciado 0.12.369
30/11/2008 0:31:36 server cerrado.
03/12/2008 14:38:06 server iniciado 0.12.369
03/12/2008 15:53:04 server cerrado.
08/12/2008 19:26:21 server iniciado 0.12.369
08/12/2008 19:34:46 server cerrado.
10/12/2008 18:19:10 server iniciado 0.12.369
11/12/2008 22:56:41 server iniciado 0.12.369
12/12/2008 1:53:47 server cerrado.
12/12/2008 22:44:35 server iniciado 0.12.369
13/12/2008 1:33:03 server cerrado.
19/12/2008 16:22:59 server iniciado 0.12.369
19/12/2008 16:36:16 server cerrado.
21/12/2008 14:19:46 server iniciado 0.12.369
21/12/2008 19:04:52 server cerrado.
22/12/2008 14:14:55 server iniciado 0.12.369
22/12/2008 20:52:43 server cerrado.
23/12/2008 13:12:59 server iniciado 0.12.369
23/12/2008 15:14:04 server cerrado.
27/12/2008 12:20:10 server iniciado 0.12.369
27/12/2008 12:28:07 server cerrado.
07/01/2009 16:49:05 server iniciado 0.12.369
07/01/2009 17:14:24 server cerrado.
08/01/2009 13:12:17 server iniciado 0.12.369
08/01/2009 13:28:24 server cerrado.
08/01/2009 13:28:41 server iniciado 0.12.370
08/01/2009 15:25:05 server iniciado 0.12.369
08/01/2009 16:31:44 server cerrado.
08/01/2009 16:32:14 server iniciado 0.12.369
08/01/2009 16:32:24 server cerrado.
08/01/2009 16:34:30 server iniciado 0.12.369
08/01/2009 16:48:59 server cerrado.
08/01/2009 22:57:20 server iniciado 0.12.369
08/01/2009 23:10:21 server cerrado.
08/01/2009 23:13:34 server iniciado 0.12.369
09/01/2009 12:30:33 server iniciado 0.12.369
09/01/2009 13:14:14 server cerrado.
10/01/2009 12:55:55 server iniciado 0.12.369
10/01/2009 12:56:11 server cerrado.
10/01/2009 12:59:27 server iniciado 0.12.369
10/01/2009 13:02:57 server cerrado.
10/01/2009 13:04:02 server iniciado 0.12.369
10/01/2009 13:05:17 server cerrado.
10/01/2009 13:08:47 server iniciado 0.12.369
10/01/2009 13:44:21 server cerrado.
10/01/2009 13:55:56 server iniciado 0.12.369
10/01/2009 18:12:40 server cerrado.
10/01/2009 22:51:26 server iniciado 0.12.369
11/01/2009 0:16:31 server cerrado.
11/01/2009 0:29:59 server iniciado 0.12.369
11/01/2009 0:44:27 server cerrado.
11/01/2009 10:27:12 server iniciado 0.12.369
12/01/2009 0:03:17 server iniciado 0.12.369
12/01/2009 2:07:29 server cerrado.
12/01/2009 11:26:20 server iniciado 0.12.369
12/01/2009 15:32:31 server cerrado.
12/01/2009 19:30:44 server iniciado 0.12.369
12/01/2009 19:33:32 server cerrado.
13/01/2009 2:01:52 server iniciado 0.12.369
13/01/2009 2:14:36 server cerrado.
13/01/2009 2:14:59 server iniciado 0.12.369
13/01/2009 2:24:23 server cerrado.
13/01/2009 14:11:55 server iniciado 0.12.369
13/01/2009 15:18:21 server cerrado.
13/01/2009 15:19:50 server iniciado 0.12.369
13/01/2009 15:23:42 server cerrado.
13/01/2009 20:36:35 server iniciado 0.12.369
13/01/2009 22:09:03 server cerrado.
14/01/2009 0:26:42 server iniciado 0.12.369
14/01/2009 0:30:45 server cerrado.
14/01/2009 0:33:49 server iniciado 0.12.370
14/01/2009 0:39:04 server cerrado.
14/01/2009 0:40:59 server iniciado 0.12.370
14/01/2009 0:41:37 server cerrado.
14/01/2009 0:42:02 server iniciado 0.12.370
14/01/2009 0:44:37 server cerrado.
14/01/2009 0:45:05 server iniciado 0.12.370
14/01/2009 0:50:29 server cerrado.
14/01/2009 0:50:47 server iniciado 0.12.370
14/01/2009 1:31:50 server cerrado.
14/01/2009 2:13:29 server iniciado 0.12.369
14/01/2009 2:18:53 server cerrado.
15/01/2009 13:00:52 server iniciado 0.12.369
15/01/2009 15:29:59 server cerrado.
15/01/2009 18:21:07 server iniciado 0.12.369
15/01/2009 20:13:35 server cerrado.
15/01/2009 20:18:40 server iniciado 0.12.369
15/01/2009 20:22:46 server cerrado.
15/01/2009 20:28:06 server iniciado 0.12.369
15/01/2009 20:28:41 server cerrado.
15/01/2009 20:28:58 server iniciado 0.12.369
15/01/2009 21:27:22 server cerrado.
15/01/2009 21:29:04 server iniciado 0.12.369
15/01/2009 21:56:57 server cerrado.
15/01/2009 23:16:20 server iniciado 0.12.369
16/01/2009 0:12:32 server cerrado.
16/01/2009 1:07:23 server iniciado 0.12.369
16/01/2009 1:50:36 server cerrado.
31/01/2009 20:41:19 server iniciado 0.12.369
31/01/2009 22:00:59 server cerrado.
01/02/2009 17:30:01 server iniciado 0.12.369
01/02/2009 19:34:44 server cerrado.
01/02/2009 22:58:43 server iniciado 0.12.369
01/02/2009 23:53:28 server cerrado.
02/02/2009 0:01:21 server iniciado 0.12.369
02/02/2009 1:55:32 server cerrado.
02/02/2009 9:38:56 server iniciado 0.12.369
02/02/2009 15:09:54 server cerrado.
02/02/2009 16:40:23 server iniciado 0.12.369
02/02/2009 17:28:57 server cerrado.
02/02/2009 18:53:23 server iniciado 0.12.369
02/02/2009 19:28:23 server cerrado.
03/02/2009 0:08:23 server iniciado 0.12.369
03/02/2009 1:20:22 server cerrado.
03/02/2009 10:02:13 server iniciado 0.12.369
03/02/2009 15:34:56 server cerrado.
03/02/2009 16:59:03 server iniciado 0.12.369
03/02/2009 17:33:46 server cerrado.
06/02/2009 23:10:19 server iniciado 0.12.369
06/02/2009 23:58:20 server cerrado.
08/02/2009 17:12:20 server iniciado 0.12.369
08/02/2009 18:25:09 server cerrado.
10/02/2009 10:29:05 server iniciado 0.12.369
10/02/2009 10:49:20 server cerrado.
11/02/2009 22:54:53 server iniciado 0.12.369
11/02/2009 23:55:07 server cerrado.
12/02/2009 9:48:06 server iniciado 0.12.369
12/02/2009 10:59:23 server cerrado.
12/02/2009 14:22:40 server iniciado 0.12.369
13/02/2009 0:02:53 server cerrado.
13/02/2009 16:36:07 server iniciado 0.12.369
13/02/2009 18:43:03 server cerrado.
13/02/2009 21:18:19 server iniciado 0.12.369
14/02/2009 0:35:14 server cerrado.
14/02/2009 11:14:19 server iniciado 0.12.369
14/02/2009 12:46:51 server cerrado.
14/02/2009 12:47:58 server iniciado 0.12.369
14/02/2009 15:06:37 server cerrado.
14/02/2009 17:41:02 server iniciado 0.12.369
14/02/2009 17:41:53 server cerrado.
14/02/2009 21:48:17 server iniciado 0.12.369
14/02/2009 21:54:54 server cerrado.
15/02/2009 9:44:09 server iniciado 0.12.369
15/02/2009 10:44:25 server cerrado.
15/02/2009 10:46:41 server iniciado 0.12.369
15/02/2009 12:22:10 server cerrado.
21/02/2009 14:43:17 server iniciado 0.12.369
21/02/2009 17:03:30 server cerrado.
23/02/2009 19:10:39 server iniciado 0.12.369
23/02/2009 20:10:40 server cerrado.
24/02/2009 18:36:08 server iniciado 0.12.369
24/02/2009 22:50:34 server cerrado.
25/02/2009 12:29:19 server iniciado 0.12.369
26/02/2009 14:26:59 server iniciado 0.12.369
26/02/2009 14:42:12 server cerrado.
27/02/2009 12:04:38 server iniciado 0.12.369
27/02/2009 13:06:42 server cerrado.
02/03/2009 11:21:29 server iniciado 0.12.369
02/03/2009 17:40:39 server cerrado.
03/03/2009 17:11:11 server iniciado 0.12.369
07/03/2009 15:07:42 server iniciado 0.12.369
07/03/2009 17:42:02 server cerrado.
08/03/2009 7:45:01 server iniciado 0.12.369
08/03/2009 9:35:29 server cerrado.
08/03/2009 16:47:39 server iniciado 0.12.369
08/03/2009 17:47:01 server cerrado.
08/03/2009 19:10:06 server iniciado 0.12.369
08/03/2009 21:51:00 server cerrado.
09/03/2009 16:00:46 server iniciado 0.12.369
09/03/2009 19:11:15 server cerrado.
22/03/2009 18:56:52 server iniciado 0.12.369
22/03/2009 19:13:55 server cerrado.
22/03/2009 19:22:33 server iniciado 0.12.369
22/03/2009 19:27:45 server cerrado.
22/03/2009 19:28:19 server iniciado 0.12.369
22/03/2009 20:20:47 server cerrado.
23/03/2009 21:30:57 server iniciado 0.12.369
23/03/2009 23:33:26 server cerrado.
24/03/2009 14:53:11 server iniciado 0.12.369
24/03/2009 15:27:00 server cerrado.
24/03/2009 15:28:21 server iniciado 0.12.369
25/03/2009 18:50:22 server iniciado 0.12.369
25/03/2009 18:51:49 server cerrado.
26/03/2009 19:28:34 server iniciado 0.12.369
26/03/2009 20:27:53 server cerrado.
26/03/2009 20:37:59 server iniciado 0.12.369
26/03/2009 20:42:13 server cerrado.
26/03/2009 20:44:24 server iniciado 0.12.369
26/03/2009 20:46:14 server cerrado.
28/03/2009 9:03:55 server iniciado 0.12.369
28/03/2009 9:38:51 server cerrado.
28/03/2009 15:33:43 server iniciado 0.12.369
28/03/2009 15:36:40 server cerrado.
28/03/2009 16:47:07 server iniciado 0.12.371
28/03/2009 17:12:37 server cerrado.
28/03/2009 23:42:54 server iniciado 0.12.371
29/03/2009 01:22:20 server cerrado.
29/03/2009 09:41:54 server iniciado 0.12.371
29/03/2009 13:34:14 server cerrado.
29/03/2009 15:13:07 server iniciado 0.12.371
29/03/2009 16:58:16 server iniciado 0.12.371
29/03/2009 17:04:08 server cerrado.
05/04/2009 12:25:17 server iniciado 0.12.371
05/04/2009 12:57:19 server cerrado.
07/04/2009 16:32:52 server iniciado 0.12.371
07/04/2009 16:38:01 server cerrado.
07/04/2009 16:38:32 server iniciado 0.12.371
07/04/2009 16:42:31 server cerrado.
12/04/2009 20:57:53 server iniciado 0.12.371
12/04/2009 22:31:10 server cerrado.
01/05/2009 17:57:51 server iniciado 0.12.371
01/05/2009 18:14:26 server iniciado 0.12.371
01/05/2009 18:32:53 server cerrado.
02/05/2009 9:10:19 server iniciado 0.12.371
02/05/2009 11:24:59 server cerrado.
02/05/2009 16:32:07 server iniciado 0.12.371
02/05/2009 17:31:32 server cerrado.
02/05/2009 17:37:04 server iniciado 0.12.371
02/05/2009 17:49:28 server cerrado.
03/05/2009 9:40:43 server iniciado 0.12.371
03/05/2009 14:29:28 server cerrado.
03/05/2009 15:34:08 server iniciado 0.12.371
03/05/2009 17:30:18 server cerrado.
08/05/2009 23:21:02 server iniciado 0.12.371
09/05/2009 0:55:11 server cerrado.
09/05/2009 20:48:39 server iniciado 0.12.371
09/05/2009 23:03:24 server cerrado.
10/05/2009 8:44:41 server iniciado 0.12.371
10/05/2009 12:15:52 server iniciado 0.12.371
10/05/2009 12:45:41 server iniciado 0.12.371
10/05/2009 15:39:42 server iniciado 0.12.371
10/05/2009 16:17:24 server cerrado.
10/05/2009 16:59:14 server iniciado 0.12.371
10/05/2009 21:29:38 server cerrado.
22/05/2009 20:33:47 server iniciado 0.12.371
22/05/2009 21:53:58 server cerrado.
23/05/2009 14:43:36 server iniciado 0.12.371
23/05/2009 15:41:25 server cerrado.
23/05/2009 15:43:09 server iniciado 0.12.371
23/05/2009 15:43:12 server cerrado.
23/05/2009 15:44:43 server iniciado 0.12.371
23/05/2009 22:03:45 server iniciado 0.12.371
24/05/2009 0:11:59 server cerrado.
24/05/2009 19:33:35 server iniciado 0.12.371
25/05/2009 1:32:37 server cerrado.
25/05/2009 16:41:13 server iniciado 0.12.371
25/05/2009 16:54:02 server cerrado.
25/05/2009 22:29:58 server iniciado 0.12.371
25/05/2009 22:34:26 server cerrado.
21/06/2009 13:25:52 server iniciado 0.12.371
21/06/2009 15:35:25 server cerrado.
09/07/2009 17:07:26 server iniciado 0.12.371
09/07/2009 19:15:43 server cerrado.
09/07/2009 23:08:34 server iniciado 0.12.371
10/07/2009 1:11:51 server cerrado.
10/07/2009 10:04:04 server iniciado 0.12.371
10/07/2009 12:48:10 server cerrado.
10/07/2009 16:49:31 server iniciado 0.12.371
10/07/2009 18:28:57 server cerrado.
12/07/2009 12:46:04 server iniciado 0.12.371
12/07/2009 12:49:52 server cerrado.
12/07/2009 19:33:22 server iniciado 0.12.371
12/07/2009 21:05:12 server cerrado.
12/07/2009 22:27:46 server iniciado 0.12.371
13/07/2009 0:53:06 server cerrado.
14/07/2009 11:45:21 server iniciado 0.12.371
15/07/2009 0:05:22 server iniciado 0.12.371
15/07/2009 0:14:25 server cerrado.
15/07/2009 11:47:16 server iniciado 0.12.371
15/07/2009 13:38:52 server cerrado.
15/07/2009 13:40:51 server iniciado 0.12.371
15/07/2009 13:41:30 server cerrado.
18/07/2009 20:39:13 server iniciado 0.12.371
19/07/2009 0:12:25 server cerrado.
22/07/2009 10:48:02 server iniciado 0.12.371
22/07/2009 10:51:07 server cerrado.
22/07/2009 10:51:46 server iniciado 0.12.371
22/07/2009 10:57:32 server cerrado.
01/08/2009 23:51:30 server iniciado 0.12.371
02/08/2009 0:07:46 server cerrado.
02/08/2009 0:12:01 server iniciado 0.12.372
02/08/2009 0:14:40 server cerrado.
02/08/2009 0:15:14 server iniciado 0.12.373
02/08/2009 0:15:25 server cerrado.
02/08/2009 0:16:12 server iniciado 0.12.372
02/08/2009 0:18:05 server cerrado.
02/08/2009 0:19:32 server iniciado 0.12.373
02/08/2009 0:20:12 server cerrado.
02/08/2009 0:21:52 server iniciado 0.12.373
02/08/2009 0:22:07 server cerrado.
02/08/2009 0:22:57 server iniciado 0.12.373
02/08/2009 0:34:22 server cerrado.
02/08/2009 0:35:11 server iniciado 0.12.373
02/08/2009 0:47:17 server cerrado.
02/08/2009 0:50:30 server iniciado 0.12.373
02/08/2009 0:59:08 server cerrado.
02/08/2009 16:53:14 server iniciado 0.12.373
09/08/2009 17:58:35 server iniciado 0.12.373
10/08/2009 0:07:20 server cerrado.
14/08/2009 17:16:25 server iniciado 0.12.373
14/08/2009 17:47:17 server cerrado.
14/08/2009 17:47:59 server iniciado 0.12.373
14/08/2009 17:57:51 server cerrado.
18/08/2009 18:43:49 server iniciado 0.12.378
18/08/2009 18:45:25 server cerrado.
18/08/2009 18:45:59 server iniciado 0.12.379
18/08/2009 18:49:36 server cerrado.
28/08/2009 8:01:26 server iniciado 0.12.379
28/08/2009 8:12:24 server cerrado.
28/08/2009 11:20:52 server iniciado 0.12.379
28/08/2009 12:09:41 server cerrado.
28/08/2009 14:22:30 server iniciado 0.12.379
28/08/2009 14:58:18 server cerrado.
28/08/2009 16:30:13 server iniciado 0.12.379
28/08/2009 17:11:53 server cerrado.
30/08/2009 17:04:16 server iniciado 0.12.379
30/08/2009 17:31:59 server cerrado.
11/09/2009 17:03:36 server iniciado 0.12.379
11/09/2009 18:33:24 server cerrado.
11/09/2009 19:29:40 server iniciado 0.12.379
11/09/2009 19:56:11 server cerrado.
11/09/2009 19:56:30 server iniciado 0.12.380
11/09/2009 20:03:19 server cerrado.
11/09/2009 20:03:32 server iniciado 0.12.380
11/09/2009 20:31:27 server iniciado 0.12.380
11/09/2009 20:32:35 server iniciado 0.12.380
11/09/2009 20:39:54 server iniciado 0.12.381
11/09/2009 20:48:51 server cerrado.
11/09/2009 20:52:28 server iniciado 0.12.381
11/09/2009 20:55:29 server cerrado.
11/09/2009 20:58:03 server iniciado 0.12.381
11/09/2009 21:01:02 server cerrado.
11/09/2009 21:02:29 server iniciado 0.12.381
11/09/2009 22:04:15 server cerrado.
11/09/2009 22:04:59 server iniciado 0.12.381
11/09/2009 22:12:56 server cerrado.
11/09/2009 22:13:08 server iniciado 0.12.381
11/09/2009 22:16:39 server cerrado.
11/09/2009 22:26:10 server iniciado 0.12.381
11/09/2009 22:52:21 server cerrado.
12/09/2009 17:25:22 server iniciado 0.12.381
12/09/2009 17:29:08 server cerrado.
12/09/2009 17:29:47 server iniciado 0.12.382
12/09/2009 17:29:52 server cerrado.
12/09/2009 17:30:08 server iniciado 0.12.382
12/09/2009 17:32:03 server cerrado.
12/09/2009 17:32:22 server iniciado 0.12.383
12/09/2009 17:35:41 server cerrado.
12/09/2009 17:43:01 server iniciado 0.12.383
12/09/2009 17:45:49 server cerrado.
12/09/2009 17:46:06 server iniciado 0.12.382
12/09/2009 17:47:05 server cerrado.
12/09/2009 17:47:30 server iniciado 0.12.384
12/09/2009 17:50:41 server cerrado.
12/09/2009 17:51:28 server iniciado 0.12.384
12/09/2009 17:52:03 server cerrado.
12/09/2009 17:53:13 server iniciado 0.12.384
12/09/2009 17:54:44 server cerrado.
12/09/2009 17:55:10 server iniciado 0.12.384
12/09/2009 18:26:55 server iniciado 0.12.383
12/09/2009 18:27:17 server cerrado.
12/09/2009 21:22:02 server iniciado 0.12.384
12/09/2009 22:34:44 server cerrado.
13/09/2009 13:09:16 server iniciado 0.12.384
13/09/2009 13:29:04 server cerrado.
13/09/2009 18:33:47 server iniciado 0.12.385
13/09/2009 18:33:51 server cerrado.
13/09/2009 21:14:55 server iniciado 0.12.385
13/09/2009 21:17:10 server cerrado.
13/09/2009 21:17:24 server iniciado 0.12.385
13/09/2009 22:00:34 server cerrado.
15/09/2009 9:20:24 server iniciado 0.12.386
15/09/2009 9:25:32 server cerrado.
15/09/2009 9:42:51 server iniciado 0.12.386
16/09/2009 15:13:24 server iniciado 0.12.387
16/09/2009 15:19:52 server cerrado.
16/09/2009 15:21:02 server iniciado 0.12.387
16/09/2009 15:21:48 server cerrado.
16/09/2009 15:22:01 server iniciado 0.12.387
16/09/2009 15:38:37 server cerrado.
16/09/2009 15:44:35 server iniciado 0.12.387
16/09/2009 15:46:41 server cerrado.
16/09/2009 15:55:13 server iniciado 0.12.388
21/09/2009 10:40:22 server iniciado 0.12.389
21/09/2009 10:47:24 server cerrado.
21/09/2009 10:47:37 server iniciado 0.12.389
21/09/2009 11:17:59 server cerrado.
27/09/2009 15:26:34 server iniciado 0.12.389
27/09/2009 16:19:54 server cerrado.
30/09/2009 11:38:25 server iniciado 0.12.389
30/09/2009 13:00:17 server cerrado.
30/09/2009 16:33:25 server iniciado 0.12.389
30/09/2009 16:52:38 server cerrado.
30/09/2009 17:20:44 server iniciado 0.12.389
30/09/2009 17:52:40 server cerrado.
