04/01/2008 10:48:20 p.m. Se conecto con ip:5.32.20.93
04/01/2008 10:48:23 p.m. Transportó a NIKOTE hacia Mapa32 X:50 Y:48
04/01/2008 10:48:43 p.m. Transportó a NIKOTE hacia Mapa30 X:50 Y:50
04/01/2008 10:48:54 p.m. Transportó a NIKOTE hacia Mapa32 X:50 Y:50
04/01/2008 10:50:50 p.m. /INVISIBLE
04/01/2008 10:51:00 p.m. /INVISIBLE
04/01/2008 10:51:02 p.m. Agarro:1 Objeto:Piedra magica
04/01/2008 11:09:29 p.m. Se conecto con ip:5.32.20.93
04/01/2008 11:09:34 p.m. /IRA iluvatar Mapa:32 X:71 Y:61
04/01/2008 11:09:40 p.m. Agarro:1 Objeto:Barca
04/01/2008 11:09:57 p.m. Agarro:100 Objeto:Municion rara
04/01/2008 11:10:05 p.m. Agarro:1 Objeto:Cosa rara
04/01/2008 11:12:09 p.m. Transportó a NikoTe hacia Mapa32 X:66 Y:62
04/01/2008 11:12:15 p.m. Agarro:1 Objeto:Montura de prueba
04/01/2008 11:12:42 p.m. /MOD LEVEL 35  NikoTe
06/01/2008 11:19:00 p.m. Se conecto con ip:5.32.20.93
06/01/2008 11:19:48 p.m. Se conecto con ip:5.32.20.93
06/01/2008 11:21:57 p.m. Se conecto con ip:5.32.20.93
06/01/2008 11:23:03 p.m. Se conecto con ip:5.32.20.93
06/01/2008 11:24:18 p.m. Se conecto con ip:5.32.20.93
06/01/2008 11:26:45 p.m. Se conecto con ip:5.32.20.93
06/01/2008 11:26:53 p.m. /IRA kyos Mapa:32 X:49 Y:42
06/01/2008 11:31:01 p.m. Se conecto con ip:5.32.20.93
06/01/2008 11:31:38 p.m. Mensaje a Gms:EEEH! XD No me lo cambies xD
06/01/2008 11:32:30 p.m. Mensaje a Gms:voy pa arriba
06/01/2008 11:33:07 p.m. Mensaje a Gms:ENCONTRE FALTAN BLOKEOS. 32 41 33 y 32 37 33
06/01/2008 11:33:19 p.m. Mensaje a Gms:ahi anoto en tXT
06/01/2008 11:34:12 p.m. Mensaje a Gms:no es facil... Cierra el server y se desblokea... ;)
06/01/2008 11:37:30 p.m. Transportó a NikoTe hacia Mapa32 X:37 Y:19
06/01/2008 11:37:43 p.m. Mensaje a Gms:che cordobes, kerias ahorrar blokeos forro? xD.
06/01/2008 11:38:17 p.m. Mensaje a Gms:xD
06/01/2008 11:40:15 p.m. Mensaje a Gms:Zarpaste blokeos en la fuente del mapa 32 xD
06/01/2008 11:40:54 p.m. Transportó a NikoTe hacia Mapa32 X:50 Y:50
06/01/2008 11:41:11 p.m. Transportó a NikoTe hacia Mapa32 X:51 Y:76
06/01/2008 11:41:11 p.m. Transportó a NikoTe hacia Mapa32 X:51 Y:76
06/01/2008 11:41:11 p.m. Transportó a NikoTe hacia Mapa32 X:52 Y:70
06/01/2008 11:41:12 p.m. Transportó a NikoTe hacia Mapa32 X:51 Y:70
06/01/2008 11:41:12 p.m. Transportó a NikoTe hacia Mapa32 X:52 Y:64
06/01/2008 11:41:12 p.m. Transportó a NikoTe hacia Mapa32 X:50 Y:64
06/01/2008 11:41:12 p.m. Transportó a NikoTe hacia Mapa32 X:50 Y:64
06/01/2008 11:41:12 p.m. Transportó a NikoTe hacia Mapa32 X:49 Y:58
06/01/2008 11:41:13 p.m. Transportó a NikoTe hacia Mapa32 X:49 Y:52
06/01/2008 11:41:14 p.m. Transportó a NikoTe hacia Mapa32 X:50 Y:46
06/01/2008 11:41:15 p.m. Transportó a NikoTe hacia Mapa32 X:50 Y:40
06/01/2008 11:41:17 p.m. Transportó a NikoTe hacia Mapa32 X:50 Y:34
06/01/2008 11:41:17 p.m. Transportó a NikoTe hacia Mapa32 X:50 Y:28
06/01/2008 11:41:18 p.m. Transportó a NikoTe hacia Mapa32 X:50 Y:22
06/01/2008 11:41:19 p.m. Transportó a NikoTe hacia Mapa32 X:50 Y:16
06/01/2008 11:41:55 p.m. Mensaje a Gms:del 32 para arriba no sale
06/01/2008 11:42:14 p.m. Transportó a NikoTe hacia Mapa32 X:54 Y:19
06/01/2008 11:42:15 p.m. Transportó a NikoTe hacia Mapa32 X:61 Y:24
06/01/2008 11:42:16 p.m. Transportó a NikoTe hacia Mapa32 X:68 Y:29
06/01/2008 11:42:17 p.m. Transportó a NikoTe hacia Mapa32 X:74 Y:34
06/01/2008 11:42:40 p.m. Transportó a NikoTe hacia Mapa32 X:67 Y:76
06/01/2008 11:42:41 p.m. Transportó a NikoTe hacia Mapa32 X:63 Y:70
06/01/2008 11:42:42 p.m. Transportó a NikoTe hacia Mapa32 X:61 Y:64
06/01/2008 11:42:43 p.m. Transportó a NikoTe hacia Mapa32 X:61 Y:58
06/01/2008 11:42:44 p.m. Transportó a NikoTe hacia Mapa32 X:61 Y:52
06/01/2008 11:42:45 p.m. Transportó a NikoTe hacia Mapa32 X:61 Y:46
06/01/2008 11:42:45 p.m. Transportó a NikoTe hacia Mapa32 X:61 Y:40
06/01/2008 11:42:46 p.m. Transportó a NikoTe hacia Mapa32 X:61 Y:34
06/01/2008 11:42:47 p.m. Transportó a NikoTe hacia Mapa32 X:61 Y:28
06/01/2008 11:42:48 p.m. Transportó a NikoTe hacia Mapa32 X:64 Y:22
06/01/2008 11:42:49 p.m. Transportó a NikoTe hacia Mapa32 X:69 Y:16
06/01/2008 11:42:50 p.m. Transportó a NikoTe hacia Mapa32 X:74 Y:11
06/01/2008 11:42:57 p.m. Transportó a NikoTe hacia Mapa32 X:69 Y:8
06/01/2008 11:42:59 p.m. Transportó a NikoTe hacia Mapa32 X:62 Y:9
06/01/2008 11:42:59 p.m. Transportó a NikoTe hacia Mapa32 X:56 Y:12
06/01/2008 11:43:17 p.m. Transportó a NikoTe hacia Mapa32 X:51 Y:8
06/01/2008 11:43:27 p.m. /IRA iluvatar Mapa:51 X:78 Y:45
06/01/2008 11:43:43 p.m. /MOD HEAD 5  NikoTe
06/01/2008 11:43:48 p.m. /MOD BODY 39  NikoTe
06/01/2008 11:44:12 p.m. Mensaje de sistema:Soy re masculino
06/01/2008 11:44:22 p.m. /IRA demeter Mapa:60 X:53 Y:63
06/01/2008 11:44:34 p.m. /IRA demeter Mapa:60 X:53 Y:63
06/01/2008 11:44:42 p.m. /IRA kyos Mapa:51 X:78 Y:46
06/01/2008 11:44:49 p.m. Transportó a NikoTe hacia Mapa28 X:50 Y:50
06/01/2008 11:44:55 p.m. Transportó a NikoTe hacia Mapa28 X:47 Y:31
06/01/2008 11:44:56 p.m. Transportó a NikoTe hacia Mapa28 X:47 Y:25
06/01/2008 11:44:57 p.m. Transportó a NikoTe hacia Mapa28 X:47 Y:19
06/01/2008 11:44:58 p.m. Transportó a NikoTe hacia Mapa28 X:47 Y:13
06/01/2008 11:44:58 p.m. Transportó a NikoTe hacia Mapa28 X:47 Y:7
06/01/2008 11:45:23 p.m. Mensaje a Gms:los caminos del mapa 24 y 28 no coinciden
06/01/2008 11:45:47 p.m. Mensaje a Gms:si, igual voy anotando
06/01/2008 11:46:00 p.m. Mensaje a Gms:como qe los voy a arreglar yo xD
06/01/2008 11:46:31 p.m. Mensaje a Gms:Caminos del mapa 24 al 23 no coinciden
06/01/2008 11:46:47 p.m. Transportó a NikoTe hacia Mapa24 X:22 Y:46
06/01/2008 11:46:49 p.m. Transportó a NikoTe hacia Mapa24 X:33 Y:40
06/01/2008 11:46:50 p.m. Transportó a NikoTe hacia Mapa24 X:39 Y:34
06/01/2008 11:47:10 p.m. Transportó a NikoTe hacia Mapa24 X:48 Y:18
06/01/2008 11:47:10 p.m. Transportó a NikoTe hacia Mapa24 X:55 Y:23
06/01/2008 11:47:11 p.m. Transportó a NikoTe hacia Mapa24 X:62 Y:28
06/01/2008 11:47:12 p.m. Transportó a NikoTe hacia Mapa24 X:69 Y:34
06/01/2008 11:47:13 p.m. Transportó a NikoTe hacia Mapa24 X:74 Y:39
06/01/2008 11:47:39 p.m. Mensaje a Gms:Un BMW payador?, si y una pickup
06/01/2008 11:47:44 p.m. Transportó a NikoTe hacia Mapa24 X:25 Y:54
06/01/2008 11:47:49 p.m. /INVISIBLE
06/01/2008 11:47:54 p.m. Transportó a NikoTe hacia Mapa23 X:75 Y:51
06/01/2008 11:47:55 p.m. Transportó a NikoTe hacia Mapa23 X:68 Y:51
06/01/2008 11:47:56 p.m. Transportó a NikoTe hacia Mapa23 X:61 Y:51
06/01/2008 11:47:57 p.m. Transportó a NikoTe hacia Mapa23 X:54 Y:51
06/01/2008 11:47:58 p.m. Transportó a NikoTe hacia Mapa23 X:47 Y:51
06/01/2008 11:48:01 p.m. Transportó a NikoTe hacia Mapa23 X:47 Y:40
06/01/2008 11:48:02 p.m. Transportó a NikoTe hacia Mapa23 X:47 Y:34
06/01/2008 11:48:03 p.m. Transportó a NikoTe hacia Mapa23 X:47 Y:28
06/01/2008 11:48:04 p.m. Transportó a NikoTe hacia Mapa23 X:47 Y:22
06/01/2008 11:48:05 p.m. Transportó a NikoTe hacia Mapa23 X:47 Y:16
06/01/2008 11:48:06 p.m. Transportó a NikoTe hacia Mapa23 X:47 Y:10
06/01/2008 11:48:07 p.m. Transportó a NikoTe hacia Mapa15 X:47 Y:84
06/01/2008 11:48:22 p.m. Mensaje a Gms:la propaganda de jesus maria
06/01/2008 11:48:23 p.m. Transportó a NikoTe hacia Mapa23 X:47 Y:19
06/01/2008 11:48:24 p.m. Transportó a NikoTe hacia Mapa23 X:48 Y:25
06/01/2008 11:48:24 p.m. Transportó a NikoTe hacia Mapa23 X:48 Y:31
06/01/2008 11:48:25 p.m. Transportó a NikoTe hacia Mapa23 X:47 Y:37
06/01/2008 11:48:26 p.m. Transportó a NikoTe hacia Mapa23 X:46 Y:42
06/01/2008 11:48:26 p.m. Transportó a NikoTe hacia Mapa23 X:46 Y:43
06/01/2008 11:48:26 p.m. Transportó a NikoTe hacia Mapa23 X:45 Y:48
06/01/2008 11:48:26 p.m. Transportó a NikoTe hacia Mapa23 X:45 Y:54
06/01/2008 11:48:27 p.m. Transportó a NikoTe hacia Mapa23 X:45 Y:53
06/01/2008 11:48:27 p.m. Transportó a NikoTe hacia Mapa23 X:45 Y:58
06/01/2008 11:48:27 p.m. Transportó a NikoTe hacia Mapa23 X:45 Y:58
06/01/2008 11:48:28 p.m. Transportó a NikoTe hacia Mapa23 X:46 Y:63
06/01/2008 11:48:28 p.m. Transportó a NikoTe hacia Mapa23 X:46 Y:64
06/01/2008 11:48:28 p.m. Transportó a NikoTe hacia Mapa23 X:46 Y:64
06/01/2008 11:48:28 p.m. Transportó a NikoTe hacia Mapa23 X:46 Y:64
06/01/2008 11:48:28 p.m. Transportó a NikoTe hacia Mapa23 X:47 Y:70
06/01/2008 11:48:28 p.m. Transportó a NikoTe hacia Mapa23 X:47 Y:70
06/01/2008 11:48:46 p.m. Mensaje a Gms:gente me tengo qe ir
06/01/2008 11:48:49 p.m. Transportó a NikoTe hacia Mapa23 X:35 Y:77
06/01/2008 11:49:11 p.m. Mensaje a Gms:anote muchos bugs en 2 mapas
06/01/2008 11:49:17 p.m. Mensaje a Gms:Te cocino el server cordobe
06/01/2008 11:49:20 p.m. Mensaje a Gms:xD
06/01/2008 11:49:27 p.m. Mensaje a Gms:Mañana seguiremos
06/01/2008 11:49:31 p.m. Mensaje a Gms:Nos vemos
