04/01/2008 12:22:38 p.m. Se conecto con ip:5.61.4.92
04/01/2008 12:22:52 p.m. Transportó a Reiza hacia Mapa8 X:41 Y:53
04/01/2008 12:22:53 p.m. Transportó a Reiza hacia Mapa8 X:41 Y:59
04/01/2008 12:22:55 p.m. Transportó a Reiza hacia Mapa8 X:42 Y:65
04/01/2008 12:23:03 p.m. Transportó a Reiza hacia Mapa8 X:43 Y:70
04/01/2008 12:23:04 p.m. Transportó a Reiza hacia Mapa8 X:41 Y:74
04/01/2008 12:23:48 p.m. Transportó a Reiza hacia Mapa41 X:50 Y:40
04/01/2008 12:23:49 p.m. Transportó a Reiza hacia Mapa41 X:51 Y:42
04/01/2008 12:23:50 p.m. Transportó a Reiza hacia Mapa41 X:52 Y:48
04/01/2008 12:23:50 p.m. Transportó a Reiza hacia Mapa41 X:58 Y:54
04/01/2008 12:23:59 p.m. Transportó a Reiza hacia Mapa140 X:51 Y:68
04/01/2008 12:23:59 p.m. Transportó a Reiza hacia Mapa140 X:51 Y:62
04/01/2008 12:23:59 p.m. Transportó a Reiza hacia Mapa140 X:51 Y:62
04/01/2008 12:23:59 p.m. Transportó a Reiza hacia Mapa140 X:50 Y:57
04/01/2008 12:24:00 p.m. Transportó a Reiza hacia Mapa140 X:50 Y:57
04/01/2008 12:24:00 p.m. Transportó a Reiza hacia Mapa140 X:49 Y:52
04/01/2008 12:24:00 p.m. Transportó a Reiza hacia Mapa140 X:49 Y:52
04/01/2008 12:24:00 p.m. Transportó a Reiza hacia Mapa140 X:50 Y:47
04/01/2008 12:24:01 p.m. Transportó a Reiza hacia Mapa140 X:50 Y:42
04/01/2008 12:24:01 p.m. Transportó a Reiza hacia Mapa140 X:51 Y:37
04/01/2008 12:24:02 p.m. Transportó a Reiza hacia Mapa140 X:52 Y:32
04/01/2008 12:24:03 p.m. Transportó a Reiza hacia Mapa140 X:52 Y:27
04/01/2008 12:25:15 p.m. Transportó a Reiza hacia Mapa32 X:64 Y:48
04/01/2008 12:25:15 p.m. Transportó a Reiza hacia Mapa32 X:58 Y:44
04/01/2008 12:25:16 p.m. Transportó a Reiza hacia Mapa32 X:52 Y:40
04/01/2008 12:25:17 p.m. Transportó a Reiza hacia Mapa32 X:46 Y:34
04/01/2008 12:25:18 p.m. Transportó a Reiza hacia Mapa32 X:40 Y:28
04/01/2008 12:25:37 p.m. Agarro:1 Objeto:Piedra magica
04/01/2008 12:26:07 p.m. /MOD EXP 9999999  Reiza
04/01/2008 12:26:20 p.m. Agarro:1 Objeto:Piedra magica
04/01/2008 12:27:18 p.m. /MOD ORO 909999  Reiza
04/01/2008 12:27:30 p.m. Transportó a Reiza hacia Mapa32 X:54 Y:49
04/01/2008 12:27:31 p.m. Transportó a Reiza hacia Mapa32 X:47 Y:47
04/01/2008 12:27:33 p.m. Transportó a Reiza hacia Mapa32 X:42 Y:45
04/01/2008 12:27:37 p.m. Transportó a Reiza hacia Mapa32 X:42 Y:37
04/01/2008 12:27:38 p.m. Transportó a Reiza hacia Mapa32 X:41 Y:31
04/01/2008 12:27:45 p.m. Transportó a Reiza hacia Mapa32 X:42 Y:20
04/01/2008 12:27:48 p.m. Transportó a Reiza hacia Mapa32 X:49 Y:18
04/01/2008 12:28:02 p.m. Transportó a Reiza hacia Mapa32 X:50 Y:19
04/01/2008 12:28:03 p.m. Transportó a Reiza hacia Mapa32 X:56 Y:25
04/01/2008 12:28:04 p.m. Transportó a Reiza hacia Mapa32 X:62 Y:31
04/01/2008 12:28:07 p.m. Transportó a Reiza hacia Mapa32 X:71 Y:30
04/01/2008 12:28:09 p.m. Transportó a Reiza hacia Mapa32 X:84 Y:30
04/01/2008 12:28:10 p.m. Transportó a Reiza hacia Mapa32 X:79 Y:36
04/01/2008 12:28:10 p.m. Transportó a Reiza hacia Mapa32 X:79 Y:36
04/01/2008 12:28:11 p.m. Transportó a Reiza hacia Mapa32 X:74 Y:43
04/01/2008 12:28:11 p.m. Transportó a Reiza hacia Mapa32 X:69 Y:50
04/01/2008 12:28:12 p.m. Transportó a Reiza hacia Mapa32 X:64 Y:56
04/01/2008 12:28:13 p.m. Transportó a Reiza hacia Mapa32 X:58 Y:55
04/01/2008 12:28:13 p.m. Transportó a Reiza hacia Mapa32 X:57 Y:51
04/01/2008 12:28:17 p.m. /IRA iluvatar Mapa:32 X:58 Y:33
04/01/2008 12:28:28 p.m. /CI: 129
04/01/2008 12:28:29 p.m. Agarro:100 Objeto:Hacha de Guerra Dos Filos
04/01/2008 12:28:33 p.m. Agarro:1 Objeto:Túnica de Monje
04/01/2008 12:28:59 p.m. Agarro:1 Objeto:Piedra magica
04/01/2008 12:29:28 p.m. Agarro:1 Objeto:Piedra magica
04/01/2008 12:29:54 p.m. /CI: 665
04/01/2008 12:29:55 p.m. Agarro:100 Objeto:Arco de Cazador
04/01/2008 12:29:57 p.m. Tiro cantidad:100 Objeto:Arco de Cazador
04/01/2008 12:29:58 p.m. /DEST
04/01/2008 12:32:38 p.m. /CI: 131
04/01/2008 12:32:40 p.m. Agarro:100 Objeto:Casco de Hierro Completo
04/01/2008 12:32:53 p.m. /CI: 130
04/01/2008 12:32:54 p.m. Agarro:100 Objeto:Escudo de Plata
04/01/2008 12:34:04 p.m. /CI: 195
04/01/2008 12:34:05 p.m. Agarro:100 Objeto:Armadura de Placas Completa
04/01/2008 12:34:25 p.m. /CI: 481
04/01/2008 12:34:26 p.m. Agarro:100 Objeto:Armadura de Dragón
04/01/2008 12:34:30 p.m. /MOD CLASE dios  Reiza
04/01/2008 12:34:38 p.m. /MOD CLASE paladin  Reiza
04/01/2008 12:36:19 p.m. Transportó a Reiza hacia Mapa55 X:50 Y:50
04/01/2008 12:36:36 p.m. Transportó a Reiza hacia Mapa55 X:44 Y:16
04/01/2008 12:36:36 p.m. Transportó a Reiza hacia Mapa55 X:39 Y:20
04/01/2008 12:36:37 p.m. Transportó a Reiza hacia Mapa55 X:34 Y:23
04/01/2008 12:36:47 p.m. /SUM iluvatar Map:55 X:16 Y:23
04/01/2008 12:37:05 p.m. Transportó a Reiza hacia Mapa55 X:14 Y:29
04/01/2008 12:37:06 p.m. Transportó a Reiza hacia Mapa55 X:18 Y:35
04/01/2008 12:37:06 p.m. Transportó a Reiza hacia Mapa55 X:21 Y:41
04/01/2008 12:37:07 p.m. Transportó a Reiza hacia Mapa55 X:20 Y:41
04/01/2008 12:37:07 p.m. Transportó a Reiza hacia Mapa55 X:21 Y:47
04/01/2008 12:37:07 p.m. Transportó a Reiza hacia Mapa55 X:21 Y:53
04/01/2008 12:37:16 p.m. Transportó a Reiza hacia Mapa71 X:50 Y:50
04/01/2008 12:37:20 p.m. Transportó a Reiza hacia Mapa71 X:64 Y:50
04/01/2008 12:37:31 p.m. Transportó a Reiza hacia Mapa71 X:73 Y:37
04/01/2008 12:37:32 p.m. Transportó a Reiza hacia Mapa71 X:77 Y:30
04/01/2008 12:38:35 p.m. Transportó a Reiza hacia Mapa8 X:45 Y:23
04/01/2008 12:38:44 p.m. Transportó a Reiza hacia Mapa8 X:49 Y:10
04/01/2008 12:38:49 p.m. Transportó a Reiza hacia Mapa71 X:58 Y:53
04/01/2008 12:38:54 p.m. Transportó a Reiza hacia Mapa49 X:50 Y:50
04/01/2008 12:39:03 p.m. Transportó a Reiza hacia Mapa1 X:50 Y:50
04/01/2008 12:39:20 p.m. Transportó a Reiza hacia Mapa11 X:50 Y:50
04/01/2008 12:39:27 p.m. Transportó a Reiza hacia Mapa8 X:50 Y:50
04/01/2008 12:39:36 p.m. Transportó a Reiza hacia Mapa33 X:50 Y:50
04/01/2008 12:39:48 p.m. /IRA iluvatar Mapa:71 X:28 Y:63
04/01/2008 12:40:10 p.m. Transportó a Reiza hacia Mapa71 X:37 Y:73
04/01/2008 12:40:10 p.m. Transportó a Reiza hacia Mapa71 X:44 Y:68
04/01/2008 12:40:11 p.m. Transportó a Reiza hacia Mapa71 X:49 Y:63
04/01/2008 12:40:12 p.m. Transportó a Reiza hacia Mapa71 X:52 Y:57
04/01/2008 12:40:12 p.m. Transportó a Reiza hacia Mapa71 X:52 Y:51
04/01/2008 12:40:13 p.m. Transportó a Reiza hacia Mapa71 X:58 Y:48
04/01/2008 12:40:14 p.m. Transportó a Reiza hacia Mapa71 X:65 Y:45
04/01/2008 12:41:08 p.m. Transportó a Reiza hacia Mapa71 X:73 Y:43
04/01/2008 12:41:09 p.m. Transportó a Reiza hacia Mapa71 X:80 Y:42
04/01/2008 12:41:09 p.m. Transportó a Reiza hacia Mapa71 X:80 Y:42
04/01/2008 12:41:09 p.m. Transportó a Reiza hacia Mapa71 X:87 Y:41
04/01/2008 12:41:10 p.m. Transportó a Reiza hacia Mapa71 X:86 Y:36
04/01/2008 12:41:24 p.m. Transportó a Reiza hacia Mapa71 X:88 Y:40
04/01/2008 12:41:24 p.m. Transportó a Reiza hacia Mapa71 X:88 Y:45
04/01/2008 12:41:25 p.m. Transportó a Reiza hacia Mapa71 X:88 Y:52
04/01/2008 12:41:25 p.m. Transportó a Reiza hacia Mapa71 X:88 Y:59
04/01/2008 12:41:25 p.m. Transportó a Reiza hacia Mapa71 X:88 Y:59
04/01/2008 12:41:25 p.m. Transportó a Reiza hacia Mapa71 X:88 Y:66
04/01/2008 12:41:26 p.m. Transportó a Reiza hacia Mapa71 X:88 Y:73
04/01/2008 12:41:27 p.m. Transportó a Reiza hacia Mapa71 X:89 Y:67
04/01/2008 12:41:33 p.m. Transportó a Reiza hacia Mapa72 X:13 Y:63
04/01/2008 12:41:34 p.m. Transportó a Reiza hacia Mapa71 X:87 Y:56
04/01/2008 12:41:34 p.m. Transportó a Reiza hacia Mapa71 X:87 Y:56
04/01/2008 12:41:34 p.m. Transportó a Reiza hacia Mapa71 X:86 Y:50
04/01/2008 12:41:34 p.m. Transportó a Reiza hacia Mapa71 X:86 Y:50
04/01/2008 12:41:35 p.m. Transportó a Reiza hacia Mapa71 X:87 Y:57
04/01/2008 12:41:35 p.m. Transportó a Reiza hacia Mapa71 X:87 Y:63
04/01/2008 12:41:36 p.m. Transportó a Reiza hacia Mapa71 X:87 Y:69
04/01/2008 12:41:36 p.m. Transportó a Reiza hacia Mapa71 X:88 Y:72
04/01/2008 12:41:37 p.m. Transportó a Reiza hacia Mapa71 X:88 Y:33
04/01/2008 12:41:50 p.m. Transportó a Reiza hacia Mapa72 X:18 Y:32
04/01/2008 12:42:17 p.m. Transportó a Reiza hacia Mapa72 X:19 Y:32
04/01/2008 12:42:19 p.m. Transportó a Reiza hacia Mapa72 X:13 Y:35
04/01/2008 12:42:26 p.m. Transportó a Reiza hacia Mapa71 X:70 Y:32
04/01/2008 12:42:27 p.m. Transportó a Reiza hacia Mapa71 X:72 Y:29
04/01/2008 12:42:27 p.m. Transportó a Reiza hacia Mapa71 X:66 Y:23
04/01/2008 12:42:28 p.m. Transportó a Reiza hacia Mapa71 X:61 Y:17
04/01/2008 12:42:28 p.m. Transportó a Reiza hacia Mapa71 X:56 Y:11
04/01/2008 12:43:01 p.m. /IRA iluvatar Mapa:69 X:31 Y:73
04/01/2008 12:43:12 p.m. Transportó a Reiza hacia Mapa69 X:47 Y:74
04/01/2008 12:43:12 p.m. Transportó a Reiza hacia Mapa69 X:54 Y:73
04/01/2008 12:43:13 p.m. Transportó a Reiza hacia Mapa69 X:54 Y:73
04/01/2008 12:43:15 p.m. Transportó a Reiza hacia Mapa69 X:66 Y:72
04/01/2008 12:43:31 p.m. Transportó a Reiza hacia Mapa70 X:16 Y:75
04/01/2008 12:43:32 p.m. Transportó a Reiza hacia Mapa70 X:22 Y:79
04/01/2008 12:43:34 p.m. Transportó a Reiza hacia Mapa70 X:24 Y:86
04/01/2008 12:43:34 p.m. Transportó a Reiza hacia Mapa70 X:24 Y:87
04/01/2008 12:43:34 p.m. Transportó a Reiza hacia Mapa70 X:25 Y:91
04/01/2008 12:43:49 p.m. Transportó a Reiza hacia Mapa71 X:86 Y:29
04/01/2008 12:43:49 p.m. Transportó a Reiza hacia Mapa71 X:86 Y:28
04/01/2008 12:43:50 p.m. Transportó a Reiza hacia Mapa71 X:84 Y:22
04/01/2008 12:43:50 p.m. Transportó a Reiza hacia Mapa71 X:84 Y:22
04/01/2008 12:43:50 p.m. Transportó a Reiza hacia Mapa71 X:82 Y:16
04/01/2008 12:43:51 p.m. Transportó a Reiza hacia Mapa71 X:80 Y:11
04/01/2008 12:43:51 p.m. Transportó a Reiza hacia Mapa71 X:80 Y:11
04/01/2008 12:44:11 p.m. Transportó a Reiza hacia Mapa71 X:50 Y:50
04/01/2008 12:44:15 p.m. Transportó a Reiza hacia Mapa71 X:51 Y:47
04/01/2008 12:44:15 p.m. Transportó a Reiza hacia Mapa71 X:52 Y:46
04/01/2008 12:44:16 p.m. Transportó a Reiza hacia Mapa71 X:53 Y:41
04/01/2008 12:44:16 p.m. Transportó a Reiza hacia Mapa71 X:52 Y:41
04/01/2008 12:44:16 p.m. Transportó a Reiza hacia Mapa71 X:52 Y:36
04/01/2008 12:44:16 p.m. Transportó a Reiza hacia Mapa71 X:51 Y:31
04/01/2008 12:44:17 p.m. Transportó a Reiza hacia Mapa71 X:51 Y:26
04/01/2008 12:44:17 p.m. Transportó a Reiza hacia Mapa71 X:51 Y:21
04/01/2008 12:44:18 p.m. Transportó a Reiza hacia Mapa71 X:51 Y:21
04/01/2008 12:44:18 p.m. Transportó a Reiza hacia Mapa71 X:51 Y:17
04/01/2008 12:44:19 p.m. Transportó a Reiza hacia Mapa71 X:51 Y:12
04/01/2008 12:44:20 p.m. /SUM iluvatar Map:71 X:51 Y:12
04/01/2008 12:44:35 p.m. Transportó a Reiza hacia Mapa67 X:52 Y:81
04/01/2008 12:44:35 p.m. Transportó a Reiza hacia Mapa67 X:52 Y:76
04/01/2008 12:44:36 p.m. Transportó a Reiza hacia Mapa67 X:51 Y:75
04/01/2008 12:44:36 p.m. Transportó a Reiza hacia Mapa67 X:50 Y:70
04/01/2008 12:44:36 p.m. Transportó a Reiza hacia Mapa67 X:48 Y:69
04/01/2008 12:44:36 p.m. Transportó a Reiza hacia Mapa67 X:47 Y:64
04/01/2008 12:44:36 p.m. Transportó a Reiza hacia Mapa67 X:47 Y:64
04/01/2008 12:44:37 p.m. Transportó a Reiza hacia Mapa67 X:48 Y:59
04/01/2008 12:44:37 p.m. Transportó a Reiza hacia Mapa67 X:49 Y:59
04/01/2008 12:44:38 p.m. Transportó a Reiza hacia Mapa67 X:49 Y:53
04/01/2008 12:44:38 p.m. Transportó a Reiza hacia Mapa67 X:48 Y:53
04/01/2008 12:44:38 p.m. Transportó a Reiza hacia Mapa67 X:48 Y:47
04/01/2008 12:44:39 p.m. Transportó a Reiza hacia Mapa67 X:48 Y:41
04/01/2008 12:44:39 p.m. Transportó a Reiza hacia Mapa67 X:49 Y:41
04/01/2008 12:44:40 p.m. Transportó a Reiza hacia Mapa67 X:49 Y:35
04/01/2008 12:44:40 p.m. Transportó a Reiza hacia Mapa67 X:48 Y:29
04/01/2008 12:44:40 p.m. Transportó a Reiza hacia Mapa67 X:48 Y:29
04/01/2008 12:44:51 p.m. Transportó a Reiza hacia Mapa59 X:48 Y:73
04/01/2008 12:44:51 p.m. Transportó a Reiza hacia Mapa59 X:48 Y:72
04/01/2008 12:44:51 p.m. Transportó a Reiza hacia Mapa59 X:48 Y:67
04/01/2008 12:44:51 p.m. Transportó a Reiza hacia Mapa59 X:48 Y:66
04/01/2008 12:44:52 p.m. Transportó a Reiza hacia Mapa59 X:47 Y:60
04/01/2008 12:44:52 p.m. Transportó a Reiza hacia Mapa59 X:47 Y:54
04/01/2008 12:44:53 p.m. Transportó a Reiza hacia Mapa59 X:47 Y:54
04/01/2008 12:44:53 p.m. Transportó a Reiza hacia Mapa59 X:47 Y:48
04/01/2008 12:44:53 p.m. Transportó a Reiza hacia Mapa59 X:46 Y:48
04/01/2008 12:44:53 p.m. Transportó a Reiza hacia Mapa59 X:46 Y:42
04/01/2008 12:44:53 p.m. Transportó a Reiza hacia Mapa59 X:45 Y:42
04/01/2008 12:44:54 p.m. Transportó a Reiza hacia Mapa59 X:45 Y:36
04/01/2008 12:44:54 p.m. Transportó a Reiza hacia Mapa59 X:44 Y:36
04/01/2008 12:44:54 p.m. Transportó a Reiza hacia Mapa59 X:45 Y:30
04/01/2008 12:45:09 p.m. Transportó a Reiza hacia Mapa59 X:52 Y:15
04/01/2008 12:45:37 p.m. Transportó a Reiza hacia Mapa68 X:19 Y:15
04/01/2008 12:45:41 p.m. Transportó a Reiza hacia Mapa60 X:22 Y:80
04/01/2008 12:45:41 p.m. Transportó a Reiza hacia Mapa60 X:21 Y:80
04/01/2008 12:45:42 p.m. Transportó a Reiza hacia Mapa60 X:22 Y:74
04/01/2008 12:45:42 p.m. Transportó a Reiza hacia Mapa60 X:21 Y:74
04/01/2008 12:45:42 p.m. Transportó a Reiza hacia Mapa60 X:21 Y:68
04/01/2008 12:45:43 p.m. Transportó a Reiza hacia Mapa60 X:20 Y:68
04/01/2008 12:45:43 p.m. Transportó a Reiza hacia Mapa60 X:26 Y:62
04/01/2008 12:45:43 p.m. Transportó a Reiza hacia Mapa60 X:26 Y:62
04/01/2008 12:45:43 p.m. Transportó a Reiza hacia Mapa60 X:25 Y:62
04/01/2008 12:45:43 p.m. Transportó a Reiza hacia Mapa60 X:28 Y:56
04/01/2008 12:45:44 p.m. Transportó a Reiza hacia Mapa60 X:27 Y:56
04/01/2008 12:45:44 p.m. Transportó a Reiza hacia Mapa60 X:28 Y:50
04/01/2008 12:45:44 p.m. Transportó a Reiza hacia Mapa60 X:27 Y:50
04/01/2008 12:45:44 p.m. Transportó a Reiza hacia Mapa60 X:29 Y:44
04/01/2008 12:45:45 p.m. Transportó a Reiza hacia Mapa60 X:31 Y:38
04/01/2008 12:45:45 p.m. Transportó a Reiza hacia Mapa60 X:32 Y:38
04/01/2008 12:45:45 p.m. Transportó a Reiza hacia Mapa60 X:36 Y:32
04/01/2008 12:45:45 p.m. Transportó a Reiza hacia Mapa60 X:36 Y:32
04/01/2008 12:45:46 p.m. Transportó a Reiza hacia Mapa60 X:39 Y:26
04/01/2008 12:45:46 p.m. Transportó a Reiza hacia Mapa60 X:37 Y:26
04/01/2008 12:45:46 p.m. Transportó a Reiza hacia Mapa60 X:38 Y:20
04/01/2008 12:45:46 p.m. Transportó a Reiza hacia Mapa60 X:36 Y:20
04/01/2008 12:45:46 p.m. Transportó a Reiza hacia Mapa60 X:39 Y:14
04/01/2008 12:45:47 p.m. Transportó a Reiza hacia Mapa60 X:40 Y:14
04/01/2008 12:47:25 p.m. /IRA iluvatar Mapa:8 X:46 Y:90
04/01/2008 12:48:05 p.m. Mensaje a Gms:Te paso todos mis mapas y reeemplazalos, (no saques las ciudades)
