07/01/2008 02:52:32 p.m. Se conecto con ip:5.108.62.97
07/01/2008 02:53:46 p.m. Transportó a Satan hacia Mapa32 X:48 Y:62
07/01/2008 02:53:59 p.m. Transportó a Satan hacia Mapa32 X:45 Y:60
07/01/2008 02:54:01 p.m. Transportó a Satan hacia Mapa32 X:38 Y:66
07/01/2008 02:54:04 p.m. Transportó a Satan hacia Mapa32 X:38 Y:67
07/01/2008 02:54:06 p.m. Transportó a Satan hacia Mapa32 X:42 Y:66
07/01/2008 02:56:01 p.m. Transportó a Satan hacia Mapa32 X:44 Y:63
07/01/2008 02:56:02 p.m. Transportó a Satan hacia Mapa32 X:44 Y:66
07/01/2008 02:59:13 p.m. /MOD EXP 999999999  Satan
07/01/2008 02:59:20 p.m. /MOD EXP 99999999  Satan
07/01/2008 02:59:25 p.m. /MOD EXP 9999999  Satan
07/01/2008 02:59:28 p.m. /MOD EXP 9999999  Satan
07/01/2008 02:59:31 p.m. /MOD EXP 9999999  Satan
07/01/2008 02:59:32 p.m. /MOD EXP 9999999  Satan
07/01/2008 02:59:34 p.m. /MOD EXP 9999999  Satan
07/01/2008 02:59:36 p.m. /MOD EXP 9999999  Satan
07/01/2008 02:59:37 p.m. /MOD EXP 9999999  Satan
07/01/2008 02:59:39 p.m. /MOD EXP 9999999  Satan
07/01/2008 02:59:40 p.m. /MOD EXP 9999999  Satan
07/01/2008 02:59:41 p.m. /MOD EXP 9999999  Satan
07/01/2008 02:59:42 p.m. /MOD EXP 9999999  Satan
07/01/2008 02:59:44 p.m. /MOD EXP 9999999  Satan
07/01/2008 02:59:46 p.m. /MOD EXP 9999999  Satan
07/01/2008 02:59:47 p.m. /MOD EXP 9999999  Satan
07/01/2008 02:59:50 p.m. /MOD EXP 9999999  Satan
07/01/2008 02:59:52 p.m. /MOD EXP 9999999  Satan
07/01/2008 02:59:53 p.m. /MOD EXP 9999999  Satan
07/01/2008 02:59:54 p.m. /MOD EXP 9999999  Satan
07/01/2008 02:59:56 p.m. /MOD EXP 9999999  Satan
07/01/2008 02:59:58 p.m. /MOD EXP 9999999  Satan
07/01/2008 03:00:00 p.m. /MOD EXP 9999999  Satan
07/01/2008 03:00:01 p.m. /MOD EXP 9999999  Satan
07/01/2008 03:00:02 p.m. /MOD EXP 9999999  Satan
07/01/2008 03:00:04 p.m. /MOD EXP 9999999  Satan
07/01/2008 03:00:06 p.m. /MOD EXP 9999999  Satan
07/01/2008 03:00:09 p.m. /MOD EXP 9999999  Satan
07/01/2008 03:00:10 p.m. /MOD EXP 9999999  Satan
07/01/2008 03:00:12 p.m. /MOD EXP 9999999  Satan
07/01/2008 03:00:15 p.m. Agarro:1 Objeto:Piedra magica
07/01/2008 03:01:23 p.m. Agarro:1 Objeto:Túnica Antigua
07/01/2008 03:04:10 p.m. /MOD ORO 99999999  Satan
07/01/2008 03:04:25 p.m. /MOD ORO 9999999  Satan
07/01/2008 03:04:33 p.m. /MOD ORO 999999  Satan
07/01/2008 03:07:10 p.m. Sumoneo Oso Pardo
07/01/2008 03:07:15 p.m. Sumoneo Beholder
